Sun Mar 23 05:18:55 2025 v60: Creating new database, version 85
Sun Mar 23 05:18:55 2025 v65: Adding Reading,Abandoned columns to users table
Sun Mar 23 05:18:55 2025 v66: Creating subscribers table
Sun Mar 23 05:18:55 2025 v67: Adding Prefs to users table
Sun Mar 23 05:18:55 2025 v68: Adding Completed to wanted table
Sun Mar 23 05:18:55 2025 v72: Adding HaveEBooks and HaveAudioBooks to authors table
Sun Mar 23 05:18:55 2025 v73: Adding gr_id to series table
Sun Mar 23 05:18:55 2025 v74: Adding Theme to users table
Sun Mar 23 05:18:55 2025 v75: Adding ol_id to authors table
Sun Mar 23 05:18:55 2025 v76: Adding Label to wanted table
Sun Mar 23 05:18:55 2025 v77: Adding Genre to magazine/comic tables
Sun Mar 23 05:18:55 2025 v79: Adding Source to series table
Sun Mar 23 05:18:55 2025 v80: Creating unauthorised table
Sun Mar 23 05:18:55 2025 v81: Adding ol_id and gb_id to books table
Sun Mar 23 05:18:55 2025 v82: Adding reading tables
Sun Mar 23 05:18:56 2025 v83: Adding hc_id to author, books and users tables
Sun Mar 23 05:18:56 2025 v84: Updating reading tables
Sun Mar 23 05:18:56 2025 v85: Updating series,member,seriesauthors tables
Sun Mar 23 05:18:56 2025 Changed: 20
Sun Mar 23 05:18:56 2025: Cleaning Database
Sun Mar 23 05:18:56 2025: Database updated to version 85
Sun Mar 23 20:49:00 2025 v65: Adding Reading,Abandoned columns to users table
Sun Mar 23 20:49:00 2025 v73: Adding gr_id to series table
Sun Mar 23 20:49:00 2025 Changed: 2
