2025-03-23 05:18:54,229 DEBUG: Read config[LOGDIR]=/config/log [configtypes.py:151 (MAIN)]
2025-03-23 05:18:54,230 DEBUG: Read config[LOGSPECIALDEBUG]= [configtypes.py:151 (MAIN)]
2025-03-23 05:18:54,390 INFO: Apprise library (1.9.2) installed [startup.py:229 (MAIN)]
2025-03-23 05:18:55,795 INFO: Database is v0, integrity check: ok [startup.py:279 (MAIN)]
2025-03-23 05:18:55,805 INFO: Creating new database, version 85 [dbupgrade.py:198 (MAIN)]
2025-03-23 05:18:56,050 INFO: Config file /config/config.ini has been saved with 5 items [config2.py:364 (CONFIG2_WRITE)]
2025-03-23 05:18:56,904 INFO: Database check found 0 errors [dbupgrade.py:809 (MAIN)]
2025-03-23 05:18:56,958 INFO: Database updated to version 85 [dbupgrade.py:313 (MAIN)]
2025-03-23 05:18:58,478 INFO: Loaded genres from /app/lazylibrarian/example.genres.json [startup.py:422 (MAIN)]
2025-03-23 05:18:58,482 INFO: Loaded dicts from /app/lazylibrarian/example.dicts.json [startup.py:436 (MAIN)]
2025-03-23 05:18:59,199 INFO: Bookstrap found 16 themes [startup.py:373 (MAIN)]
2025-03-23 05:18:59,473 WARNING: Could not get difference status from git: {'message': '404 Ref Not Found'} [versioncheck.py:429 (MAIN)]
2025-03-23 05:18:59,481 INFO: Unknown version of lazylibrarian (40946f9e)
Run lazylibrarian with --update to identify your version [versioncheck.py:450 (MAIN)]
2025-03-23 05:18:59,514 INFO: Starting LazyLibrarian on port: 5299, webroot "" [LazyLibrarian.py:74 (MAIN)]
2025-03-23 05:18:59,514 INFO: Starting LazyLibrarian web server on http://0.0.0.0:5299 [webStart.py:78 (MAIN)]
2025-03-23 05:18:59,699 INFO: Scheduler started [base.py:214 (MAIN)]
2025-03-23 05:18:59,723 INFO: Added job "PostProcessor" to job store "default" [base.py:1090 (MAIN)]
2025-03-23 05:18:59,734 INFO: Added job "cron_search_wishlist" to job store "default" [base.py:1090 (MAIN)]
2025-03-23 05:18:59,736 INFO: Added job "check_for_updates" to job store "default" [base.py:1090 (MAIN)]
2025-03-23 05:18:59,740 INFO: Added job "clean_cache" to job store "default" [base.py:1090 (MAIN)]
2025-03-23 05:18:59,750 INFO: Added job "cron_dbbackup" to job store "default" [base.py:1090 (MAIN)]
2025-03-23 05:18:59,771 INFO: Added job "author_update" to job store "default" [base.py:1090 (MAIN)]
2025-03-23 05:18:59,796 INFO: Added job "series_update" to job store "default" [base.py:1090 (MAIN)]
2025-03-23 05:19:59,002 INFO: Running job "PostProcessor (trigger: interval[0:10:00], next run at: 2025-03-23 05:29:59 UTC)" (scheduled at 2025-03-23 05:19:59+00:00) [base.py:129 (ThreadPoolExecutor-0_0)]
2025-03-23 05:19:59,004 INFO: Running job "author_update (trigger: interval[24 days, 0:00:00], next run at: 2025-04-16 05:19:59 UTC)" (scheduled at 2025-03-23 05:19:59+00:00) [base.py:129 (ThreadPoolExecutor-0_1)]
2025-03-23 05:19:59,007 INFO: Running job "cron_dbbackup (trigger: interval[30 days, 0:00:00], next run at: 2025-04-22 05:19:59 UTC)" (scheduled at 2025-03-23 05:19:59+00:00) [base.py:129 (ThreadPoolExecutor-0_2)]
2025-03-23 05:19:59,010 INFO: Running job "clean_cache (trigger: interval[30 days, 0:00:00], next run at: 2025-04-22 05:19:59 UTC)" (scheduled at 2025-03-23 05:19:59+00:00) [base.py:129 (ThreadPoolExecutor-0_3)]
2025-03-23 05:19:59,020 INFO: Running job "cron_search_wishlist (trigger: interval[2:00:00], next run at: 2025-03-23 05:19:59 UTC)" (scheduled at 2025-03-23 05:19:59+00:00) [base.py:129 (ThreadPoolExecutor-0_4)]
2025-03-23 05:19:59,023 INFO: Running job "series_update (trigger: interval[24 days, 0:00:00], next run at: 2025-04-16 05:19:59 UTC)" (scheduled at 2025-03-23 05:19:59+00:00) [base.py:129 (ThreadPoolExecutor-0_5)]
2025-03-23 05:19:59,054 INFO: Job "author_update (trigger: interval[24 days, 0:00:00], next run at: 2025-04-16 05:19:59 UTC)" executed successfully [base.py:156 (ThreadPoolExecutor-0_1)]
2025-03-23 05:19:59,057 INFO: Removed job search_wishlist [base.py:728 (SEARCHWISHLIST)]
2025-03-23 05:19:59,085 INFO: Job "series_update (trigger: interval[24 days, 0:00:00], next run at: 2025-04-16 05:19:59 UTC)" executed successfully [base.py:156 (ThreadPoolExecutor-0_5)]
2025-03-23 05:19:59,085 INFO: Job "cron_search_wishlist (trigger: interval[2:00:00], next run at: 2025-03-23 07:19:59 UTC)" executed successfully [base.py:156 (WEBSERVER)]
2025-03-23 05:19:59,086 INFO: Job "clean_cache (trigger: interval[30 days, 0:00:00], next run at: 2025-04-22 05:19:59 UTC)" executed successfully [base.py:156 (ThreadPoolExecutor-0_3)]
2025-03-23 05:19:59,087 INFO: 0 downloads processed. [postprocess.py:1603 (POSTPROCESS)]
2025-03-23 05:19:59,091 INFO: Found 0 unprocessed [postprocess.py:1608 (POSTPROCESS)]
2025-03-23 05:19:59,092 INFO: Nothing marked as snatched or seeding. Stopping postprocessor. [postprocess.py:1735 (POSTPROCESS)]
2025-03-23 05:19:59,093 INFO: Removed job PostProcessor [base.py:728 (POSTPROCESS)]
2025-03-23 05:19:59,093 INFO: Job "cron_dbbackup (trigger: interval[30 days, 0:00:00], next run at: 2025-04-22 05:19:59 UTC)" executed successfully [base.py:156 (ThreadPoolExecutor-0_2)]
2025-03-23 05:19:59,104 INFO: Job "PostProcessor (trigger: interval[0:10:00], next run at: 2025-03-23 05:29:59 UTC)" executed successfully [base.py:156 (ThreadPoolExecutor-0_0)]
2025-03-23 20:48:59,301 DEBUG: Read config[LOGDIR]=/config/log [configtypes.py:151 (MAIN)]
2025-03-23 20:48:59,321 DEBUG: Read config[LOGSPECIALDEBUG]= [configtypes.py:151 (MAIN)]
2025-03-23 20:48:59,684 INFO: Apprise library (1.9.2) installed [startup.py:229 (MAIN)]
2025-03-23 20:49:00,214 INFO: Database is v85, integrity check: ok [startup.py:279 (MAIN)]
2025-03-23 20:49:00,437 INFO: Database check found 0 errors [dbupgrade.py:809 (MAIN)]
2025-03-23 20:49:02,577 INFO: Loaded genres from /app/lazylibrarian/example.genres.json [startup.py:422 (MAIN)]
2025-03-23 20:49:02,590 INFO: Loaded dicts from /app/lazylibrarian/example.dicts.json [startup.py:436 (MAIN)]
2025-03-23 20:49:03,572 INFO: Bookstrap found 16 themes [startup.py:373 (MAIN)]
2025-03-23 20:49:03,796 WARNING: Could not get difference status from git: {'message': '404 Ref Not Found'} [versioncheck.py:429 (MAIN)]
2025-03-23 20:49:03,799 INFO: Unknown version of lazylibrarian (40946f9e)
Run lazylibrarian with --update to identify your version [versioncheck.py:450 (MAIN)]
2025-03-23 20:49:03,844 INFO: Starting LazyLibrarian on port: 5299, webroot "" [LazyLibrarian.py:74 (MAIN)]
2025-03-23 20:49:03,845 INFO: Starting LazyLibrarian web server on http://0.0.0.0:5299 [webStart.py:78 (MAIN)]
2025-03-23 20:49:04,292 INFO: Scheduler started [base.py:214 (MAIN)]
2025-03-23 20:49:04,344 INFO: Added job "PostProcessor" to job store "default" [base.py:1090 (MAIN)]
2025-03-23 20:49:04,363 INFO: Added job "cron_search_wishlist" to job store "default" [base.py:1090 (MAIN)]
2025-03-23 20:49:04,390 INFO: Added job "check_for_updates" to job store "default" [base.py:1090 (MAIN)]
2025-03-23 20:49:04,405 INFO: Added job "clean_cache" to job store "default" [base.py:1090 (MAIN)]
2025-03-23 20:49:04,417 INFO: Added job "cron_dbbackup" to job store "default" [base.py:1090 (MAIN)]
2025-03-23 20:49:04,442 INFO: Added job "author_update" to job store "default" [base.py:1090 (MAIN)]
2025-03-23 20:49:04,463 INFO: Added job "series_update" to job store "default" [base.py:1090 (MAIN)]
2025-03-23 20:50:04,000 INFO: Running job "PostProcessor (trigger: interval[0:10:00], next run at: 2025-03-23 21:00:04 UTC)" (scheduled at 2025-03-23 20:50:04+00:00) [base.py:129 (ThreadPoolExecutor-0_0)]
2025-03-23 20:50:04,014 INFO: Running job "cron_search_wishlist (trigger: interval[2:00:00], next run at: 2025-03-23 22:50:04 UTC)" (scheduled at 2025-03-23 20:50:04+00:00) [base.py:129 (ThreadPoolExecutor-0_1)]
2025-03-23 20:50:04,089 INFO: Removed job search_wishlist [base.py:728 (SEARCHWISHLIST)]
2025-03-23 20:50:04,093 INFO: Job "cron_search_wishlist (trigger: interval[2:00:00], next run at: 2025-03-23 22:50:04 UTC)" executed successfully [base.py:156 (WEBSERVER)]
2025-03-23 20:50:04,149 INFO: 0 downloads processed. [postprocess.py:1603 (POSTPROCESS)]
2025-03-23 20:50:04,153 INFO: Found 0 unprocessed [postprocess.py:1608 (POSTPROCESS)]
2025-03-23 20:50:04,155 INFO: Nothing marked as snatched or seeding. Stopping postprocessor. [postprocess.py:1735 (POSTPROCESS)]
2025-03-23 20:50:04,155 INFO: Removed job PostProcessor [base.py:728 (POSTPROCESS)]
2025-03-23 20:50:04,249 INFO: Job "PostProcessor (trigger: interval[0:10:00], next run at: 2025-03-23 21:00:04 UTC)" executed successfully [base.py:156 (ThreadPoolExecutor-0_0)]
2025-03-25 02:50:10,931 DEBUG: Read config[LOGDIR]=/config/log [configtypes.py:151 (MAIN)]
2025-03-25 02:50:10,957 DEBUG: Read config[LOGSPECIALDEBUG]= [configtypes.py:151 (MAIN)]
2025-03-25 02:50:12,178 INFO: Apprise library (1.9.2) installed [startup.py:229 (MAIN)]
2025-03-25 02:50:13,372 INFO: Database is v85, integrity check: ok [startup.py:279 (MAIN)]
2025-03-25 02:50:13,418 INFO: Database check found 0 errors [dbupgrade.py:809 (MAIN)]
2025-03-25 02:50:15,952 INFO: Loaded genres from /app/lazylibrarian/example.genres.json [startup.py:422 (MAIN)]
2025-03-25 02:50:15,957 INFO: Loaded dicts from /app/lazylibrarian/example.dicts.json [startup.py:436 (MAIN)]
2025-03-25 02:50:16,960 INFO: Bookstrap found 16 themes [startup.py:373 (MAIN)]
2025-03-25 02:50:17,392 WARNING: Could not get difference status from git: {'message': '404 Ref Not Found'} [versioncheck.py:429 (MAIN)]
2025-03-25 02:50:17,406 INFO: Unknown version of lazylibrarian (40946f9e)
Run lazylibrarian with --update to identify your version [versioncheck.py:450 (MAIN)]
2025-03-25 02:50:17,660 INFO: Starting LazyLibrarian on port: 5299, webroot "" [LazyLibrarian.py:74 (MAIN)]
2025-03-25 02:50:17,661 INFO: Starting LazyLibrarian web server on http://0.0.0.0:5299 [webStart.py:78 (MAIN)]
2025-03-25 02:50:18,340 INFO: Scheduler started [base.py:214 (MAIN)]
2025-03-25 02:50:18,440 INFO: Added job "PostProcessor" to job store "default" [base.py:1090 (MAIN)]
2025-03-25 02:50:18,481 INFO: Added job "cron_search_wishlist" to job store "default" [base.py:1090 (MAIN)]
2025-03-25 02:50:18,508 INFO: Added job "check_for_updates" to job store "default" [base.py:1090 (MAIN)]
2025-03-25 02:50:18,559 INFO: Added job "clean_cache" to job store "default" [base.py:1090 (MAIN)]
2025-03-25 02:50:18,617 INFO: Added job "cron_dbbackup" to job store "default" [base.py:1090 (MAIN)]
2025-03-25 02:50:18,685 INFO: Added job "author_update" to job store "default" [base.py:1090 (MAIN)]
2025-03-25 02:50:18,730 INFO: Added job "series_update" to job store "default" [base.py:1090 (MAIN)]
2025-03-25 02:51:18,000 INFO: Running job "PostProcessor (trigger: interval[0:10:00], next run at: 2025-03-25 03:01:18 UTC)" (scheduled at 2025-03-25 02:51:18+00:00) [base.py:129 (ThreadPoolExecutor-0_0)]
2025-03-25 02:51:18,001 INFO: Running job "cron_search_wishlist (trigger: interval[2:00:00], next run at: 2025-03-25 04:51:18 UTC)" (scheduled at 2025-03-25 02:51:18+00:00) [base.py:129 (ThreadPoolExecutor-0_1)]
2025-03-25 02:51:18,008 INFO: Removed job search_wishlist [base.py:728 (SEARCHWISHLIST)]
2025-03-25 02:51:18,011 INFO: Job "cron_search_wishlist (trigger: interval[2:00:00], next run at: 2025-03-25 04:51:18 UTC)" executed successfully [base.py:156 (WEBSERVER)]
2025-03-25 02:51:18,437 INFO: 0 downloads processed. [postprocess.py:1603 (POSTPROCESS)]
2025-03-25 02:51:18,438 INFO: Found 0 unprocessed [postprocess.py:1608 (POSTPROCESS)]
2025-03-25 02:51:18,440 INFO: Nothing marked as snatched or seeding. Stopping postprocessor. [postprocess.py:1735 (POSTPROCESS)]
2025-03-25 02:51:18,440 INFO: Removed job PostProcessor [base.py:728 (POSTPROCESS)]
2025-03-25 02:51:18,450 INFO: Job "PostProcessor (trigger: interval[0:10:00], next run at: 2025-03-25 03:01:18 UTC)" executed successfully [base.py:156 (ThreadPoolExecutor-0_0)]
2025-03-25 05:46:41,947 DEBUG: Read config[LOGDIR]=/config/log [configtypes.py:151 (MAIN)]
2025-03-25 05:46:41,961 DEBUG: Read config[LOGSPECIALDEBUG]= [configtypes.py:151 (MAIN)]
2025-03-25 05:46:42,355 INFO: Apprise library (1.9.2) installed [startup.py:229 (MAIN)]
2025-03-25 05:46:42,647 INFO: Database is v85, integrity check: ok [startup.py:279 (MAIN)]
2025-03-25 05:46:42,733 INFO: Database check found 0 errors [dbupgrade.py:809 (MAIN)]
2025-03-25 05:46:45,545 INFO: Loaded genres from /app/lazylibrarian/example.genres.json [startup.py:422 (MAIN)]
2025-03-25 05:46:45,556 INFO: Loaded dicts from /app/lazylibrarian/example.dicts.json [startup.py:436 (MAIN)]
2025-03-25 05:46:46,424 INFO: Bookstrap found 16 themes [startup.py:373 (MAIN)]
2025-03-25 05:46:46,816 WARNING: Could not get difference status from git: {'message': '404 Ref Not Found'} [versioncheck.py:429 (MAIN)]
2025-03-25 05:46:46,820 INFO: Unknown version of lazylibrarian (40946f9e)
Run lazylibrarian with --update to identify your version [versioncheck.py:450 (MAIN)]
2025-03-25 05:46:46,863 INFO: Starting LazyLibrarian on port: 5299, webroot "" [LazyLibrarian.py:74 (MAIN)]
2025-03-25 05:46:46,865 INFO: Starting LazyLibrarian web server on http://0.0.0.0:5299 [webStart.py:78 (MAIN)]
2025-03-25 05:46:47,145 INFO: Scheduler started [base.py:214 (MAIN)]
2025-03-25 05:46:47,266 INFO: Added job "PostProcessor" to job store "default" [base.py:1090 (MAIN)]
2025-03-25 05:46:47,293 INFO: Added job "cron_search_wishlist" to job store "default" [base.py:1090 (MAIN)]
2025-03-25 05:46:47,347 INFO: Added job "check_for_updates" to job store "default" [base.py:1090 (MAIN)]
2025-03-25 05:46:47,407 INFO: Added job "clean_cache" to job store "default" [base.py:1090 (MAIN)]
2025-03-25 05:46:47,430 INFO: Added job "cron_dbbackup" to job store "default" [base.py:1090 (MAIN)]
2025-03-25 05:46:47,464 INFO: Added job "author_update" to job store "default" [base.py:1090 (MAIN)]
2025-03-25 05:46:47,525 INFO: Added job "series_update" to job store "default" [base.py:1090 (MAIN)]
2025-03-25 05:47:47,000 INFO: Running job "PostProcessor (trigger: interval[0:10:00], next run at: 2025-03-25 05:57:47 UTC)" (scheduled at 2025-03-25 05:47:47+00:00) [base.py:129 (ThreadPoolExecutor-0_0)]
2025-03-25 05:47:47,214 INFO: Running job "cron_search_wishlist (trigger: interval[2:00:00], next run at: 2025-03-25 07:47:47 UTC)" (scheduled at 2025-03-25 05:47:47+00:00) [base.py:129 (ThreadPoolExecutor-0_1)]
2025-03-25 05:47:47,274 INFO: Removed job search_wishlist [base.py:728 (SEARCHWISHLIST)]
2025-03-25 05:47:47,280 INFO: Job "cron_search_wishlist (trigger: interval[2:00:00], next run at: 2025-03-25 07:47:47 UTC)" executed successfully [base.py:156 (WEBSERVER)]
2025-03-25 05:47:47,449 INFO: 0 downloads processed. [postprocess.py:1603 (POSTPROCESS)]
2025-03-25 05:47:47,449 INFO: Found 0 unprocessed [postprocess.py:1608 (POSTPROCESS)]
2025-03-25 05:47:47,450 INFO: Nothing marked as snatched or seeding. Stopping postprocessor. [postprocess.py:1735 (POSTPROCESS)]
2025-03-25 05:47:47,451 INFO: Removed job PostProcessor [base.py:728 (POSTPROCESS)]
2025-03-25 05:47:47,545 INFO: Job "PostProcessor (trigger: interval[0:10:00], next run at: 2025-03-25 05:57:47 UTC)" executed successfully [base.py:156 (ThreadPoolExecutor-0_0)]
2025-03-27 01:23:52,148 DEBUG: Read config[LOGDIR]=/config/log [configtypes.py:151 (MAIN)]
2025-03-27 01:23:52,808 DEBUG: Read config[LOGSPECIALDEBUG]= [configtypes.py:151 (MAIN)]
2025-03-27 01:23:54,154 INFO: Apprise library (1.9.2) installed [startup.py:229 (MAIN)]
2025-03-27 01:23:54,512 INFO: Database is v85, integrity check: ok [startup.py:279 (MAIN)]
2025-03-27 01:23:54,584 INFO: Database check found 0 errors [dbupgrade.py:809 (MAIN)]
2025-03-27 01:23:57,101 INFO: Loaded genres from /app/lazylibrarian/example.genres.json [startup.py:422 (MAIN)]
2025-03-27 01:23:57,107 INFO: Loaded dicts from /app/lazylibrarian/example.dicts.json [startup.py:436 (MAIN)]
2025-03-27 01:23:58,619 INFO: Bookstrap found 16 themes [startup.py:373 (MAIN)]
2025-03-27 01:23:59,014 WARNING: Could not get difference status from git: {'message': '404 Ref Not Found'} [versioncheck.py:429 (MAIN)]
2025-03-27 01:23:59,017 INFO: Unknown version of lazylibrarian (40946f9e)
Run lazylibrarian with --update to identify your version [versioncheck.py:450 (MAIN)]
2025-03-27 01:23:59,072 INFO: Starting LazyLibrarian on port: 5299, webroot "" [LazyLibrarian.py:74 (MAIN)]
2025-03-27 01:23:59,084 INFO: Starting LazyLibrarian web server on http://0.0.0.0:5299 [webStart.py:78 (MAIN)]
2025-03-27 01:23:59,900 INFO: Scheduler started [base.py:214 (MAIN)]
2025-03-27 01:24:00,553 INFO: Added job "PostProcessor" to job store "default" [base.py:1090 (MAIN)]
2025-03-27 01:24:00,633 INFO: Added job "cron_search_wishlist" to job store "default" [base.py:1090 (MAIN)]
2025-03-27 01:24:00,663 INFO: Added job "check_for_updates" to job store "default" [base.py:1090 (MAIN)]
2025-03-27 01:24:00,692 INFO: Added job "clean_cache" to job store "default" [base.py:1090 (MAIN)]
2025-03-27 01:24:00,744 INFO: Added job "cron_dbbackup" to job store "default" [base.py:1090 (MAIN)]
2025-03-27 01:24:01,197 INFO: Added job "author_update" to job store "default" [base.py:1090 (MAIN)]
2025-03-27 01:24:01,295 INFO: Added job "series_update" to job store "default" [base.py:1090 (MAIN)]
2025-03-27 01:24:59,000 INFO: Running job "PostProcessor (trigger: interval[0:10:00], next run at: 2025-03-27 01:34:59 UTC)" (scheduled at 2025-03-27 01:24:59+00:00) [base.py:129 (ThreadPoolExecutor-0_0)]
2025-03-27 01:24:59,050 INFO: 0 downloads processed. [postprocess.py:1603 (POSTPROCESS)]
2025-03-27 01:24:59,051 INFO: Found 0 unprocessed [postprocess.py:1608 (POSTPROCESS)]
2025-03-27 01:24:59,052 INFO: Nothing marked as snatched or seeding. Stopping postprocessor. [postprocess.py:1735 (POSTPROCESS)]
2025-03-27 01:24:59,056 INFO: Removed job PostProcessor [base.py:728 (POSTPROCESS)]
2025-03-27 01:24:59,102 INFO: Job "PostProcessor (trigger: interval[0:10:00], next run at: 2025-03-27 01:34:59 UTC)" executed successfully [base.py:156 (ThreadPoolExecutor-0_0)]
2025-03-27 01:25:00,001 INFO: Running job "cron_search_wishlist (trigger: interval[2:00:00], next run at: 2025-03-27 03:25:00 UTC)" (scheduled at 2025-03-27 01:25:00+00:00) [base.py:129 (ThreadPoolExecutor-0_0)]
2025-03-27 01:25:00,050 INFO: Removed job search_wishlist [base.py:728 (SEARCHWISHLIST)]
2025-03-27 01:25:00,053 INFO: Job "cron_search_wishlist (trigger: interval[2:00:00], next run at: 2025-03-27 03:25:00 UTC)" executed successfully [base.py:156 (WEBSERVER)]
2025-03-27 23:43:23,160 DEBUG: Read config[LOGDIR]=/config/log [configtypes.py:151 (MAIN)]
2025-03-27 23:43:23,293 DEBUG: Read config[LOGSPECIALDEBUG]= [configtypes.py:151 (MAIN)]
2025-03-27 23:43:23,570 INFO: Apprise library (1.9.2) installed [startup.py:229 (MAIN)]
2025-03-27 23:43:23,861 INFO: Database is v85, integrity check: ok [startup.py:279 (MAIN)]
2025-03-27 23:43:23,892 INFO: Database check found 0 errors [dbupgrade.py:809 (MAIN)]
2025-03-27 23:43:25,166 INFO: Loaded genres from /app/lazylibrarian/example.genres.json [startup.py:422 (MAIN)]
2025-03-27 23:43:25,177 INFO: Loaded dicts from /app/lazylibrarian/example.dicts.json [startup.py:436 (MAIN)]
2025-03-27 23:43:26,009 INFO: Bookstrap found 16 themes [startup.py:373 (MAIN)]
2025-03-27 23:43:26,474 WARNING: Could not get difference status from git: {'message': '404 Ref Not Found'} [versioncheck.py:429 (MAIN)]
2025-03-27 23:43:26,474 INFO: Unknown version of lazylibrarian (40946f9e)
Run lazylibrarian with --update to identify your version [versioncheck.py:450 (MAIN)]
2025-03-27 23:43:26,633 INFO: Starting LazyLibrarian on port: 5299, webroot "" [LazyLibrarian.py:74 (MAIN)]
2025-03-27 23:43:26,634 INFO: Starting LazyLibrarian web server on http://0.0.0.0:5299 [webStart.py:78 (MAIN)]
2025-03-27 23:43:26,930 INFO: Scheduler started [base.py:214 (MAIN)]
2025-03-27 23:43:27,021 INFO: Added job "PostProcessor" to job store "default" [base.py:1090 (MAIN)]
2025-03-27 23:43:27,035 INFO: Added job "cron_search_wishlist" to job store "default" [base.py:1090 (MAIN)]
2025-03-27 23:43:27,046 INFO: Added job "check_for_updates" to job store "default" [base.py:1090 (MAIN)]
2025-03-27 23:43:27,084 INFO: Added job "clean_cache" to job store "default" [base.py:1090 (MAIN)]
2025-03-27 23:43:27,152 INFO: Added job "cron_dbbackup" to job store "default" [base.py:1090 (MAIN)]
2025-03-27 23:43:27,209 INFO: Added job "author_update" to job store "default" [base.py:1090 (MAIN)]
2025-03-27 23:43:27,227 INFO: Added job "series_update" to job store "default" [base.py:1090 (MAIN)]
2025-03-27 23:44:26,000 INFO: Running job "PostProcessor (trigger: interval[0:10:00], next run at: 2025-03-27 23:54:26 UTC)" (scheduled at 2025-03-27 23:44:26+00:00) [base.py:129 (ThreadPoolExecutor-0_0)]
2025-03-27 23:44:26,241 INFO: 0 downloads processed. [postprocess.py:1603 (POSTPROCESS)]
2025-03-27 23:44:26,244 INFO: Found 0 unprocessed [postprocess.py:1608 (POSTPROCESS)]
2025-03-27 23:44:26,246 INFO: Nothing marked as snatched or seeding. Stopping postprocessor. [postprocess.py:1735 (POSTPROCESS)]
2025-03-27 23:44:26,247 INFO: Removed job PostProcessor [base.py:728 (POSTPROCESS)]
2025-03-27 23:44:26,271 INFO: Job "PostProcessor (trigger: interval[0:10:00], next run at: 2025-03-27 23:54:26 UTC)" executed successfully [base.py:156 (ThreadPoolExecutor-0_0)]
2025-03-27 23:44:27,000 INFO: Running job "cron_search_wishlist (trigger: interval[2:00:00], next run at: 2025-03-28 01:44:27 UTC)" (scheduled at 2025-03-27 23:44:27+00:00) [base.py:129 (ThreadPoolExecutor-0_0)]
2025-03-27 23:44:27,017 INFO: Removed job search_wishlist [base.py:728 (SEARCHWISHLIST)]
2025-03-27 23:44:27,028 INFO: Job "cron_search_wishlist (trigger: interval[2:00:00], next run at: 2025-03-28 01:44:27 UTC)" executed successfully [base.py:156 (WEBSERVER)]
2025-03-28 06:48:07,788 DEBUG: Read config[LOGDIR]=/config/log [configtypes.py:151 (MAIN)]
2025-03-28 06:48:07,931 DEBUG: Read config[LOGSPECIALDEBUG]= [configtypes.py:151 (MAIN)]
2025-03-28 06:48:08,279 INFO: Apprise library (1.9.2) installed [startup.py:229 (MAIN)]
2025-03-28 06:48:08,541 INFO: Database is v85, integrity check: ok [startup.py:279 (MAIN)]
2025-03-28 06:48:08,600 INFO: Database check found 0 errors [dbupgrade.py:809 (MAIN)]
2025-03-28 06:48:10,516 INFO: Loaded genres from /app/lazylibrarian/example.genres.json [startup.py:422 (MAIN)]
2025-03-28 06:48:10,539 INFO: Loaded dicts from /app/lazylibrarian/example.dicts.json [startup.py:436 (MAIN)]
2025-03-28 06:48:11,514 INFO: Bookstrap found 16 themes [startup.py:373 (MAIN)]
2025-03-28 06:48:11,974 WARNING: Could not get difference status from git: {'message': '404 Ref Not Found'} [versioncheck.py:429 (MAIN)]
2025-03-28 06:48:11,974 INFO: Unknown version of lazylibrarian (40946f9e)
Run lazylibrarian with --update to identify your version [versioncheck.py:450 (MAIN)]
2025-03-28 06:48:12,015 INFO: Starting LazyLibrarian on port: 5299, webroot "" [LazyLibrarian.py:74 (MAIN)]
2025-03-28 06:48:12,015 INFO: Starting LazyLibrarian web server on http://0.0.0.0:5299 [webStart.py:78 (MAIN)]
2025-03-28 06:48:12,495 INFO: Scheduler started [base.py:214 (MAIN)]
2025-03-28 06:48:13,091 INFO: Added job "PostProcessor" to job store "default" [base.py:1090 (MAIN)]
2025-03-28 06:48:13,147 INFO: Added job "cron_search_wishlist" to job store "default" [base.py:1090 (MAIN)]
2025-03-28 06:48:13,164 INFO: Added job "check_for_updates" to job store "default" [base.py:1090 (MAIN)]
2025-03-28 06:48:13,203 INFO: Added job "clean_cache" to job store "default" [base.py:1090 (MAIN)]
2025-03-28 06:48:13,212 INFO: Added job "cron_dbbackup" to job store "default" [base.py:1090 (MAIN)]
2025-03-28 06:48:13,229 INFO: Added job "author_update" to job store "default" [base.py:1090 (MAIN)]
2025-03-28 06:48:13,242 INFO: Added job "series_update" to job store "default" [base.py:1090 (MAIN)]
2025-03-28 06:49:12,001 INFO: Running job "PostProcessor (trigger: interval[0:10:00], next run at: 2025-03-28 06:59:12 UTC)" (scheduled at 2025-03-28 06:49:12+00:00) [base.py:129 (ThreadPoolExecutor-0_0)]
2025-03-28 06:49:12,268 INFO: 0 downloads processed. [postprocess.py:1603 (POSTPROCESS)]
2025-03-28 06:49:12,272 INFO: Found 0 unprocessed [postprocess.py:1608 (POSTPROCESS)]
2025-03-28 06:49:12,273 INFO: Nothing marked as snatched or seeding. Stopping postprocessor. [postprocess.py:1735 (POSTPROCESS)]
2025-03-28 06:49:12,274 INFO: Removed job PostProcessor [base.py:728 (POSTPROCESS)]
2025-03-28 06:49:12,366 INFO: Job "PostProcessor (trigger: interval[0:10:00], next run at: 2025-03-28 06:59:12 UTC)" executed successfully [base.py:156 (ThreadPoolExecutor-0_0)]
2025-03-28 06:49:13,000 INFO: Running job "cron_search_wishlist (trigger: interval[2:00:00], next run at: 2025-03-28 08:49:13 UTC)" (scheduled at 2025-03-28 06:49:13+00:00) [base.py:129 (ThreadPoolExecutor-0_0)]
2025-03-28 06:49:13,004 INFO: Removed job search_wishlist [base.py:728 (SEARCHWISHLIST)]
2025-03-28 06:49:13,006 INFO: Job "cron_search_wishlist (trigger: interval[2:00:00], next run at: 2025-03-28 08:49:13 UTC)" executed successfully [base.py:156 (WEBSERVER)]
2025-03-30 05:59:51,564 DEBUG: Read config[LOGDIR]=/config/log [configtypes.py:151 (MAIN)]
2025-03-30 05:59:51,841 DEBUG: Read config[LOGSPECIALDEBUG]= [configtypes.py:151 (MAIN)]
2025-03-30 05:59:52,393 INFO: Apprise library (1.9.2) installed [startup.py:229 (MAIN)]
2025-03-30 05:59:52,836 INFO: Database is v85, integrity check: ok [startup.py:279 (MAIN)]
2025-03-30 05:59:52,939 INFO: Database check found 0 errors [dbupgrade.py:809 (MAIN)]
2025-03-30 05:59:55,194 INFO: Loaded genres from /app/lazylibrarian/example.genres.json [startup.py:422 (MAIN)]
2025-03-30 05:59:55,206 INFO: Loaded dicts from /app/lazylibrarian/example.dicts.json [startup.py:436 (MAIN)]
2025-03-30 05:59:56,526 INFO: Bookstrap found 16 themes [startup.py:373 (MAIN)]
2025-03-30 05:59:56,896 WARNING: Could not get difference status from git: {'message': '404 Ref Not Found'} [versioncheck.py:429 (MAIN)]
2025-03-30 05:59:56,914 INFO: Unknown version of lazylibrarian (40946f9e)
Run lazylibrarian with --update to identify your version [versioncheck.py:450 (MAIN)]
2025-03-30 05:59:57,020 INFO: Starting LazyLibrarian on port: 5299, webroot "" [LazyLibrarian.py:74 (MAIN)]
2025-03-30 05:59:57,025 INFO: Starting LazyLibrarian web server on http://0.0.0.0:5299 [webStart.py:78 (MAIN)]
2025-03-30 05:59:57,343 INFO: Scheduler started [base.py:214 (MAIN)]
2025-03-30 05:59:57,475 INFO: Added job "PostProcessor" to job store "default" [base.py:1090 (MAIN)]
2025-03-30 05:59:57,523 INFO: Added job "cron_search_wishlist" to job store "default" [base.py:1090 (MAIN)]
2025-03-30 05:59:57,567 INFO: Added job "check_for_updates" to job store "default" [base.py:1090 (MAIN)]
2025-03-30 05:59:57,594 INFO: Added job "clean_cache" to job store "default" [base.py:1090 (MAIN)]
2025-03-30 05:59:57,625 INFO: Added job "cron_dbbackup" to job store "default" [base.py:1090 (MAIN)]
2025-03-30 05:59:57,676 INFO: Added job "author_update" to job store "default" [base.py:1090 (MAIN)]
2025-03-30 05:59:57,714 INFO: Added job "series_update" to job store "default" [base.py:1090 (MAIN)]
2025-03-30 06:00:57,002 INFO: Running job "PostProcessor (trigger: interval[0:10:00], next run at: 2025-03-30 06:10:57 UTC)" (scheduled at 2025-03-30 06:00:57+00:00) [base.py:129 (ThreadPoolExecutor-0_0)]
2025-03-30 06:00:57,023 INFO: Running job "cron_search_wishlist (trigger: interval[2:00:00], next run at: 2025-03-30 08:00:57 UTC)" (scheduled at 2025-03-30 06:00:57+00:00) [base.py:129 (ThreadPoolExecutor-0_1)]
2025-03-30 06:00:57,262 INFO: Removed job search_wishlist [base.py:728 (SEARCHWISHLIST)]
2025-03-30 06:00:57,264 INFO: Job "cron_search_wishlist (trigger: interval[2:00:00], next run at: 2025-03-30 08:00:57 UTC)" executed successfully [base.py:156 (WEBSERVER)]
2025-03-30 06:00:57,576 INFO: 0 downloads processed. [postprocess.py:1603 (POSTPROCESS)]
2025-03-30 06:00:57,579 INFO: Found 0 unprocessed [postprocess.py:1608 (POSTPROCESS)]
2025-03-30 06:00:57,581 INFO: Nothing marked as snatched or seeding. Stopping postprocessor. [postprocess.py:1735 (POSTPROCESS)]
2025-03-30 06:00:57,587 INFO: Removed job PostProcessor [base.py:728 (POSTPROCESS)]
2025-03-30 06:00:57,782 INFO: Job "PostProcessor (trigger: interval[0:10:00], next run at: 2025-03-30 06:10:57 UTC)" executed successfully [base.py:156 (ThreadPoolExecutor-0_0)]
2025-03-30 08:58:41,369 INFO: Scheduler has been shut down [base.py:245 (MAIN)]
2025-03-30 08:58:42,296 INFO: Config file /config/config.ini has been saved with 9 items [config2.py:364 (CONFIG2_WRITE)]
2025-03-30 08:58:42,844 INFO: LazyLibrarian (pid 144) is shutting down... [startup.py:663 (MAIN)]
2025-03-30 09:00:21,740 DEBUG: Read config[LOGDIR]=/config/log [configtypes.py:151 (MAIN)]
2025-03-30 09:00:21,957 DEBUG: Read config[LOGSPECIALDEBUG]= [configtypes.py:151 (MAIN)]
2025-03-30 09:00:23,878 INFO: Apprise library (1.9.2) installed [startup.py:229 (MAIN)]
2025-03-30 09:00:26,173 INFO: Database is v85, integrity check: ok [startup.py:279 (MAIN)]
2025-03-30 09:00:26,236 INFO: Database check found 0 errors [dbupgrade.py:809 (MAIN)]
2025-03-30 09:00:40,816 INFO: Loaded genres from /app/lazylibrarian/example.genres.json [startup.py:422 (MAIN)]
2025-03-30 09:00:40,876 INFO: Loaded dicts from /app/lazylibrarian/example.dicts.json [startup.py:436 (MAIN)]
2025-03-30 09:00:49,628 WARNING: Could not get difference status from git: {'message': '404 Ref Not Found'} [versioncheck.py:429 (MAIN)]
2025-03-30 09:00:49,630 INFO: Unknown version of lazylibrarian (40946f9e)
Run lazylibrarian with --update to identify your version [versioncheck.py:450 (MAIN)]
2025-03-30 09:00:49,675 INFO: Starting LazyLibrarian on port: 5299, webroot "" [LazyLibrarian.py:74 (MAIN)]
2025-03-30 09:00:49,678 INFO: Starting LazyLibrarian web server on http://0.0.0.0:5299 [webStart.py:78 (MAIN)]
2025-03-30 09:00:50,352 INFO: Scheduler started [base.py:214 (MAIN)]
2025-03-30 09:00:50,498 INFO: Added job "PostProcessor" to job store "default" [base.py:1090 (MAIN)]
2025-03-30 09:00:50,503 INFO: Added job "cron_search_wishlist" to job store "default" [base.py:1090 (MAIN)]
2025-03-30 09:00:50,516 INFO: Added job "check_for_updates" to job store "default" [base.py:1090 (MAIN)]
2025-03-30 09:00:50,527 INFO: Added job "clean_cache" to job store "default" [base.py:1090 (MAIN)]
2025-03-30 09:00:50,535 INFO: Added job "cron_dbbackup" to job store "default" [base.py:1090 (MAIN)]
2025-03-30 09:00:50,574 INFO: Added job "author_update" to job store "default" [base.py:1090 (MAIN)]
2025-03-30 09:00:50,591 INFO: Added job "series_update" to job store "default" [base.py:1090 (MAIN)]
2025-03-30 09:01:50,288 INFO: Running job "PostProcessor (trigger: interval[0:10:00], next run at: 2025-03-30 09:11:50 UTC)" (scheduled at 2025-03-30 09:01:50+00:00) [base.py:129 (ThreadPoolExecutor-0_0)]
2025-03-30 09:01:50,320 INFO: Running job "cron_search_wishlist (trigger: interval[2:00:00], next run at: 2025-03-30 11:01:50 UTC)" (scheduled at 2025-03-30 09:01:50+00:00) [base.py:129 (ThreadPoolExecutor-0_1)]
2025-03-30 09:01:50,680 INFO: Removed job search_wishlist [base.py:728 (SEARCHWISHLIST)]
2025-03-30 09:01:50,682 INFO: Job "cron_search_wishlist (trigger: interval[2:00:00], next run at: 2025-03-30 11:01:50 UTC)" executed successfully [base.py:156 (WEBSERVER)]
2025-03-30 09:01:50,691 INFO: 0 downloads processed. [postprocess.py:1603 (POSTPROCESS)]
2025-03-30 09:01:50,692 INFO: Found 0 unprocessed [postprocess.py:1608 (POSTPROCESS)]
2025-03-30 09:01:50,694 INFO: Nothing marked as snatched or seeding. Stopping postprocessor. [postprocess.py:1735 (POSTPROCESS)]
2025-03-30 09:01:50,695 INFO: Removed job PostProcessor [base.py:728 (POSTPROCESS)]
2025-03-30 09:01:50,702 INFO: Job "PostProcessor (trigger: interval[0:10:00], next run at: 2025-03-30 09:11:50 UTC)" executed successfully [base.py:156 (ThreadPoolExecutor-0_0)]
