2025-03-23T05:19:02.039Z [info]: Commit Tag: v1.33.2 
2025-03-23T05:19:06.548Z [info]: Starting Overseerr version 1.33.2 
2025-03-23T05:19:21.623Z [info][Notifications]: Registered notification agents 
2025-03-23T05:19:21.953Z [info][Jobs]: Scheduled jobs loaded 
2025-03-23T05:19:22.007Z [info][Discover Slider]: Creating built-in discovery slider {"slider":{"type":1,"enabled":true,"isBuiltIn":true,"order":0}}
2025-03-23T05:19:22.136Z [info][Discover Slider]: Creating built-in discovery slider {"slider":{"type":2,"enabled":true,"isBuiltIn":true,"order":1}}
2025-03-23T05:19:22.171Z [info][Discover Slider]: Creating built-in discovery slider {"slider":{"type":3,"enabled":true,"isBuiltIn":true,"order":2}}
2025-03-23T05:19:22.194Z [info][Discover Slider]: Creating built-in discovery slider {"slider":{"type":4,"enabled":true,"isBuiltIn":true,"order":3}}
2025-03-23T05:19:22.220Z [info][Discover Slider]: Creating built-in discovery slider {"slider":{"type":5,"enabled":true,"isBuiltIn":true,"order":4}}
2025-03-23T05:19:22.255Z [info][Discover Slider]: Creating built-in discovery slider {"slider":{"type":6,"enabled":true,"isBuiltIn":true,"order":5}}
2025-03-23T05:19:22.272Z [info][Discover Slider]: Creating built-in discovery slider {"slider":{"type":7,"enabled":true,"isBuiltIn":true,"order":6}}
2025-03-23T05:19:22.301Z [info][Discover Slider]: Creating built-in discovery slider {"slider":{"type":8,"enabled":true,"isBuiltIn":true,"order":7}}
2025-03-23T05:19:22.336Z [info][Discover Slider]: Creating built-in discovery slider {"slider":{"type":9,"enabled":true,"isBuiltIn":true,"order":8}}
2025-03-23T05:19:22.439Z [info][Discover Slider]: Creating built-in discovery slider {"slider":{"type":10,"enabled":true,"isBuiltIn":true,"order":9}}
2025-03-23T05:19:22.473Z [info][Discover Slider]: Creating built-in discovery slider {"slider":{"type":11,"enabled":true,"isBuiltIn":true,"order":10}}
2025-03-23T05:19:22.493Z [info][Discover Slider]: Creating built-in discovery slider {"slider":{"type":12,"enabled":true,"isBuiltIn":true,"order":11}}
2025-03-23T05:19:24.179Z [info][Server]: Server ready on port 5055 
2025-03-23T05:20:00.011Z [debug][Jobs]: Starting scheduled job: Download Sync 
2025-03-23T05:20:00.016Z [info][Jobs]: Starting scheduled job: Plex Recently Added Scan 
2025-03-23T05:20:00.018Z [info][Plex Scan]: Scan starting {"sessionId":"72e354ca-c721-4b6f-bb78-c00827b64292"}
2025-03-23T05:20:00.027Z [warn][Plex Scan]: No admin configured. Plex scan skipped. 
2025-03-23T05:21:00.009Z [debug][Jobs]: Starting scheduled job: Download Sync 
2025-03-23T05:22:00.010Z [debug][Jobs]: Starting scheduled job: Download Sync 
2025-03-23T05:23:00.007Z [debug][Jobs]: Starting scheduled job: Download Sync 
2025-03-23T05:24:00.007Z [debug][Jobs]: Starting scheduled job: Download Sync 
2025-03-23T05:25:00.009Z [debug][Jobs]: Starting scheduled job: Download Sync 
2025-03-23T05:25:00.014Z [info][Jobs]: Starting scheduled job: Plex Recently Added Scan 
2025-03-23T05:25:00.015Z [info][Plex Scan]: Scan starting {"sessionId":"9db82123-f2e8-4468-afce-59e10d868a86"}
2025-03-23T05:25:00.018Z [warn][Plex Scan]: No admin configured. Plex scan skipped. 
2025-03-23T05:26:00.009Z [debug][Jobs]: Starting scheduled job: Download Sync 
2025-03-23T05:27:00.008Z [debug][Jobs]: Starting scheduled job: Download Sync 
2025-03-23T05:28:00.007Z [debug][Jobs]: Starting scheduled job: Download Sync 
2025-03-23T05:29:00.013Z [debug][Jobs]: Starting scheduled job: Download Sync 
2025-03-23T05:30:00.008Z [debug][Jobs]: Starting scheduled job: Download Sync 
2025-03-23T05:30:00.013Z [info][Jobs]: Starting scheduled job: Plex Recently Added Scan 
2025-03-23T05:30:00.013Z [info][Plex Scan]: Scan starting {"sessionId":"cd73df07-841c-40fd-aa33-e1cef0483bd5"}
2025-03-23T05:30:00.015Z [warn][Plex Scan]: No admin configured. Plex scan skipped. 
2025-03-23T05:31:00.004Z [debug][Jobs]: Starting scheduled job: Download Sync 
2025-03-23T05:32:00.007Z [debug][Jobs]: Starting scheduled job: Download Sync 
2025-03-23T05:33:00.008Z [debug][Jobs]: Starting scheduled job: Download Sync 
2025-03-23T05:34:00.007Z [debug][Jobs]: Starting scheduled job: Download Sync 
2025-03-23T05:35:00.009Z [debug][Jobs]: Starting scheduled job: Download Sync 
2025-03-23T05:35:00.024Z [info][Jobs]: Starting scheduled job: Plex Recently Added Scan 
2025-03-23T05:35:00.027Z [info][Plex Scan]: Scan starting {"sessionId":"82cbf22a-3ff3-4ebf-8873-9c1cbd9db19f"}
2025-03-23T05:35:00.043Z [warn][Plex Scan]: No admin configured. Plex scan skipped. 
2025-03-23T05:36:00.010Z [debug][Jobs]: Starting scheduled job: Download Sync 
2025-03-23T05:37:00.008Z [debug][Jobs]: Starting scheduled job: Download Sync 
2025-03-23T05:38:00.008Z [debug][Jobs]: Starting scheduled job: Download Sync 
2025-03-23T05:39:00.005Z [debug][Jobs]: Starting scheduled job: Download Sync 
2025-03-23T05:39:21.826Z [info][Jobs]: Starting scheduled job: Plex Watchlist Sync 
2025-03-23T05:40:00.006Z [debug][Jobs]: Starting scheduled job: Download Sync 
2025-03-23T05:40:00.009Z [info][Jobs]: Starting scheduled job: Plex Recently Added Scan 
2025-03-23T05:40:00.009Z [info][Plex Scan]: Scan starting {"sessionId":"dbf7a2fc-359d-4643-9e14-6e8c09019130"}
2025-03-23T05:40:00.011Z [warn][Plex Scan]: No admin configured. Plex scan skipped. 
2025-03-23T05:41:00.007Z [debug][Jobs]: Starting scheduled job: Download Sync 
2025-03-23T05:42:00.006Z [debug][Jobs]: Starting scheduled job: Download Sync 
2025-03-23T05:43:00.008Z [debug][Jobs]: Starting scheduled job: Download Sync 
2025-03-23T05:44:00.007Z [debug][Jobs]: Starting scheduled job: Download Sync 
2025-03-23T05:45:00.009Z [debug][Jobs]: Starting scheduled job: Download Sync 
2025-03-23T05:45:00.016Z [info][Jobs]: Starting scheduled job: Plex Recently Added Scan 
2025-03-23T05:45:00.017Z [info][Plex Scan]: Scan starting {"sessionId":"d1d86061-1564-49df-ae81-472100e8afb0"}
2025-03-23T05:45:00.019Z [warn][Plex Scan]: No admin configured. Plex scan skipped. 
2025-03-23T05:46:00.007Z [debug][Jobs]: Starting scheduled job: Download Sync 
2025-03-23T05:47:00.006Z [debug][Jobs]: Starting scheduled job: Download Sync 
2025-03-23T05:48:00.011Z [debug][Jobs]: Starting scheduled job: Download Sync 
