23-Mar-2025 05:18:49 - INFO    :: mylar.backup_files.380 : MainThread : Attempting to backup config.ini...
23-Mar-2025 05:18:49 - WARNING :: mylar.backup_files.422 : MainThread : [[Errno 2] No such file or directory: '/config/mylar/config.ini'] Unable to make proper backup of config.ini in /config/mylar/config.ini
23-Mar-2025 05:18:49 - INFO    :: mylar.config_update.693 : MainThread : Updating Configuration from 0 to 14
23-Mar-2025 05:18:49 - INFO    :: mylar.config_update.695 : MainThread : Checking for existing torznab configuration...
23-Mar-2025 05:18:49 - INFO    :: mylar.config_update.702 : MainThread : No existing torznab configuration found. Just removing old config references at this point..
23-Mar-2025 05:18:49 - INFO    :: mylar.config_update.709 : MainThread : Successfully removed outdated config entries.
23-Mar-2025 05:18:49 - INFO    :: mylar.config_update.882 : MainThread : Configuration upgraded to version 14
23-Mar-2025 05:18:49 - INFO    :: mylar.configure.1290 : MainThread : [DOCKER-AWARE] Docker installation detected.
23-Mar-2025 05:18:49 - INFO    :: mylar.configure.1293 : MainThread : [DOCKER-AWARE] Setting default comic location path to /comics
23-Mar-2025 05:18:49 - ERROR   :: mylar.configure.1309 : MainThread : No User Comicvine API key specified. I will not work very well due to api limits - http://api.comicvine.com/ and get your own free key.
23-Mar-2025 05:18:49 - INFO    :: mylar.configure.1362 : MainThread : Ignored Publishers: []
23-Mar-2025 05:18:49 - INFO    :: mylar.configure.1389 : MainThread : [MASS_PUBLISHERS] Auto-add for weekly publishers set to: []
23-Mar-2025 05:18:49 - INFO    :: mylar.configure.1413 : MainThread : [PROBLEM_DATES] Problem dates loaded: ['2021-07-14 04:00:34']
23-Mar-2025 05:18:49 - INFO    :: mylar.configure.1427 : MainThread : [COMICTAGGER] Version detected: 1.3.5
23-Mar-2025 05:18:49 - ERROR   :: mylar.configure.1450 : MainThread : Unable to create .ComicTagger directory in /root. Setting up to default location of /config/mylar/.ComicTagger
23-Mar-2025 05:18:49 - INFO    :: mylar.configure.1565 : MainThread : [DDL PRIORITY ORDER] DDL will attempt to use the following 3rd party sites in this specific download order: ['mega', 'mediafire', 'pixeldrain', 'main']
23-Mar-2025 05:18:49 - INFO    :: mylar.configure.1574 : MainThread : [Search Tier Cutoff] Setting Tier-1 cutoff point to 14 days
23-Mar-2025 05:18:49 - INFO    :: mylar.initialize.264 : MainThread : Checking to see if the database has all tables....
23-Mar-2025 05:18:49 - WARNING :: mylar.dbcheck.802 : MainThread : Unable to update readinglist table to new storyarc table format.
23-Mar-2025 05:18:50 - INFO    :: mylar.dbcheck.1589 : MainThread : Ensuring DB integrity - Removing all Erroneous Comics (ie. named None)
23-Mar-2025 05:18:50 - INFO    :: mylar.dbcheck.1599 : MainThread : Correcting Null entries that make the main page break on startup.
23-Mar-2025 05:18:50 - INFO    :: mylar.dbcheck.1610 : MainThread : [<class 'str'>]oldconfig_version: 0
23-Mar-2025 05:18:50 - INFO    :: mylar.dbcheck.1613 : MainThread : now updating table data to ensure DDL is properly populated with correct data.
23-Mar-2025 05:18:50 - INFO    :: mylar.dbcheck.1623 : MainThread : Updating db to include some important changes.
23-Mar-2025 05:18:50 - INFO    :: mylar.upgrade_dynamic.1397 : MainThread : Finished updating 0 / 0 entries within the db.
23-Mar-2025 05:18:50 - INFO    :: mylar.check_failed_update.172 : MainThread : checked is None
23-Mar-2025 05:18:50 - INFO    :: mylar.db_update_check.145 : MainThread : Updating database to v1 as no data is present to update
23-Mar-2025 05:18:50 - INFO    :: mylar.initialize.296 : MainThread : Successfully discovered local IP and locking it in as : 172.18.0.14
23-Mar-2025 05:18:50 - INFO    :: mylar.initialize.337 : MainThread : [DDL] External server configuration available to be loaded: False
23-Mar-2025 05:18:50 - INFO    :: mylar.initialize.381 : MainThread : [IMPRINT_LOADS] No data for publisher imprints locally. Retrieving up-to-date listing
23-Mar-2025 05:18:50 - INFO    :: mylar.initialize.403 : MainThread : [IMPRINT_LOADS] Successfully loaded imprints for 6 publishers
23-Mar-2025 05:18:50 - INFO    :: mylar.initialize.405 : MainThread : Remapping the sorting to allow for new additions.
23-Mar-2025 05:18:50 - INFO    :: mylar.ComicSort.781 : MainThread : Sucessfully ordered -1 series in your watchlist.
23-Mar-2025 05:18:50 - INFO    :: mylar.validateAndCreateDirectory.1895 : MainThread : [DIRECTORY-CHECK] Found DATA directory: /config/mylar
23-Mar-2025 05:18:50 - INFO    :: mylar.initialize.73 : MAIN : Starting Mylar on http://0.0.0.0:8090/
23-Mar-2025 05:18:50 - INFO    :: mylar.getVersion.188 : MAIN : [DOCKER-AWARE] Docker installation detected.
23-Mar-2025 05:18:50 - INFO    :: mylar.getVersion.209 : MAIN : i:  (HEAD -> master, tag: v0.8.2)

23-Mar-2025 05:18:50 - INFO    :: mylar.getVersion.220 : MAIN : [LAST_RELEASE] Branch: master
23-Mar-2025 05:18:50 - INFO    :: mylar.getVersion.225 : MAIN : [LAST_RELEASE] Version: v0.8.2
23-Mar-2025 05:18:50 - INFO    :: mylar.getVersion.209 : MAIN : i: 1a8c6581c8fd9b8873b7bdd920e9b7d8f59a8f42

23-Mar-2025 05:18:50 - INFO    :: mylar.getVersion.231 : MAIN : [LAST_RELEASE] Commit: 1a8c6581c8fd9b8873b7bdd920e9b7d8f59a8f42
23-Mar-2025 05:18:51 - INFO    :: mylar.getVersion.266 : MAIN : Branch detected & set to : master
23-Mar-2025 05:18:51 - INFO    :: mylar.versionload.469 : MAIN : Version information: master [1a8c6581c8fd9b8873b7bdd920e9b7d8f59a8f42]
23-Mar-2025 05:18:57 - INFO    :: mylar.release_messages.276 : MAIN : release_messages: None
23-Mar-2025 05:18:57 - INFO    :: mylar.start.681 : MAIN : [SEARCH-QUEUE] Attempting to background load the search queue....
23-Mar-2025 05:18:57 - INFO    :: mylar.start.685 : MAIN : [SEARCH-QUEUE] Successfully started the Search Queuer...
23-Mar-2025 05:18:57 - INFO    :: mylar.start.681 : MAIN : [POST-PROCESS-QUEUE] Post Process queue enabled & monitoring for api requests....
23-Mar-2025 05:18:57 - INFO    :: mylar.start.685 : MAIN : [POST-PROCESS-QUEUE] Succesfully started Post-Processing Queuer....
23-Mar-2025 05:18:57 - INFO    :: mylar.start.600 : MAIN : [WEEKLY] Checking for existance of Weekly Comic listing...
23-Mar-2025 05:18:57 - INFO    :: mylar.start.620 : MAIN : [WEEKLY] Weekly Pull-Update initializing immediately as it has been 4.0 hours since the last run
23-Mar-2025 05:18:57 - ERROR   :: mylar.start.656 : MAIN : [FOLDER MONITOR] You need to specify a location in order to use the Folder Monitor. Disabling Folder Monitor
23-Mar-2025 05:18:57 - INFO    :: mylar.start.659 : MAIN : Firing up the Background Schedulers now....
23-Mar-2025 05:18:57 - INFO    :: mylar.start.664 : MAIN : Background Schedulers successfully started...
23-Mar-2025 05:18:57 - INFO    :: mylar.run.27 : ThreadPoolExecutor-0_0 : [WEEKLY] Checking Weekly Pull-list for new releases/updates
23-Mar-2025 05:18:58 - INFO    :: mylar.pullit.43 : ThreadPoolExecutor-0_0 : Weekly pull list present - checking if it's up-to-date..
23-Mar-2025 05:18:58 - INFO    :: mylar.pullit.72 : ThreadPoolExecutor-0_0 : [PULL-LIST] Populating & Loading pull-list data directly from alternate website
23-Mar-2025 05:18:58 - INFO    :: mylar.pullit.98 : ThreadPoolExecutor-0_0 : [PULL-LIST] Populating & Loading pull-list data directly from alternate website for specific week of 11, 2025
23-Mar-2025 05:18:58 - INFO    :: mylar.locg.79 : ThreadPoolExecutor-0_0 : [WEEKLY-PULL] There are 97 issues for week 11, 2025
23-Mar-2025 05:18:58 - INFO    :: mylar.locg.114 : ThreadPoolExecutor-0_0 : Re-creating pullist to ensure everything's fresh.
23-Mar-2025 05:19:00 - INFO    :: mylar.locg.149 : ThreadPoolExecutor-0_0 : [PULL-LIST] Successfully populated pull-list into Mylar for week 11 of 2025
23-Mar-2025 05:19:00 - INFO    :: mylar.pullit.106 : ThreadPoolExecutor-0_0 : [PULL-LIST] Weekly Pull List successfully loaded with 97 issues.
23-Mar-2025 05:19:02 - INFO    :: mylar.pullit.98 : ThreadPoolExecutor-0_0 : [PULL-LIST] Populating & Loading pull-list data directly from alternate website for specific week of 12, 2025
23-Mar-2025 05:19:03 - INFO    :: mylar.locg.79 : ThreadPoolExecutor-0_0 : [WEEKLY-PULL] There are 115 issues for week 12, 2025
23-Mar-2025 05:19:03 - INFO    :: mylar.locg.114 : ThreadPoolExecutor-0_0 : Re-creating pullist to ensure everything's fresh.
23-Mar-2025 05:19:05 - INFO    :: mylar.locg.149 : ThreadPoolExecutor-0_0 : [PULL-LIST] Successfully populated pull-list into Mylar for week 12 of 2025
23-Mar-2025 05:19:05 - INFO    :: mylar.pullit.106 : ThreadPoolExecutor-0_0 : [PULL-LIST] Weekly Pull List successfully loaded with 115 issues.
23-Mar-2025 05:19:05 - INFO    :: mylar.future_check.1648 : ThreadPoolExecutor-0_0 : No series have been marked as being on auto-watch.
