Mar 30, 2025 05:59:51.271 [0x70d342406b38] INFO - Plex Tuner Service v1.41.5.9522-a96edc606 - Docker Docker Container x86_64 - build: 
Mar 30, 2025 05:59:51.272 [0x70d342406b38] INFO - Linux version: 6.8.0-1021-azure (#25~22.04.1-Ubuntu SMP Thu Jan 16 21:37:09 UTC 2025), language: en-US
Mar 30, 2025 05:59:51.274 [0x70d342406b38] INFO - Processor AMD EPYC 7763 64-Core Processor                
Mar 30, 2025 05:59:51.274 [0x70d342406b38] INFO - /usr/lib/plexmediaserver/Plex Tuner Service /usr/lib/plexmediaserver/Resources/Tuner/Private /usr/lib/plexmediaserver/Resources/Tuner/Shared 1.41.5.9522-a96edc606 32600
Mar 30, 2025 05:59:51.286 [0x70d343f78808] INFO - [I] broker_t::start...
Mar 30, 2025 05:59:51.567 [0x70d343f78808] INFO - [I] device_manager_t::init.
Mar 30, 2025 05:59:51.572 [0x70d343f78808] INFO - [I] device_manager_t::init. Initialize provider manager
Mar 30, 2025 05:59:51.574 [0x70d343f78808] INFO - [I] device_manager_t::init. Initialize all device auxes
Mar 30, 2025 05:59:51.574 [0x70d343f78808] INFO - [I] dvb_device_factory_t::get_aux_list
Mar 30, 2025 05:59:51.574 [0x70d343f78808] INFO - [I] tvbutler_aux_t::init
Mar 30, 2025 05:59:51.699 [0x70d343f78808] INFO - [I] web_server_t::start. Starting web server on port 32600
Mar 30, 2025 06:00:00.609 [0x70d341f72b38] INFO - [I] web_service_t::process_device_discovery
Mar 30, 2025 06:00:00.609 [0x70d341f72b38] INFO - [I] device_reactor_t::get_device_list ()
Mar 30, 2025 06:00:02.729 [0x70d341f72b38] INFO - [I] SAT2IP - discover_satip_servers(): no servers found
Mar 30, 2025 06:00:03.144 [0x70d341f72b38] INFO - [I] v4l::DeviceGetList_impl. getting v4l device list
Mar 30, 2025 06:00:03.180 [0x70d341f72b38] INFO - [I] onetv_factory::DeviceGetListEx >>
Mar 30, 2025 06:00:03.181 [0x70d341f72b38] WARN - [W] onetv_factory::DeviceGetListEx. libusb_init returned an error -99
Mar 30, 2025 08:58:35.915 [0x70d343f78808] INFO - Received SIGINT: Interrupt from keyboard.
Mar 30, 2025 08:58:35.940 [0x70d343f78808] INFO - [I] device_manager_t::term
Mar 30, 2025 08:58:35.940 [0x70d343f78808] INFO - [I] device_manager_t::term. Stop all devices
Mar 30, 2025 08:58:35.940 [0x70d343f78808] INFO - [I] device_manager_t::term. Shut down all device auxes
Mar 30, 2025 08:58:35.940 [0x70d343f78808] INFO - [I] tvbutler_aux_t::term
Mar 30, 2025 08:58:35.952 [0x70d343f78808] INFO - [I] web_server_t::stop. Web server is stopped
Mar 30, 2025 08:58:35.952 [0x70d343f78808] INFO - [I] device_manager_t::term
Mar 30, 2025 08:58:35.952 [0x70d343f78808] INFO - [I] device_manager_t::term. Stop all devices
Mar 30, 2025 08:58:35.952 [0x70d343f78808] INFO - [I] device_manager_t::term. Shut down all device auxes
Mar 30, 2025 08:58:35.952 [0x70d343f78808] INFO - [I] broker_t::shutdown. Shutdown is completed.
