Mar 30, 2025 05:59:03.450 [135003488922424] INFO - Plex Media Server v1.41.5.9522-a96edc606 - Docker Docker Container x86_64 - build: linux-x86_64 debian - GMT 00:00
Mar 30, 2025 05:59:03.464 [135003488922424] INFO - Linux version: 6.8.0-1021-azure, language: en-US
Mar 30, 2025 05:59:03.487 [135003488922424] INFO - Processor: 2-core AMD EPYC 7763 64-Core Processor
Mar 30, 2025 05:59:03.487 [135003488922424] INFO - Compiler is - Clang 11.0.1 (https://plex.tv 9b997da8e5b47bdb4a9425b3a3b290be393b4b1f)
Mar 30, 2025 05:59:03.487 [135003488922424] INFO - /usr/lib/plexmediaserver/Plex Media Server
Mar 30, 2025 05:59:03.197 [135003484728120] DEBUG - [JobRunner] Job running: /usr/lib/plexmediaserver/CrashUploader "--directory=/config/Library/Application Support/Plex Media Server/Crash Reports/1.41.5.9522-a96edc606" --version=1.41.5.9522-a96edc606 --platform=Linux --platformVersion=6.8.0-1021-azure --serverUuid=86237ceaf0dd4f14af393347c1370a88ca6e5a21 --userId=NOUSERID --sentryUrl=https://o17675.ingest.sentry.io/api/1233455/ --sentryKey=xxxxxxxxxxxxxxxxxxxxxxxxxxxxxxxx --vendor=Docker --model=x86_64 "--device=Docker Container"
Mar 30, 2025 05:59:03.343 [135003484728120] DEBUG - [JobRunner] Jobs: Starting child process with pid 292
Mar 30, 2025 05:59:03.451 [135003494554256] DEBUG - BPQ: [Idle] -> [Starting]
Mar 30, 2025 05:59:03.718 [135003494554256] DEBUG - FeatureManager: Using cached data for features list
Mar 30, 2025 05:59:05.987 [135003494554256] DEBUG - MyPlex: mapping state set to 'Unknown'.
Mar 30, 2025 05:59:05.987 [135003494554256] DEBUG - Relay: read 0 cached entries from hosts file
Mar 30, 2025 05:59:06.020 [135003480533816] DEBUG - Jobs: '/usr/lib/plexmediaserver/CrashUploader' exit code for process 292 is 0 (success)
Mar 30, 2025 05:59:06.068 [135003494554256] DEBUG - Opening 20 database sessions to library (com.plexapp.plugins.library), SQLite 3.39.4, threadsafe=1
Mar 30, 2025 05:59:06.398 [135003494554256] INFO - SQLITE3:0x80000001, 283, recovered 84 frames from WAL file /config/Library/Application Support/Plex Media Server/Plug-in Support/Databases/com.plexapp.plugins.library.db-wal
Mar 30, 2025 05:59:07.857 [135003494554256] DEBUG - MyPlex: no cached data to load for request for https://plex.tv/api/v2/server/users/features
Mar 30, 2025 05:59:08.546 [135003494554256] DEBUG - HttpServer: Listening on IPv6 as well as IPv4.
Mar 30, 2025 05:59:08.549 [135003494554256] DEBUG - HttpServer: Listening on port 32400.
Mar 30, 2025 05:59:08.553 [135003494554256] DEBUG - HttpServer: Listening on port 32401.
Mar 30, 2025 05:59:08.553 [135003494554256] DEBUG - Running server...
Mar 30, 2025 05:59:08.554 [135003494554256] INFO - Running migrations. (EPG 0)
Mar 30, 2025 05:59:08.569 [135003494554256] DEBUG - Captured session 0.
Mar 30, 2025 05:59:08.577 [135003494554256] DEBUG - Captured session 1.
Mar 30, 2025 05:59:08.577 [135003494554256] DEBUG - Captured session 2.
Mar 30, 2025 05:59:08.577 [135003494554256] DEBUG - Captured session 3.
Mar 30, 2025 05:59:08.577 [135003494554256] DEBUG - Captured session 4.
Mar 30, 2025 05:59:08.577 [135003494554256] DEBUG - Captured session 5.
Mar 30, 2025 05:59:08.577 [135003494554256] DEBUG - Captured session 6.
Mar 30, 2025 05:59:08.577 [135003494554256] DEBUG - Captured session 7.
Mar 30, 2025 05:59:08.577 [135003494554256] DEBUG - Captured session 8.
Mar 30, 2025 05:59:08.577 [135003494554256] DEBUG - Captured session 9.
Mar 30, 2025 05:59:08.577 [135003494554256] DEBUG - Captured session 10.
Mar 30, 2025 05:59:08.577 [135003494554256] DEBUG - Captured session 11.
Mar 30, 2025 05:59:08.577 [135003494554256] DEBUG - Captured session 12.
Mar 30, 2025 05:59:08.577 [135003494554256] DEBUG - Captured session 13.
Mar 30, 2025 05:59:08.577 [135003494554256] DEBUG - Captured session 14.
Mar 30, 2025 05:59:08.577 [135003494554256] DEBUG - Captured session 15.
Mar 30, 2025 05:59:08.577 [135003494554256] DEBUG - Captured session 16.
Mar 30, 2025 05:59:08.577 [135003494554256] DEBUG - Captured session 17.
Mar 30, 2025 05:59:08.577 [135003494554256] DEBUG - Captured session 18.
Mar 30, 2025 05:59:08.577 [135003494554256] DEBUG - Captured session 19.
Mar 30, 2025 05:59:08.591 [135003467950904] DEBUG - HttpServer: Set up a thread pool with 2 threads.
Mar 30, 2025 05:59:08.619 [135003494554256] DEBUG - ChangestampAllocator: initialized to 0
Mar 30, 2025 05:59:08.619 [135003494554256] DEBUG - Opening 2 database sessions to library (com.plexapp.plugins.library.blobs), SQLite 3.39.4, threadsafe=1
Mar 30, 2025 05:59:08.821 [135003494554256] INFO - SQLITE3:0x80000001, 283, recovered 598 frames from WAL file /config/Library/Application Support/Plex Media Server/Plug-in Support/Databases/com.plexapp.plugins.library.blobs.db-wal
Mar 30, 2025 05:59:09.026 [135003494554256] INFO - Running migrations. (EPG 0)
Mar 30, 2025 05:59:09.027 [135003494554256] DEBUG - Captured session 0.
Mar 30, 2025 05:59:09.027 [135003494554256] DEBUG - Captured session 1.
Mar 30, 2025 05:59:09.122 [135003484728120] DEBUG - [GPU] Cuda library was not found on the system
Mar 30, 2025 05:59:09.744 [135003484728120] DEBUG - Grabber: Cleaning up orphaned grabs.
Mar 30, 2025 05:59:09.749 [135003484728120] DEBUG - Grabber: Cleaned up 0 decrepit directories in 0.0 sec.
Mar 30, 2025 05:59:09.752 [135003494554256] DEBUG - Media Provider: Registering provider com.plexapp.plugins.library
Mar 30, 2025 05:59:09.758 [135003494554256] DEBUG - Auth: Refreshing tokens inside the token-based authentication filter.
Mar 30, 2025 05:59:09.759 [135003494554256] DEBUG - Opening 1 database sessions to library (), SQLite 3.39.4, threadsafe=1
Mar 30, 2025 05:59:09.810 [135003459562296] DEBUG - Auth: Refreshing tokens inside the token-based authentication filter.
Mar 30, 2025 05:59:09.953 [135003455367992] DEBUG - File "/usr/lib/plexmediaserver/Resources/Plug-ins-a96edc606" changed: -1 => 2025-02-21 15:33:10 (1740151990).
Mar 30, 2025 05:59:09.953 [135003455367992] DEBUG - File "/config/Library/Application Support/Plex Media Server/Plug-ins" changed: -1 => 2025-03-23 04:54:09 (1742705649).
Mar 30, 2025 05:59:09.953 [135003455367992] DEBUG - Scanning for plug-ins in "/usr/lib/plexmediaserver/Resources/Plug-ins-a96edc606"
Mar 30, 2025 05:59:11.690 [135003484728120] DEBUG - [MediaProviderManager] we had 0 cloud providers online, we now have 1
Mar 30, 2025 05:59:11.690 [135003484728120] DEBUG - [MediaProviderManager] cloud provider (Metadata) is online and available
Mar 30, 2025 05:59:11.711 [135003484728120] DEBUG - [MediaProviderManager/MetadataAgentManager] [tv.plex.agents.movie] provider added to map
Mar 30, 2025 05:59:11.722 [135003484728120] DEBUG - [MediaProviderManager/MetadataAgentManager] [tv.plex.agents.series] provider added to map
Mar 30, 2025 05:59:11.725 [135003484728120] DEBUG - [MediaProviderManager/MetadataAgentManager] [tv.plex.agents.music] provider added to map
Mar 30, 2025 05:59:11.739 [135003484728120] DEBUG - [MediaProviderManager/MetadataAgentManager] [org.musicbrainz.agents.music] provider added to map
Mar 30, 2025 05:59:12.169 [135003455367992] DEBUG - Scanning for plug-ins in "/config/Library/Application Support/Plex Media Server/Plug-ins"
Mar 30, 2025 05:59:12.169 [135003455367992] DEBUG - PluginRepository::setStartState: 1, startingSystem
Mar 30, 2025 05:59:12.169 [135003455367992] DEBUG - Starting plug-in /usr/lib/plexmediaserver/Resources/Plug-ins-a96edc606/System.bundle.
Mar 30, 2025 05:59:12.170 [135003455367992] DEBUG - [com.plexapp.system] Setting plug-in to always running (daemon mode).
Mar 30, 2025 05:59:12.208 [135003455367992] DEBUG - Starting file watcher for com.plexapp.system
Mar 30, 2025 05:59:12.209 [135003455367992] DEBUG - Plugin: setting environment variable: 'PYTHONHOME=/usr/lib/plexmediaserver/Resources/Python'
Mar 30, 2025 05:59:12.209 [135003455367992] DEBUG - Plugin: setting environment variable: 'PYTHONPATH=/usr/lib/plexmediaserver/Resources/Python/python27.zip:/usr/lib/plexmediaserver/Resources/Python/lib/python2.7/site-packages'
Mar 30, 2025 05:59:12.281 [135003455367992] DEBUG - Spawned plug-in com.plexapp.system with PID 314
Mar 30, 2025 05:59:12.281 [135003455367992] DEBUG - [com.plexapp.system] Sending command: GET /:/prefixes
Mar 30, 2025 05:59:14.558 [135003442785080] DEBUG - Request: [[::1]:59484 (Loopback)] GET /identity (2 live) #1
Mar 30, 2025 05:59:14.558 [135003472145208] DEBUG - Completed: [[::1]:59484] 503 GET /identity (2 live) #1 2ms 375 bytes (pipelined: 1)
Mar 30, 2025 05:59:19.802 [135003484728120] DEBUG - Grabber: Plex Tuner Service not running; retrying in 10 seconds.
Mar 30, 2025 05:59:20.616 [135003442785080] DEBUG - Request: [[::1]:52374 (Loopback)] GET /identity (2 live) #3
Mar 30, 2025 05:59:20.636 [135003472145208] DEBUG - Completed: [[::1]:52374] 503 GET /identity (2 live) #3 20ms 375 bytes (pipelined: 1)
Mar 30, 2025 05:59:26.947 [135003442785080] DEBUG - Request: [[::1]:52390 (Loopback)] GET /identity (2 live) #7
Mar 30, 2025 05:59:26.949 [135003472145208] DEBUG - Completed: [[::1]:52390] 503 GET /identity (2 live) #7 2ms 375 bytes (pipelined: 1)
Mar 30, 2025 05:59:29.803 [135003484728120] DEBUG - Grabber: Plex Tuner Service not running; retrying in 10 seconds.
Mar 30, 2025 05:59:32.702 [135003442785080] DEBUG - Request: [[::1]:48326 (Loopback)] GET /identity (2 live) #a
Mar 30, 2025 05:59:32.703 [135003476339512] DEBUG - Completed: [[::1]:48326] 503 GET /identity (2 live) #a 0ms 375 bytes (pipelined: 1)
Mar 30, 2025 05:59:39.842 [135003484728120] DEBUG - Grabber: Plex Tuner Service not running; retrying in 10 seconds.
Mar 30, 2025 05:59:40.423 [135003442785080] DEBUG - Request: [[::1]:33080 (Loopback)] GET /identity (2 live) #d
Mar 30, 2025 05:59:40.424 [135003476339512] DEBUG - Completed: [[::1]:33080] 503 GET /identity (2 live) #d 13ms 375 bytes (pipelined: 1)
Mar 30, 2025 05:59:40.700 [135003442785080] DEBUG - Request: [127.0.0.1:53934 (Loopback)] GET / (3 live) #10 GZIP Token ()
Mar 30, 2025 05:59:40.707 [135003476339512] DEBUG - Completed: [127.0.0.1:53934] 503 GET / (3 live) #10 GZIP 14ms 436 bytes
Mar 30, 2025 05:59:40.775 [135003442785080] DEBUG - Request: [127.0.0.1:53944 (Loopback)] GET /:/plugins/com.plexapp.system/messaging/function/X0J1bmRsZVNlcnZpY2U6QWxsU2VydmljZXM_/Y2VyZWFsMQoxCmxpc3QKMApyMAo_/Y2VyZWFsMQoxCmRpY3QKMApyMAo_ (3 live) #12 GZIP Token ()
Mar 30, 2025 05:59:40.786 [135003476339512] DEBUG - Completed: [127.0.0.1:53944] 503 GET /:/plugins/com.plexapp.system/messaging/function/X0J1bmRsZVNlcnZpY2U6QWxsU2VydmljZXM_/Y2VyZWFsMQoxCmxpc3QKMApyMAo_/Y2VyZWFsMQoxCmRpY3QKMApyMAo_ (3 live) #12 GZIP 12ms 436 bytes
Mar 30, 2025 05:59:46.439 [135003442785080] DEBUG - Request: [[::1]:33096 (Loopback)] GET /identity (2 live) #14
Mar 30, 2025 05:59:46.454 [135003472145208] DEBUG - Completed: [[::1]:33096] 503 GET /identity (2 live) #14 14ms 375 bytes (pipelined: 1)
Mar 30, 2025 05:59:49.815 [135003442785080] DEBUG - Request: [127.0.0.1:34076 (Loopback)] GET /servers (2 live) #17 GZIP Token ()
Mar 30, 2025 05:59:49.848 [135003472145208] DEBUG - Completed: [127.0.0.1:34076] 503 GET /servers (2 live) #17 GZIP 34ms 436 bytes
Mar 30, 2025 05:59:49.850 [135003459562296] DEBUG - Grabber: Plex Tuner Service not running; retrying in 10 seconds.
Mar 30, 2025 05:59:50.150 [135003455367992] DEBUG - Reading 486 bytes in the body, code is 200
Mar 30, 2025 05:59:50.150 [135003455367992] DEBUG - [com.plexapp.system] Plug-in running on port 38991.
Mar 30, 2025 05:59:50.150 [135003455367992] DEBUG -  * Plug-in handles prefix: /system
Mar 30, 2025 05:59:50.150 [135003455367992] DEBUG -  * Plug-in handles prefix: /player
Mar 30, 2025 05:59:50.150 [135003455367992] DEBUG - Read configuration for [com.plexapp.system], had 2 prefixes
Mar 30, 2025 05:59:50.151 [135003455367992] DEBUG - Done with 1 synchronous plug-in starts, starting the rest in parallel.
Mar 30, 2025 05:59:50.151 [135003455367992] DEBUG - PluginRepository::setStartState: 2, startingPlugins
Mar 30, 2025 05:59:50.151 [135003455367992] DEBUG - Updating the list of agents known by the system.
Mar 30, 2025 05:59:50.151 [135003455367992] DEBUG - [com.plexapp.system] Sending command over HTTP (GET): /system/agents
Mar 30, 2025 05:59:50.151 [135003455367992] DEBUG - [HCl#3] HTTP requesting GET http://127.0.0.1:38991/system/agents
Mar 30, 2025 05:59:50.172 [135003494554256] DEBUG - Image transcode cache directory: "/config/Library/Application Support/Plex Media Server/Cache/PhotoTranscoder"
Mar 30, 2025 05:59:50.172 [135003494554256] DEBUG - Transcoder: Cleaning old transcode directories.
Mar 30, 2025 05:59:50.267 [135003494554256] DEBUG - MyPlex: stop public ip check and mapping - current mapped state: 'Unknown'.
Mar 30, 2025 05:59:50.471 [135003494554256] DEBUG - NetworkInterface: Starting watch thread.
Mar 30, 2025 05:59:50.471 [135003494554256] DEBUG - Network change.
Mar 30, 2025 05:59:50.471 [135003494554256] DEBUG - NetworkInterface: Notified of network changed (force=0)
Mar 30, 2025 05:59:50.472 [135003494554256] DEBUG - Detected primary interface: 172.18.0.8
Mar 30, 2025 05:59:50.472 [135003494554256] DEBUG - Network interfaces:
Mar 30, 2025 05:59:50.472 [135003494554256] DEBUG -  * 1 lo (127.0.0.1) (00-00-00-00-00-00) (loopback: 1)
Mar 30, 2025 05:59:50.472 [135003494554256] DEBUG -  * 17 eth0 (172.18.0.8) (02-42-AC-12-00-08) (loopback: 0)
Mar 30, 2025 05:59:50.472 [135003494554256] DEBUG -  * 1 lo (::1) (00-00-00-00-00-00) (loopback: 1)
Mar 30, 2025 05:59:50.472 [135003494554256] DEBUG - Creating NetworkServices singleton.
Mar 30, 2025 05:59:50.472 [135003494554256] DEBUG - NetworkServices: Initializing...
Mar 30, 2025 05:59:50.472 [135003494554256] DEBUG - NetworkService: Creating new service.
Mar 30, 2025 05:59:50.472 [135003494554256] DEBUG - NetworkService: Got notification of changed network (first change: 1)
Mar 30, 2025 05:59:50.472 [135003494554256] DEBUG - NetworkService: Quick dispatch of network change.
Mar 30, 2025 05:59:50.472 [135003494554256] DEBUG - NetworkService: Creating new service.
Mar 30, 2025 05:59:50.472 [135003494554256] DEBUG - NetworkService: Got notification of changed network (first change: 1)
Mar 30, 2025 05:59:50.472 [135003494554256] DEBUG - NetworkService: Quick dispatch of network change.
Mar 30, 2025 05:59:50.472 [135003494554256] DEBUG - NetworkService: Creating new service.
Mar 30, 2025 05:59:50.472 [135003494554256] DEBUG - NetworkService: Got notification of changed network (first change: 1)
Mar 30, 2025 05:59:50.472 [135003494554256] DEBUG - NetworkService: Quick dispatch of network change.
Mar 30, 2025 05:59:50.472 [135003494554256] DEBUG - NetworkService: Creating new service.
Mar 30, 2025 05:59:50.472 [135003434396472] DEBUG - Network change for advertiser.
Mar 30, 2025 05:59:50.472 [135003434396472] DEBUG - NetworkService: Setting up multicast listener on 0.0.0.0:32414
Mar 30, 2025 05:59:50.473 [135003494554256] DEBUG - NetworkService: Got notification of changed network (first change: 1)
Mar 30, 2025 05:59:50.473 [135003494554256] DEBUG - NetworkService: Quick dispatch of network change.
Mar 30, 2025 05:59:50.473 [135003494554256] DEBUG - NetworkService: Creating new service.
Mar 30, 2025 05:59:50.473 [135003494554256] DEBUG - NetworkService: Got notification of changed network (first change: 1)
Mar 30, 2025 05:59:50.473 [135003494554256] DEBUG - NetworkService: Quick dispatch of network change.
Mar 30, 2025 05:59:50.473 [135003494554256] DEBUG - NetworkService: Creating new service.
Mar 30, 2025 05:59:50.475 [135003494554256] DEBUG - NetworkService: Got notification of changed network (first change: 1)
Mar 30, 2025 05:59:50.475 [135003494554256] DEBUG - NetworkService: Quick dispatch of network change.
Mar 30, 2025 05:59:50.479 [135003438590776] DEBUG - NetworkInterface: Watching for changes on the interfaces.
Mar 30, 2025 05:59:50.561 [135003459562296] DEBUG - [HCl#4] HTTP requesting GET https://plex.tv/api/v2/release_channels?X-Plex-Token=
Mar 30, 2025 05:59:50.562 [135003484728120] DEBUG - [DatabaseFixups] Running fix-ups.
Mar 30, 2025 05:59:50.564 [135003426007864] DEBUG - [HCl#5] HTTP requesting GET https://plex.tv/api/v2/user/privacy?X-Plex-Token=
Mar 30, 2025 05:59:50.564 [135003417619256] DEBUG - [HCl#6] HTTP requesting GET https://plex.tv/api/v2/features?X-Plex-Token=
Mar 30, 2025 05:59:50.570 [135003413424952] DEBUG - DVR: Starting up.
Mar 30, 2025 05:59:50.574 [135003430202168] DEBUG - [ChildProcessMonitor] Plex Tuner Service starting.
Mar 30, 2025 05:59:50.574 [135003430202168] DEBUG - [ChildProcessMonitor/JobRunner] Job running: "/usr/lib/plexmediaserver/Plex Tuner Service" /usr/lib/plexmediaserver/Resources/Tuner/Private /usr/lib/plexmediaserver/Resources/Tuner/Shared 1.41.5.9522-a96edc606 32600
Mar 30, 2025 05:59:50.612 [135003494554256] DEBUG - Waiting for server condition to be signaled.
Mar 30, 2025 05:59:50.612 [135003434396472] DEBUG - Network change for advertiser.
Mar 30, 2025 05:59:50.612 [135003434396472] DEBUG - NetworkService: Setting up multicast listener on 0.0.0.0:32410
Mar 30, 2025 05:59:50.612 [135003434396472] DEBUG - Network change for advertiser.
Mar 30, 2025 05:59:50.612 [135003434396472] DEBUG - NetworkService: Setting up multicast listener on 0.0.0.0:32412
Mar 30, 2025 05:59:50.612 [135003434396472] DEBUG - NetworkService: Network change for browser (polled=0), closing 0 browse sockets.
Mar 30, 2025 05:59:50.612 [135003434396472] DEBUG - NetworkService: Setting up multicast listener on 0.0.0.0:32413
Mar 30, 2025 05:59:50.612 [135003434396472] DEBUG - NetworkService: Browsing on interface 127.0.0.1 on broadcast address 127.255.255.255 (index: 0)
Mar 30, 2025 05:59:50.612 [135003434396472] DEBUG - NetworkService: Browsing on interface 172.18.0.8 on broadcast address 172.18.255.255 (index: 1)
Mar 30, 2025 05:59:50.612 [135003434396472] DEBUG - NetworkService: Network change for browser (polled=1), closing 0 browse sockets.
Mar 30, 2025 05:59:50.612 [135003434396472] DEBUG - NetworkService: Browsing on interface 127.0.0.1 on broadcast address 127.255.255.255 (index: 0)
Mar 30, 2025 05:59:50.612 [135003434396472] DEBUG - NetworkService: Browsing on interface 172.18.0.8 on broadcast address 172.18.255.255 (index: 1)
Mar 30, 2025 05:59:50.612 [135003434396472] DEBUG - NetworkService: Network change for browser (polled=0), closing 0 browse sockets.
Mar 30, 2025 05:59:50.612 [135003434396472] DEBUG - NetworkService: Setting up multicast listener on 0.0.0.0:1901
Mar 30, 2025 05:59:50.612 [135003434396472] DEBUG - NetworkService: Browsing on interface 172.18.0.8 on broadcast address 239.255.255.250 (index: 0)
Mar 30, 2025 05:59:50.648 [135003400842040] DEBUG - MyPlex: Sending unclaimed device connections
Mar 30, 2025 05:59:50.649 [135003400842040] DEBUG - [HCl#7] HTTP requesting POST https://plex.tv/devices/86237ceaf0dd4f14af393347c1370a88ca6e5a21/unclaimed?Connection[][uri]=http://172.18.0.8:32400
Mar 30, 2025 05:59:50.669 [135003430202168] DEBUG - [ChildProcessMonitor/JobRunner] Jobs: Starting child process with pid 413
Mar 30, 2025 05:59:50.724 [135003484728120] DEBUG - [DatabaseFixups] Destroyed 0 transient items.
Mar 30, 2025 05:59:50.778 [135003413424952] DEBUG - Activity: registered new activity a0733383-0eda-4078-b966-d7b4813281f9 - "Processing subscriptions"
Mar 30, 2025 05:59:50.878 [135003484728120] DEBUG - [DatabaseFixups] Running database fix-ups completed in 0.0 seconds.
Mar 30, 2025 05:59:53.217 [135003442785080] DEBUG - Request: [[::1]:60782 (Loopback)] GET /identity (2 live) #1a
Mar 30, 2025 05:59:53.372 [135003442785080] DEBUG - Translator: Found locale fi
Mar 30, 2025 05:59:53.372 [135003442785080] DEBUG - Translator: Found locale zh_CN
Mar 30, 2025 05:59:53.372 [135003442785080] DEBUG - Translator: Found locale de
Mar 30, 2025 05:59:53.372 [135003442785080] DEBUG - Translator: Found locale ja_JP
Mar 30, 2025 05:59:53.372 [135003442785080] DEBUG - Translator: Found locale da
Mar 30, 2025 05:59:53.372 [135003442785080] DEBUG - Translator: Found locale pt_BR
Mar 30, 2025 05:59:53.372 [135003442785080] DEBUG - Translator: Found locale et_EE
Mar 30, 2025 05:59:53.372 [135003442785080] DEBUG - Translator: Found locale ar
Mar 30, 2025 05:59:53.372 [135003442785080] DEBUG - Translator: Found locale cs_CZ
Mar 30, 2025 05:59:53.372 [135003442785080] DEBUG - Translator: Found locale af
Mar 30, 2025 05:59:53.372 [135003442785080] DEBUG - Translator: Found locale hu
Mar 30, 2025 05:59:53.372 [135003442785080] DEBUG - Translator: Found locale pt
Mar 30, 2025 05:59:53.372 [135003442785080] DEBUG - Translator: Found locale ko
Mar 30, 2025 05:59:53.372 [135003442785080] DEBUG - Translator: Found locale hu_HU
Mar 30, 2025 05:59:53.372 [135003442785080] DEBUG - Translator: Found locale sv
Mar 30, 2025 05:59:53.372 [135003442785080] DEBUG - Translator: Found locale it
Mar 30, 2025 05:59:53.372 [135003442785080] DEBUG - Translator: Found locale sl
Mar 30, 2025 05:59:53.372 [135003442785080] DEBUG - Translator: Found locale he
Mar 30, 2025 05:59:53.372 [135003442785080] DEBUG - Translator: Found locale es
Mar 30, 2025 05:59:53.372 [135003442785080] DEBUG - Translator: Found locale ru
Mar 30, 2025 05:59:53.372 [135003442785080] DEBUG - Translator: Found locale pl
Mar 30, 2025 05:59:53.372 [135003442785080] DEBUG - Translator: Found locale ro
Mar 30, 2025 05:59:53.372 [135003442785080] DEBUG - Translator: Found locale no
Mar 30, 2025 05:59:53.372 [135003442785080] DEBUG - Translator: Found locale en
Mar 30, 2025 05:59:53.372 [135003442785080] DEBUG - Translator: Found locale nl_BE
Mar 30, 2025 05:59:53.372 [135003442785080] DEBUG - Translator: Found locale sk
Mar 30, 2025 05:59:53.372 [135003442785080] DEBUG - Translator: Found locale fr
Mar 30, 2025 05:59:53.372 [135003442785080] DEBUG - Translator: Found locale hr_HR
Mar 30, 2025 05:59:53.372 [135003442785080] DEBUG - Translator: Found locale sr
Mar 30, 2025 05:59:53.372 [135003442785080] DEBUG - Translator: Found locale lt
Mar 30, 2025 05:59:53.372 [135003442785080] DEBUG - Translator: Found locale uk
Mar 30, 2025 05:59:53.372 [135003442785080] DEBUG - Translator: Found locale nl
Mar 30, 2025 05:59:53.697 [135003476339512] DEBUG - Completed: [[::1]:60782] 200 GET /identity (2 live) #1a 480ms 446 bytes (pipelined: 1)
Mar 30, 2025 05:59:54.140 [135003463756600] DEBUG - [HttpClient/HCl#6] HTTP/1.1 (3.6s) 200 response from GET https://plex.tv/api/v2/features?X-Plex-Token=
Mar 30, 2025 05:59:54.151 [135003463756600] DEBUG - [HttpClient/HCl#7] HTTP/1.1 (3.5s) 200 response from POST https://plex.tv/devices/86237ceaf0dd4f14af393347c1370a88ca6e5a21/unclaimed?Connection[][uri]=http://172.18.0.8:32400
Mar 30, 2025 05:59:54.167 [135003463756600] DEBUG - [HttpClient/HCl#4] HTTP/1.1 (3.6s) 200 response from GET https://plex.tv/api/v2/release_channels?X-Plex-Token=
Mar 30, 2025 05:59:54.176 [135003405036344] DEBUG - [MediaProviderManager] we had 1 cloud providers online, we now have 1
Mar 30, 2025 05:59:54.176 [135003405036344] DEBUG - [MediaProviderManager] cloud provider (Metadata) is online and available
Mar 30, 2025 05:59:54.182 [135003417619256] DEBUG - [HCl#9] HTTP requesting GET https://plex.tv/api/v2/server/users/features
Mar 30, 2025 05:59:54.225 [135003463756600] DEBUG - [HttpClient/HCl#5] HTTP/1.1 (3.6s) 200 response from GET https://plex.tv/api/v2/user/privacy?X-Plex-Token=
Mar 30, 2025 05:59:54.265 [135003463756600] DEBUG - [HttpClient/HCl#9] HTTP/1.1 (0.1s) 401 response from GET https://plex.tv/api/v2/server/users/features (reused)
Mar 30, 2025 05:59:54.282 [135003388259128] ERROR - MyPlex: Error 401 requesting JSON from: https://plex.tv/api/v2/server/users/features
Mar 30, 2025 05:59:54.282 [135003417619256] WARN - FeatureManager: Couldn't get features. Trying again soon.
Mar 30, 2025 05:59:54.353 [135003463756600] DEBUG - [HttpClient/HCl#3] HTTP/1.1 (4.2s) 200 response from GET http://127.0.0.1:38991/system/agents
Mar 30, 2025 05:59:54.367 [135003455367992] DEBUG - [com.plexapp.system] HTTP reply status 200, with 8986 bytes of content.
Mar 30, 2025 05:59:54.417 [135003455367992] DEBUG - The system knows about 12 agents.
Mar 30, 2025 05:59:54.451 [135003396647736] DEBUG - Starting plug-in /usr/lib/plexmediaserver/Resources/Plug-ins-a96edc606/Media-Flags.bundle.
Mar 30, 2025 05:59:54.452 [135003455367992] DEBUG - Waiting for 16 plug-ins to finish starting.
Mar 30, 2025 05:59:54.453 [135003396647736] DEBUG - Starting plug-in /usr/lib/plexmediaserver/Resources/Plug-ins-a96edc606/HTbackdrops.bundle.
Mar 30, 2025 05:59:54.455 [135003384064824] DEBUG - Starting plug-in /usr/lib/plexmediaserver/Resources/Plug-ins-a96edc606/Fanart-TV.bundle.
Mar 30, 2025 05:59:54.464 [135003379870520] DEBUG - Starting plug-in /usr/lib/plexmediaserver/Resources/Plug-ins-a96edc606/PlexThemeMusic.bundle.
Mar 30, 2025 05:59:54.477 [135003384064824] DEBUG - Perfect cache hit, we don't need to start [com.plexapp.agents.fanarttv] yet.
Mar 30, 2025 05:59:54.477 [135003384064824] DEBUG - Starting plug-in /usr/lib/plexmediaserver/Resources/Plug-ins-a96edc606/LastFM.bundle.
Mar 30, 2025 05:59:54.494 [135003379870520] DEBUG - Perfect cache hit, we don't need to start [com.plexapp.agents.plexthememusic] yet.
Mar 30, 2025 05:59:54.494 [135003379870520] DEBUG - Starting plug-in /usr/lib/plexmediaserver/Resources/Plug-ins-a96edc606/LocalMedia.bundle.
Mar 30, 2025 05:59:54.507 [135003396647736] DEBUG - Perfect cache hit, we don't need to start [com.plexapp.agents.htbackdrops] yet.
Mar 30, 2025 05:59:54.507 [135003396647736] DEBUG - Starting plug-in /usr/lib/plexmediaserver/Resources/Plug-ins-a96edc606/PersonalMedia.bundle.
Mar 30, 2025 05:59:54.546 [135003379870520] DEBUG - Perfect cache hit, we don't need to start [com.plexapp.agents.localmedia] yet.
Mar 30, 2025 05:59:54.546 [135003379870520] DEBUG - Starting plug-in /usr/lib/plexmediaserver/Resources/Plug-ins-a96edc606/PlexMovie.bundle.
Mar 30, 2025 05:59:54.616 [135003384064824] DEBUG - Perfect cache hit, we don't need to start [com.plexapp.agents.lastfm] yet.
Mar 30, 2025 05:59:54.616 [135003384064824] DEBUG - Starting plug-in /usr/lib/plexmediaserver/Resources/Plug-ins-a96edc606/Musicbrainz.bundle.
Mar 30, 2025 05:59:54.670 [135003396647736] DEBUG - Perfect cache hit, we don't need to start [com.plexapp.agents.none] yet.
Mar 30, 2025 05:59:54.686 [135003396647736] DEBUG - Starting plug-in /usr/lib/plexmediaserver/Resources/Plug-ins-a96edc606/Scanners.bundle.
Mar 30, 2025 05:59:54.697 [135003379870520] DEBUG - Perfect cache hit, we don't need to start [com.plexapp.agents.imdb] yet.
Mar 30, 2025 05:59:54.697 [135003379870520] DEBUG - Starting plug-in /usr/lib/plexmediaserver/Resources/Plug-ins-a96edc606/TheMovieDB.bundle.
Mar 30, 2025 05:59:54.720 [135003396647736] DEBUG - Starting plug-in /usr/lib/plexmediaserver/Resources/Plug-ins-a96edc606/Framework.bundle.
Mar 30, 2025 05:59:54.721 [135003396647736] DEBUG - Starting plug-in /usr/lib/plexmediaserver/Resources/Plug-ins-a96edc606/MoviePosterDB.bundle.
Mar 30, 2025 05:59:54.720 [135003384064824] DEBUG - Perfect cache hit, we don't need to start [org.musicbrainz.agents.music] yet.
Mar 30, 2025 05:59:54.734 [135003384064824] DEBUG - Starting plug-in /usr/lib/plexmediaserver/Resources/Plug-ins-a96edc606/WebClient.bundle.
Mar 30, 2025 05:59:54.736 [135003384064824] DEBUG - Starting plug-in /usr/lib/plexmediaserver/Resources/Plug-ins-a96edc606/TheTVDB.bundle.
Mar 30, 2025 05:59:54.756 [135003379870520] DEBUG - Perfect cache hit, we don't need to start [com.plexapp.agents.themoviedb] yet.
Mar 30, 2025 05:59:54.772 [135003396647736] DEBUG - Perfect cache hit, we don't need to start [com.plexapp.agents.movieposterdb] yet.
Mar 30, 2025 05:59:54.790 [135003396647736] DEBUG - Starting plug-in /usr/lib/plexmediaserver/Resources/Plug-ins-a96edc606/LyricFind.bundle.
Mar 30, 2025 05:59:54.808 [135003384064824] DEBUG - Perfect cache hit, we don't need to start [com.plexapp.agents.thetvdb] yet.
Mar 30, 2025 05:59:54.809 [135003396647736] DEBUG - Perfect cache hit, we don't need to start [com.plexapp.agents.lyricfind] yet.
Mar 30, 2025 05:59:54.826 [135003400842040] DEBUG - Downloading document http://127.0.0.1:32400/:/plugins/com.plexapp.agents.imdb/prefs
Mar 30, 2025 05:59:54.827 [135003400842040] DEBUG - [Req#21] Starting file watcher for com.plexapp.agents.imdb
Mar 30, 2025 05:59:54.827 [135003400842040] DEBUG - [Req#21] Plugin: setting environment variable: 'PYTHONHOME=/usr/lib/plexmediaserver/Resources/Python'
Mar 30, 2025 05:59:54.832 [135003400842040] DEBUG - [Req#21] Plugin: setting environment variable: 'PYTHONPATH=/usr/lib/plexmediaserver/Resources/Python/python27.zip:/usr/lib/plexmediaserver/Resources/Python/lib/python2.7/site-packages'
Mar 30, 2025 05:59:54.837 [135003455367992] DEBUG - Starting scheduled updates, every 3600 seconds
Mar 30, 2025 05:59:54.837 [135003455367992] INFO - LibraryUpdateManager path watching is disabled
Mar 30, 2025 05:59:54.837 [135003455367992] DEBUG - Done waiting for all plug-ins to start.
Mar 30, 2025 05:59:54.837 [135003455367992] DEBUG - PluginRepository::setStartState: 3, complete
Mar 30, 2025 05:59:54.842 [135003400842040] DEBUG - [Req#21] Spawned plug-in com.plexapp.agents.imdb with PID 451
Mar 30, 2025 05:59:54.842 [135003400842040] DEBUG - [Req#21] [com.plexapp.agents.imdb] Sending command: GET /:/prefixes
Mar 30, 2025 05:59:55.483 [135003434396472] DEBUG - [NSB] NetworkServiceBrowser: SERVER arrived: 127.0.0.1 (fb64d900b90d)
Mar 30, 2025 05:59:55.484 [135003434396472] DEBUG - [NSB] Notifying the system bundle an update to server /system/notify/serverUpdated?host=127.0.0.1
Mar 30, 2025 05:59:55.484 [135003434396472] DEBUG - [NSB] [com.plexapp.system] Sending command over HTTP (GET): /system/notify/serverUpdated?host=127.0.0.1
Mar 30, 2025 05:59:55.484 [135003434396472] DEBUG - [NSB/HCl#a] HTTP requesting GET http://127.0.0.1:38991/system/notify/serverUpdated?host=127.0.0.1
Mar 30, 2025 05:59:56.770 [135003442785080] DEBUG - Request: [127.0.0.1:34090 (Loopback)] GET /servers (2 live) #1e GZIP Token ()
Mar 30, 2025 05:59:56.782 [135003472145208] DEBUG - Completed: [127.0.0.1:34090] 200 GET /servers (2 live) #1e GZIP 14ms 491 bytes
Mar 30, 2025 05:59:57.117 [135003463756600] DEBUG - [HttpClient/HCl#a] HTTP/1.1 (1.6s) 200 response from GET http://127.0.0.1:38991/system/notify/serverUpdated?host=127.0.0.1 (reused)
Mar 30, 2025 05:59:57.128 [135003434396472] DEBUG - [NSB] [com.plexapp.system] HTTP reply status 200, with 0 bytes of content.
Mar 30, 2025 05:59:59.852 [135003409230648] DEBUG - DVR:Device: Discovering and refreshing all devices.
Mar 30, 2025 06:00:00.580 [135003409230648] DEBUG - Grabber: HDHomerun discovered 0 compatible devices.
Mar 30, 2025 06:00:00.580 [135003409230648] DEBUG - [HCl#e] HTTP requesting POST http://127.0.0.1:32600/devices/discover
Mar 30, 2025 06:00:00.786 [135003459562296] DEBUG - Grabber: Cleaning up orphaned grabs.
Mar 30, 2025 06:00:00.786 [135003459562296] DEBUG - Grabber: Cleaned up 0 decrepit directories in 0.0 sec.
Mar 30, 2025 06:00:00.800 [135003459562296] DEBUG - Activity: registered new activity 3bf7f4de-33af-46d0-b0af-8469fb835aef - "Processing subscriptions"
Mar 30, 2025 06:00:00.839 [135003459562296] DEBUG - Subscription: Scheduling subscriptions.
Mar 30, 2025 06:00:00.861 [135003459562296] DEBUG - Subscription: Initialized 0 schedulers.
Mar 30, 2025 06:00:00.882 [135003459562296] DEBUG - Subscription: Starting with 0 grabs, scheduled 0 active ones preemptively.
Mar 30, 2025 06:00:00.882 [135003459562296] DEBUG - Subscription: Scheduled all subscriptions in 43 ms.
Mar 30, 2025 06:00:00.884 [135003459562296] DEBUG - Activity: Ended activity 3bf7f4de-33af-46d0-b0af-8469fb835aef.
Mar 30, 2025 06:00:00.884 [135003459562296] DEBUG - Subscription: There are 0 active grabs at the end.
Mar 30, 2025 06:00:00.884 [135003459562296] DEBUG - Activity: Ended activity a0733383-0eda-4078-b966-d7b4813281f9.
Mar 30, 2025 06:00:00.884 [135003459562296] DEBUG - Subscription: Refreshed all content in 98 ms.
Mar 30, 2025 06:00:03.235 [135003463756600] DEBUG - [HttpClient/HCl#e] HTTP/1.1 (2.6s) 200 response from POST http://127.0.0.1:32600/devices/discover
Mar 30, 2025 06:00:03.793 [135003442785080] DEBUG - Request: [[::1]:41852 (Loopback)] GET /identity (2 live) #22
Mar 30, 2025 06:00:03.824 [135003476339512] DEBUG - Completed: [[::1]:41852] 200 GET /identity (2 live) #22 37ms 417 bytes (pipelined: 1)
Mar 30, 2025 06:00:09.128 [135003442785080] DEBUG - Request: [[::1]:41860 (Loopback)] GET /identity (2 live) #26
Mar 30, 2025 06:00:09.148 [135003472145208] DEBUG - Completed: [[::1]:41860] 200 GET /identity (2 live) #26 20ms 417 bytes (pipelined: 1)
Mar 30, 2025 06:00:14.504 [135003442785080] DEBUG - Request: [[::1]:42944 (Loopback)] GET /identity (2 live) #29
Mar 30, 2025 06:00:14.506 [135003476339512] DEBUG - Completed: [[::1]:42944] 200 GET /identity (2 live) #29 4ms 417 bytes (pipelined: 1)
Mar 30, 2025 06:00:18.665 [135003442785080] DEBUG - Request: [127.0.0.1:39754 (Loopback)] GET /system/messaging/clear_events/com.plexapp.agents.imdb (2 live) #2c GZIP Token ()
Mar 30, 2025 06:00:18.927 [135003442785080] DEBUG - [Req#2c] [com.plexapp.system] Sending command over HTTP (GET): /system/messaging/clear_events/com.plexapp.agents.imdb
Mar 30, 2025 06:00:18.927 [135003442785080] DEBUG - [Req#2c/HCl#f] HTTP requesting GET http://127.0.0.1:38991/system/messaging/clear_events/com.plexapp.agents.imdb
Mar 30, 2025 06:00:19.089 [135003463756600] DEBUG - [HttpClient/HCl#f] HTTP/1.1 (0.2s) 200 response from GET http://127.0.0.1:38991/system/messaging/clear_events/com.plexapp.agents.imdb (reused)
Mar 30, 2025 06:00:19.090 [135003442785080] DEBUG - [Req#2c] [com.plexapp.system] HTTP reply status 200, with 0 bytes of content.
Mar 30, 2025 06:00:19.090 [135003472145208] DEBUG - Completed: [127.0.0.1:39754] 200 GET /system/messaging/clear_events/com.plexapp.agents.imdb (2 live) #2c GZIP 427ms 280 bytes
Mar 30, 2025 06:00:20.168 [135003442785080] DEBUG - Request: [[::1]:42898 (Loopback)] GET /identity (2 live) #2f
Mar 30, 2025 06:00:20.170 [135003476339512] DEBUG - Completed: [[::1]:42898] 200 GET /identity (2 live) #2f 1ms 417 bytes (pipelined: 1)
Mar 30, 2025 06:00:20.520 [135003442785080] DEBUG - Request: [127.0.0.1:44376 (Loopback)] GET /:/plugins/com.plexapp.system/resourceHashes (2 live) #31 GZIP Token ()
Mar 30, 2025 06:00:20.521 [135003442785080] DEBUG - [Req#31] [com.plexapp.system] Sending command over HTTP (GET): /:/plugins/com.plexapp.system/resourceHashes
Mar 30, 2025 06:00:20.522 [135003442785080] DEBUG - [Req#31/HCl#10] HTTP requesting GET http://127.0.0.1:38991/:/plugins/com.plexapp.system/resourceHashes
Mar 30, 2025 06:00:21.190 [135003463756600] DEBUG - [HttpClient/HCl#10] HTTP/1.1 (0.7s) 404 response from GET http://127.0.0.1:38991/:/plugins/com.plexapp.system/resourceHashes
Mar 30, 2025 06:00:21.191 [135003442785080] DEBUG - [Req#31] [com.plexapp.system] HTTP reply status 404, with 0 bytes of content.
Mar 30, 2025 06:00:21.191 [135003472145208] DEBUG - Completed: [127.0.0.1:44376] 404 GET /:/plugins/com.plexapp.system/resourceHashes (2 live) #31 GZIP 676ms 261 bytes
Mar 30, 2025 06:00:21.398 [135003421813560] DEBUG - Request: [127.0.0.1:44386 (Loopback)] GET /:/plugins/com.plexapp.system/messaging/function/X0J1bmRsZVNlcnZpY2U6QWxsU2VydmljZXM_/Y2VyZWFsMQoxCmxpc3QKMApyMAo_/Y2VyZWFsMQoxCmRpY3QKMApyMAo_ (3 live) #34 GZIP Token ()
Mar 30, 2025 06:00:21.398 [135003421813560] DEBUG - [Req#34] [com.plexapp.system] Sending command over HTTP (GET): /:/plugins/com.plexapp.system/messaging/function/X0J1bmRsZVNlcnZpY2U6QWxsU2VydmljZXM_/Y2VyZWFsMQoxCmxpc3QKMApyMAo_/Y2VyZWFsMQoxCmRpY3QKMApyMAo_
Mar 30, 2025 06:00:21.398 [135003421813560] DEBUG - [Req#34/HCl#11] HTTP requesting GET http://127.0.0.1:38991/:/plugins/com.plexapp.system/messaging/function/X0J1bmRsZVNlcnZpY2U6QWxsU2VydmljZXM_/Y2VyZWFsMQoxCmxpc3QKMApyMAo_/Y2VyZWFsMQoxCmRpY3QKMApyMAo_
Mar 30, 2025 06:00:21.402 [135003442785080] DEBUG - Request: [127.0.0.1:44398 (Loopback)] GET / (3 live) #36 GZIP Token ()
Mar 30, 2025 06:00:21.758 [135003463756600] DEBUG - [HttpClient/HCl#11] HTTP/1.1 (0.4s) 200 response from GET http://127.0.0.1:38991/:/plugins/com.plexapp.system/messaging/function/X0J1bmRsZVNlcnZpY2U6QWxsU2VydmljZXM_/Y2VyZWFsMQoxCmxpc3QKMApyMAo_/Y2VyZWFsMQoxCmRpY3QKMApyMAo_
Mar 30, 2025 06:00:21.771 [135003421813560] DEBUG - [Req#34] [com.plexapp.system] HTTP reply status 200, with 516 bytes of content.
Mar 30, 2025 06:00:21.774 [135003472145208] DEBUG - Completed: [127.0.0.1:44386] 200 GET /:/plugins/com.plexapp.system/messaging/function/X0J1bmRsZVNlcnZpY2U6QWxsU2VydmljZXM_/Y2VyZWFsMQoxCmxpc3QKMApyMAo_/Y2VyZWFsMQoxCmRpY3QKMApyMAo_ (3 live) #34 GZIP 387ms 745 bytes
Mar 30, 2025 06:00:21.865 [135003472145208] DEBUG - Completed: [127.0.0.1:44398] 200 GET / (2 live) #36 GZIP 467ms 2567 bytes
Mar 30, 2025 06:00:26.295 [135003421813560] DEBUG - Request: [[::1]:42900 (Loopback)] GET /identity (2 live) #37
Mar 30, 2025 06:00:26.299 [135003476339512] DEBUG - Completed: [[::1]:42900] 200 GET /identity (2 live) #37 6ms 417 bytes (pipelined: 1)
Mar 30, 2025 06:00:33.571 [135003421813560] DEBUG - Request: [[::1]:43386 (Loopback)] GET /identity (2 live) #3a
Mar 30, 2025 06:00:33.572 [135003472145208] DEBUG - Completed: [[::1]:43386] 200 GET /identity (2 live) #3a 1ms 417 bytes (pipelined: 1)
Mar 30, 2025 06:00:33.837 [135003421813560] DEBUG - Request: [127.0.0.1:38066 (Loopback)] GET /:/plugins/com.plexapp.system/messaging/function/X0FnZW50U2VydmljZTpVcGRhdGVJbmZv/Y2VyZWFsMQoxCmxpc3QKMApyMAo_/Y2VyZWFsMQo3CmRpY3QKbGlzdApkaWN0Cmxpc3QKbGlzdApsaXN0Cmxpc3QKMgpzMjMKY29tLnBsZXhhcHAuYWdlbnRzLmltZGJzMTAKaWRlbnRpZmllcnIxCnMxMAphZ2VudF9pbmZvMQpyMgoxMApyMwpzMTEKbWVkaWFfdHlwZXNyNApzMTIKYWNjZXB0c19mcm9tbnMxNApmYWxsYmFja19hZ2VudHI1CnMxNApjb250cmlidXRlc190b3I2CnM5Cmxhbmd1YWdlc2IxczIwCnBlcnNpc3Rfc3RvcmVkX2ZpbGVzaTAKczcKdmVyc2lvbmIxczE2CnByaW1hcnlfcHJvdmlkZXJiMXM1CnByZWZzczE5ClBsZXggTW92aWUgKExlZ2FjeSlzNApuYW1lMQpzNQpNb3ZpZTEKczI5CmNvbS5wbGV4YXBwLmFnZW50cy5sb2NhbG1lZGlhMQpzMjkKY29tLnBsZXhhcHAuYWdlbnRzLnRoZW1vdmllZGIzMwpzMgplbnMyCnN2czIKZnJzMgplc3MyCm5sczIKZGVzMgppdHMyCmRhczIKYXJzMgpjYXMyCnpoczIKY3NzMgpldHMyCmZpczIKZWxzMgpoZXMyCmhpczIKaHVzMgppZHMyCmphczIKa29zMgpsdnMyCm5vczIKZmFzMgpwbHMyCnB0czIKcm9zMgpydXMyCnNrczIKdGhzMgp0cnMyCnVrczIKdmlyMAo_ (1 live) #3d GZIP Token ()
Mar 30, 2025 06:00:33.840 [135003421813560] DEBUG - [Req#3d] [com.plexapp.system] Sending command over HTTP (GET): /:/plugins/com.plexapp.system/messaging/function/X0FnZW50U2VydmljZTpVcGRhdGVJbmZv/Y2VyZWFsMQoxCmxpc3QKMApyMAo_/Y2VyZWFsMQo3CmRpY3QKbGlzdApkaWN0Cmxpc3QKbGlzdApsaXN0Cmxpc3QKMgpzMjMKY29tLnBsZXhhcHAuYWdlbnRzLmltZGJzMTAKaWRlbnRpZmllcnIxCnMxMAphZ2VudF9pbmZvMQpyMgoxMApyMwpzMTEKbWVkaWFfdHlwZXNyNApzMTIKYWNjZXB0c19mcm9tbnMxNApmYWxsYmFja19hZ2VudHI1CnMxNApjb250cmlidXRlc190b3I2CnM5Cmxhbmd1YWdlc2IxczIwCnBlcnNpc3Rfc3RvcmVkX2ZpbGVzaTAKczcKdmVyc2lvbmIxczE2CnByaW1hcnlfcHJvdmlkZXJiMXM1CnByZWZzczE5ClBsZXggTW92aWUgKExlZ2FjeSlzNApuYW1lMQpzNQpNb3ZpZTEKczI5CmNvbS5wbGV4YXBwLmFnZW50cy5sb2NhbG1lZGlhMQpzMjkKY29tLnBsZXhhcHAuYWdlbnRzLnRoZW1vdmllZGIzMwpzMgplbnMyCnN2czIKZnJzMgplc3MyCm5sczIKZGVzMgppdHMyCmRhczIKYXJzMgpjYXMyCnpoczIKY3NzMgpldHMyCmZpczIKZWxzMgpoZXMyCmhpczIKaHVzMgppZHMyCmphczIKa29zMgpsdnMyCm5vczIKZmFzMgpwbHMyCnB0czIKcm9zMgpydXMyCnNrczIKdGhzMgp0cnMyCnVrczIKdmlyMAo_
Mar 30, 2025 06:00:33.845 [135003421813560] DEBUG - [Req#3d/HCl#12] HTTP requesting GET http://127.0.0.1:38991/:/plugins/com.plexapp.system/messaging/function/X0FnZW50U2VydmljZTpVcGRhdGVJbmZv/Y2VyZWFsMQoxCmxpc3QKMApyMAo_/Y2VyZWFsMQo3CmRpY3QKbGlzdApkaWN0Cmxpc3QKbGlzdApsaXN0Cmxpc3QKMgpzMjMKY29tLnBsZXhhcHAuYWdlbnRzLmltZGJzMTAKaWRlbnRpZmllcnIxCnMxMAphZ2VudF9pbmZvMQpyMgoxMApyMwpzMTEKbWVkaWFfdHlwZXNyNApzMTIKYWNjZXB0c19mcm9tbnMxNApmYWxsYmFja19hZ2VudHI1CnMxNApjb250cmlidXRlc190b3I2CnM5Cmxhbmd1YWdlc2IxczIwCnBlcnNpc3Rfc3RvcmVkX2ZpbGVzaTAKczcKdmVyc2lvbmIxczE2CnByaW1hcnlfcHJvdmlkZXJiMXM1CnByZWZzczE5ClBsZXggTW92aWUgKExlZ2FjeSlzNApuYW1lMQpzNQpNb3ZpZTEKczI5CmNvbS5wbGV4YXBwLmFnZW50cy5sb2NhbG1lZGlhMQpzMjkKY29tLnBsZXhhcHAuYWdlbnRzLnRoZW1vdmllZGIzMwpzMgplbnMyCnN2czIKZnJzMgplc3MyCm5sczIKZGVzMgppdHMyCmRhczIKYXJzMgpjYXMyCnpoczIKY3NzMgpldHMyCmZpczIKZWxzMgpoZXMyCmhpczIKaHVzMgppZHMyCmphczIKa29zMgpsdnMyCm5vczIKZmFzMgpwbHMyCnB0czIKcm9zMgpydXMyCnNrczIKdGhzMgp0cnMyCnVrczIKdmlyMAo_
Mar 30, 2025 06:00:34.143 [135003463756600] DEBUG - [HttpClient/HCl#12] HTTP/1.1 (0.3s) 200 response from GET http://127.0.0.1:38991/:/plugins/com.plexapp.system/messaging/function/X0FnZW50U2VydmljZTpVcGRhdGVJbmZv/Y2VyZWFsMQoxCmxpc3QKMApyMAo_/Y2VyZWFsMQo3CmRpY3QKbGlzdApkaWN0Cmxpc3QKbGlzdApsaXN0Cmxpc3QKMgpzMjMKY29tLnBsZXhhcHAuYWdlbnRzLmltZGJzMTAKaWRlbnRpZmllcnIxCnMxMAphZ2VudF9pbmZvMQpyMgoxMApyMwpzMTEKbWVkaWFfdHlwZXNyNApzMTIKYWNjZXB0c19mcm9tbnMxNApmYWxsYmFja19hZ2VudHI1CnMxNApjb250cmlidXRlc190b3I2CnM5Cmxhbmd1YWdlc2IxczIwCnBlcnNpc3Rfc3RvcmVkX2ZpbGVzaTAKczcKdmVyc2lvbmIxczE2CnByaW1hcnlfcHJvdmlkZXJiMXM1CnByZWZzczE5ClBsZXggTW92aWUgKExlZ2FjeSlzNApuYW1lMQpzNQpNb3ZpZTEKczI5CmNvbS5wbGV4YXBwLmFnZW50cy5sb2NhbG1lZGlhMQpzMjkKY29tLnBsZXhhcHAuYWdlbnRzLnRoZW1vdmllZGIzMwpzMgplbnMyCnN2czIKZnJzMgplc3MyCm5sczIKZGVzMgppdHMyCmRhczIKYXJzMgpjYXMyCnpoczIKY3NzMgpldHMyCmZpczIKZWxzMgpoZXMyCmhpczIKaHVzMgppZHMyCmphczIKa29zMgpsdnMyCm5vczIKZmFzMgpwbHMyCnB0czIKcm9zMgpydXMyCnNrczIKdGhzMgp0cnMyCnVrczIKdmlyMAo_
Mar 30, 2025 06:00:34.170 [135003421813560] DEBUG - [Req#3d] [com.plexapp.system] HTTP reply status 200, with 16 bytes of content.
Mar 30, 2025 06:00:34.175 [135003472145208] DEBUG - Completed: [127.0.0.1:38066] 200 GET /:/plugins/com.plexapp.system/messaging/function/X0FnZW50U2VydmljZTpVcGRhdGVJbmZv/Y2VyZWFsMQoxCmxpc3QKMApyMAo_/Y2VyZWFsMQo3CmRpY3QKbGlzdApkaWN0Cmxpc3QKbGlzdApsaXN0Cmxpc3QKMgpzMjMKY29tLnBsZXhhcHAuYWdlbnRzLmltZGJzMTAKaWRlbnRpZmllcnIxCnMxMAphZ2VudF9pbmZvMQpyMgoxMApyMwpzMTEKbWVkaWFfdHlwZXNyNApzMTIKYWNjZXB0c19mcm9tbnMxNApmYWxsYmFja19hZ2VudHI1CnMxNApjb250cmlidXRlc190b3I2CnM5Cmxhbmd1YWdlc2IxczIwCnBlcnNpc3Rfc3RvcmVkX2ZpbGVzaTAKczcKdmVyc2lvbmIxczE2CnByaW1hcnlfcHJvdmlkZXJiMXM1CnByZWZzczE5ClBsZXggTW92aWUgKExlZ2FjeSlzNApuYW1lMQpzNQpNb3ZpZTEKczI5CmNvbS5wbGV4YXBwLmFnZW50cy5sb2NhbG1lZGlhMQpzMjkKY29tLnBsZXhhcHAuYWdlbnRzLnRoZW1vdmllZGIzMwpzMgplbnMyCnN2czIKZnJzMgplc3MyCm5sczIKZGVzMgppdHMyCmRhczIKYXJzMgpjYXMyCnpoczIKY3NzMgpldHMyCmZpczIKZWxzMgpoZXMyCmhpczIKaHVzMgppZHMyCmphczIKa29zMgpsdnMyCm5vczIKZmFzMgpwbHMyCnB0czIKcm9zMgpydXMyCnNrczIKdGhzMgp0cnMyCnVrczIKdmlyMAo_ (2 live) #3d GZIP 338ms 415 bytes
Mar 30, 2025 06:00:34.228 [135003400842040] DEBUG - [Req#21] Reading 148 bytes in the body, code is 200
Mar 30, 2025 06:00:34.229 [135003400842040] DEBUG - [Req#21] [com.plexapp.agents.imdb] Plug-in running on port 33179.
Mar 30, 2025 06:00:34.229 [135003400842040] DEBUG - [Req#21] Read configuration for [com.plexapp.agents.imdb], had 0 prefixes
Mar 30, 2025 06:00:34.230 [135003400842040] DEBUG - [Req#21] [com.plexapp.agents.imdb] Sending command over HTTP (GET): /:/plugins/com.plexapp.agents.imdb/prefs
Mar 30, 2025 06:00:34.231 [135003400842040] DEBUG - [Req#21/HCl#13] HTTP requesting GET http://127.0.0.1:33179/:/plugins/com.plexapp.agents.imdb/prefs
Mar 30, 2025 06:00:34.383 [135003463756600] DEBUG - [HttpClient/HCl#13] HTTP/1.1 (0.1s) 200 response from GET http://127.0.0.1:33179/:/plugins/com.plexapp.agents.imdb/prefs
Mar 30, 2025 06:00:34.386 [135003400842040] DEBUG - [Req#21] [com.plexapp.agents.imdb] HTTP reply status 200, with 2224 bytes of content.
Mar 30, 2025 06:00:34.398 [135003400842040] DEBUG - Caching document http://127.0.0.1:32400/:/plugins/com.plexapp.agents.imdb/prefs as d74b81f273b6d3b1440d56e520a1bf89f132a8fe
Mar 30, 2025 06:00:34.411 [135003400842040] DEBUG - IVA: Downloading trailer lists.
Mar 30, 2025 06:00:35.163 [135003417619256] ERROR - downloadContainer: expected MediaContainer element, found Error
Mar 30, 2025 06:00:35.320 [135003400842040] ERROR - IVA: Error downloading trailers for source 1.
Mar 30, 2025 06:00:35.483 [135003442785080] ERROR - downloadContainer: expected MediaContainer element, found Error
Mar 30, 2025 06:00:35.533 [135003400842040] ERROR - IVA: Error downloading trailers for source 2.
Mar 30, 2025 06:00:39.294 [135003421813560] DEBUG - Request: [[::1]:43396 (Loopback)] GET /identity (2 live) #40
Mar 30, 2025 06:00:39.294 [135003472145208] DEBUG - Completed: [[::1]:43396] 200 GET /identity (2 live) #40 1ms 417 bytes (pipelined: 1)
Mar 30, 2025 06:00:44.972 [135003421813560] DEBUG - Request: [[::1]:43240 (Loopback)] GET /identity (2 live) #43
Mar 30, 2025 06:00:44.975 [135003476339512] DEBUG - Completed: [[::1]:43240] 200 GET /identity (2 live) #43 3ms 417 bytes (pipelined: 1)
Mar 30, 2025 06:00:50.808 [135003421813560] DEBUG - Request: [[::1]:34188 (Loopback)] GET /identity (2 live) #46
Mar 30, 2025 06:00:50.812 [135003476339512] DEBUG - Completed: [[::1]:34188] 200 GET /identity (2 live) #46 5ms 417 bytes (pipelined: 1)
Mar 30, 2025 06:00:57.996 [135003421813560] DEBUG - Request: [[::1]:34190 (Loopback)] GET /identity (2 live) #49
Mar 30, 2025 06:00:57.996 [135003476339512] DEBUG - Completed: [[::1]:34190] 200 GET /identity (2 live) #49 1ms 417 bytes (pipelined: 1)
Mar 30, 2025 06:01:03.312 [135003421813560] DEBUG - Request: [[::1]:48038 (Loopback)] GET /identity (2 live) #4c
Mar 30, 2025 06:01:03.317 [135003476339512] DEBUG - Completed: [[::1]:48038] 200 GET /identity (2 live) #4c 5ms 417 bytes (pipelined: 1)
Mar 30, 2025 06:01:03.467 [135003442785080] DEBUG - BPQ: [Starting] -> [Processing]
Mar 30, 2025 06:01:03.531 [135003442785080] DEBUG - BPQ: generating queue items from 0 generator(s)
Mar 30, 2025 06:01:03.531 [135003442785080] DEBUG - BPQ: generated 0 item(s) for queue
Mar 30, 2025 06:01:03.577 [135003442785080] DEBUG - BPQ: [Processing] -> [Idle]
Mar 30, 2025 06:01:08.772 [135003421813560] DEBUG - Request: [[::1]:48044 (Loopback)] GET /identity (2 live) #4f
Mar 30, 2025 06:01:08.772 [135003472145208] DEBUG - Completed: [[::1]:48044] 200 GET /identity (2 live) #4f 5ms 417 bytes (pipelined: 1)
Mar 30, 2025 06:01:14.187 [135003421813560] DEBUG - Request: [[::1]:37230 (Loopback)] GET /identity (2 live) #52
Mar 30, 2025 06:01:14.188 [135003476339512] DEBUG - Completed: [[::1]:37230] 200 GET /identity (2 live) #52 0ms 417 bytes (pipelined: 1)
Mar 30, 2025 06:01:19.569 [135003421813560] DEBUG - Request: [[::1]:37246 (Loopback)] GET /identity (2 live) #55
Mar 30, 2025 06:01:19.571 [135003472145208] DEBUG - Completed: [[::1]:37246] 200 GET /identity (2 live) #55 3ms 417 bytes (pipelined: 1)
Mar 30, 2025 06:01:25.496 [135003421813560] DEBUG - Request: [[::1]:46636 (Loopback)] GET /identity (2 live) #58
Mar 30, 2025 06:01:25.500 [135003476339512] DEBUG - Completed: [[::1]:46636] 200 GET /identity (2 live) #58 4ms 417 bytes (pipelined: 1)
Mar 30, 2025 06:01:31.092 [135003421813560] DEBUG - Request: [[::1]:59558 (Loopback)] GET /identity (2 live) #5b
Mar 30, 2025 06:01:31.097 [135003472145208] DEBUG - Completed: [[::1]:59558] 200 GET /identity (2 live) #5b 7ms 417 bytes (pipelined: 1)
Mar 30, 2025 06:01:38.384 [135003421813560] DEBUG - Request: [[::1]:59568 (Loopback)] GET /identity (2 live) #5e
Mar 30, 2025 06:01:38.388 [135003472145208] DEBUG - Completed: [[::1]:59568] 200 GET /identity (2 live) #5e 7ms 417 bytes (pipelined: 1)
Mar 30, 2025 06:01:43.569 [135003421813560] DEBUG - Request: [[::1]:48546 (Loopback)] GET /identity (2 live) #61
Mar 30, 2025 06:01:43.572 [135003476339512] DEBUG - Completed: [[::1]:48546] 200 GET /identity (2 live) #61 3ms 417 bytes (pipelined: 1)
Mar 30, 2025 06:01:48.675 [135003421813560] DEBUG - Request: [[::1]:48558 (Loopback)] GET /identity (2 live) #64
Mar 30, 2025 06:01:48.676 [135003476339512] DEBUG - Completed: [[::1]:48558] 200 GET /identity (2 live) #64 0ms 417 bytes (pipelined: 1)
Mar 30, 2025 06:01:49.783 [135003421813560] DEBUG - Request: [127.0.0.1:57050 (Loopback)] GET /servers (2 live) #67 GZIP Token ()
Mar 30, 2025 06:01:49.784 [135003476339512] DEBUG - Completed: [127.0.0.1:57050] 200 GET /servers (2 live) #67 GZIP 1ms 491 bytes
Mar 30, 2025 06:01:49.789 [135003421813560] DEBUG - Request: [127.0.0.1:57064 (Loopback)] GET / (3 live) #6a GZIP Token ()
Mar 30, 2025 06:01:49.791 [135003472145208] DEBUG - Completed: [127.0.0.1:57064] 200 GET / (3 live) #6a GZIP 1ms 2567 bytes
Mar 30, 2025 06:01:49.794 [135003421813560] DEBUG - Request: [127.0.0.1:57066 (Loopback)] GET /library/sections (4 live) #6b GZIP Token ()
Mar 30, 2025 06:01:49.850 [135003476339512] DEBUG - Completed: [127.0.0.1:57066] 200 GET /library/sections (4 live) #6b GZIP 55ms 403 bytes
Mar 30, 2025 06:01:49.854 [135003421813560] DEBUG - Request: [127.0.0.1:57074 (Loopback)] GET /channels/all (4 live) #6c GZIP Token ()
Mar 30, 2025 06:01:49.855 [135003476339512] DEBUG - Completed: [127.0.0.1:57074] 200 GET /channels/all (4 live) #6c GZIP 0ms 387 bytes
Mar 30, 2025 06:01:49.860 [135003421813560] DEBUG - Request: [127.0.0.1:57084 (Loopback)] GET /library/sections (4 live) #6e GZIP Token ()
Mar 30, 2025 06:01:49.860 [135003476339512] DEBUG - Completed: [127.0.0.1:57084] 200 GET /library/sections (4 live) #6e GZIP 0ms 403 bytes
Mar 30, 2025 06:01:49.862 [135003421813560] DEBUG - Request: [127.0.0.1:57090 (Loopback)] GET /channels/all (4 live) #70 GZIP Token ()
Mar 30, 2025 06:01:49.863 [135003476339512] DEBUG - Completed: [127.0.0.1:57090] 200 GET /channels/all (4 live) #70 GZIP 0ms 387 bytes
Mar 30, 2025 06:01:53.852 [135003421813560] DEBUG - Request: [[::1]:47748 (Loopback)] GET /identity (2 live) #72
Mar 30, 2025 06:01:53.852 [135003472145208] DEBUG - Completed: [[::1]:47748] 200 GET /identity (2 live) #72 1ms 417 bytes (pipelined: 1)
Mar 30, 2025 06:01:59.135 [135003421813560] DEBUG - Request: [[::1]:47762 (Loopback)] GET /identity (2 live) #76
Mar 30, 2025 06:01:59.138 [135003472145208] DEBUG - Completed: [[::1]:47762] 200 GET /identity (2 live) #76 4ms 417 bytes (pipelined: 1)
Mar 30, 2025 06:02:06.064 [135003421813560] DEBUG - Request: [[::1]:49368 (Loopback)] GET /identity (2 live) #79
Mar 30, 2025 06:02:06.065 [135003472145208] DEBUG - Completed: [[::1]:49368] 200 GET /identity (2 live) #79 0ms 417 bytes (pipelined: 1)
Mar 30, 2025 06:02:11.197 [135003421813560] DEBUG - Request: [[::1]:48204 (Loopback)] GET /identity (2 live) #7c
Mar 30, 2025 06:02:11.197 [135003472145208] DEBUG - Completed: [[::1]:48204] 200 GET /identity (2 live) #7c 0ms 417 bytes (pipelined: 1)
Mar 30, 2025 06:02:16.351 [135003421813560] DEBUG - Request: [[::1]:48212 (Loopback)] GET /identity (2 live) #7f
Mar 30, 2025 06:02:16.351 [135003476339512] DEBUG - Completed: [[::1]:48212] 200 GET /identity (2 live) #7f 0ms 417 bytes (pipelined: 1)
Mar 30, 2025 06:02:21.530 [135003421813560] DEBUG - Request: [[::1]:33756 (Loopback)] GET /identity (2 live) #82
Mar 30, 2025 06:02:21.531 [135003476339512] DEBUG - Completed: [[::1]:33756] 200 GET /identity (2 live) #82 2ms 417 bytes (pipelined: 1)
Mar 30, 2025 06:02:26.908 [135003421813560] DEBUG - Request: [[::1]:33764 (Loopback)] GET /identity (2 live) #85
Mar 30, 2025 06:02:26.908 [135003472145208] DEBUG - Completed: [[::1]:33764] 200 GET /identity (2 live) #85 0ms 417 bytes (pipelined: 1)
Mar 30, 2025 06:02:32.205 [135003421813560] DEBUG - Request: [[::1]:45980 (Loopback)] GET /identity (2 live) #88
Mar 30, 2025 06:02:32.206 [135003476339512] DEBUG - Completed: [[::1]:45980] 200 GET /identity (2 live) #88 2ms 417 bytes (pipelined: 1)
Mar 30, 2025 06:02:37.341 [135003421813560] DEBUG - Request: [[::1]:45982 (Loopback)] GET /identity (2 live) #8b
Mar 30, 2025 06:02:37.342 [135003476339512] DEBUG - Completed: [[::1]:45982] 200 GET /identity (2 live) #8b 0ms 417 bytes (pipelined: 1)
Mar 30, 2025 06:02:42.489 [135003421813560] DEBUG - Request: [[::1]:41994 (Loopback)] GET /identity (2 live) #8e
Mar 30, 2025 06:02:42.490 [135003472145208] DEBUG - Completed: [[::1]:41994] 200 GET /identity (2 live) #8e 0ms 417 bytes (pipelined: 1)
Mar 30, 2025 06:02:47.617 [135003421813560] DEBUG - Request: [[::1]:41996 (Loopback)] GET /identity (2 live) #91
Mar 30, 2025 06:02:47.619 [135003472145208] DEBUG - Completed: [[::1]:41996] 200 GET /identity (2 live) #91 1ms 417 bytes (pipelined: 1)
Mar 30, 2025 06:02:52.692 [135003421813560] DEBUG - Request: [[::1]:36742 (Loopback)] GET /identity (2 live) #94
Mar 30, 2025 06:02:52.692 [135003472145208] DEBUG - Completed: [[::1]:36742] 200 GET /identity (2 live) #94 0ms 417 bytes (pipelined: 1)
Mar 30, 2025 06:02:57.940 [135003421813560] DEBUG - Request: [[::1]:36748 (Loopback)] GET /identity (2 live) #97
Mar 30, 2025 06:02:57.941 [135003476339512] DEBUG - Completed: [[::1]:36748] 200 GET /identity (2 live) #97 0ms 417 bytes (pipelined: 1)
Mar 30, 2025 06:03:03.896 [135003421813560] DEBUG - Request: [[::1]:41000 (Loopback)] GET /identity (2 live) #9a
Mar 30, 2025 06:03:03.898 [135003472145208] DEBUG - Completed: [[::1]:41000] 200 GET /identity (2 live) #9a 1ms 417 bytes (pipelined: 1)
Mar 30, 2025 06:03:09.011 [135003421813560] DEBUG - Request: [[::1]:41016 (Loopback)] GET /identity (2 live) #9d
Mar 30, 2025 06:03:09.012 [135003476339512] DEBUG - Completed: [[::1]:41016] 200 GET /identity (2 live) #9d 3ms 417 bytes (pipelined: 1)
Mar 30, 2025 06:03:14.081 [135003421813560] DEBUG - Request: [[::1]:47882 (Loopback)] GET /identity (2 live) #a0
Mar 30, 2025 06:03:14.081 [135003476339512] DEBUG - Completed: [[::1]:47882] 200 GET /identity (2 live) #a0 0ms 417 bytes (pipelined: 1)
Mar 30, 2025 06:03:19.372 [135003421813560] DEBUG - Request: [[::1]:47896 (Loopback)] GET /identity (2 live) #a3
Mar 30, 2025 06:03:19.372 [135003476339512] DEBUG - Completed: [[::1]:47896] 200 GET /identity (2 live) #a3 0ms 417 bytes (pipelined: 1)
Mar 30, 2025 06:03:24.491 [135003421813560] DEBUG - Request: [[::1]:46680 (Loopback)] GET /identity (2 live) #a6
Mar 30, 2025 06:03:24.491 [135003476339512] DEBUG - Completed: [[::1]:46680] 200 GET /identity (2 live) #a6 0ms 417 bytes (pipelined: 1)
Mar 30, 2025 06:03:29.585 [135003421813560] DEBUG - Request: [[::1]:46690 (Loopback)] GET /identity (2 live) #a9
Mar 30, 2025 06:03:29.587 [135003476339512] DEBUG - Completed: [[::1]:46690] 200 GET /identity (2 live) #a9 2ms 417 bytes (pipelined: 1)
Mar 30, 2025 06:03:34.782 [135003421813560] DEBUG - Request: [[::1]:39848 (Loopback)] GET /identity (2 live) #ac
Mar 30, 2025 06:03:34.785 [135003472145208] DEBUG - Completed: [[::1]:39848] 200 GET /identity (2 live) #ac 3ms 417 bytes (pipelined: 1)
Mar 30, 2025 06:03:39.860 [135003421813560] DEBUG - Request: [[::1]:43632 (Loopback)] GET /identity (2 live) #af
Mar 30, 2025 06:03:39.861 [135003476339512] DEBUG - Completed: [[::1]:43632] 200 GET /identity (2 live) #af 0ms 417 bytes (pipelined: 1)
Mar 30, 2025 06:03:44.979 [135003421813560] DEBUG - Request: [[::1]:43634 (Loopback)] GET /identity (2 live) #b2
Mar 30, 2025 06:03:44.982 [135003472145208] DEBUG - Completed: [[::1]:43634] 200 GET /identity (2 live) #b2 2ms 417 bytes (pipelined: 1)
Mar 30, 2025 06:03:50.067 [135003421813560] DEBUG - Request: [[::1]:50560 (Loopback)] GET /identity (2 live) #b5
Mar 30, 2025 06:03:50.069 [135003472145208] DEBUG - Completed: [[::1]:50560] 200 GET /identity (2 live) #b5 2ms 417 bytes (pipelined: 1)
Mar 30, 2025 06:03:55.196 [135003421813560] DEBUG - Request: [[::1]:50572 (Loopback)] GET /identity (2 live) #b8
Mar 30, 2025 06:03:55.197 [135003472145208] DEBUG - Completed: [[::1]:50572] 200 GET /identity (2 live) #b8 0ms 417 bytes (pipelined: 1)
Mar 30, 2025 06:04:00.303 [135003421813560] DEBUG - Request: [[::1]:53398 (Loopback)] GET /identity (2 live) #bb
Mar 30, 2025 06:04:00.303 [135003472145208] DEBUG - Completed: [[::1]:53398] 200 GET /identity (2 live) #bb 0ms 417 bytes (pipelined: 1)
Mar 30, 2025 06:04:05.407 [135003421813560] DEBUG - Request: [[::1]:53410 (Loopback)] GET /identity (2 live) #be
Mar 30, 2025 06:04:05.408 [135003476339512] DEBUG - Completed: [[::1]:53410] 200 GET /identity (2 live) #be 0ms 417 bytes (pipelined: 1)
Mar 30, 2025 06:04:10.471 [135003421813560] DEBUG - Request: [[::1]:54840 (Loopback)] GET /identity (2 live) #c1
Mar 30, 2025 06:04:10.472 [135003476339512] DEBUG - Completed: [[::1]:54840] 200 GET /identity (2 live) #c1 0ms 417 bytes (pipelined: 1)
Mar 30, 2025 06:04:15.714 [135003421813560] DEBUG - Request: [[::1]:54854 (Loopback)] GET /identity (2 live) #c4
Mar 30, 2025 06:04:15.717 [135003476339512] DEBUG - Completed: [[::1]:54854] 200 GET /identity (2 live) #c4 2ms 417 bytes (pipelined: 1)
Mar 30, 2025 06:04:20.782 [135003421813560] DEBUG - Request: [[::1]:51736 (Loopback)] GET /identity (2 live) #c7
Mar 30, 2025 06:04:20.782 [135003472145208] DEBUG - Completed: [[::1]:51736] 200 GET /identity (2 live) #c7 0ms 417 bytes (pipelined: 1)
Mar 30, 2025 06:04:25.845 [135003421813560] DEBUG - Request: [[::1]:51738 (Loopback)] GET /identity (2 live) #ca
Mar 30, 2025 06:04:25.846 [135003476339512] DEBUG - Completed: [[::1]:51738] 200 GET /identity (2 live) #ca 0ms 417 bytes (pipelined: 1)
Mar 30, 2025 06:04:30.926 [135003421813560] DEBUG - Request: [[::1]:45212 (Loopback)] GET /identity (2 live) #cd
Mar 30, 2025 06:04:30.926 [135003476339512] DEBUG - Completed: [[::1]:45212] 200 GET /identity (2 live) #cd 0ms 417 bytes (pipelined: 1)
Mar 30, 2025 06:04:36.010 [135003421813560] DEBUG - Request: [[::1]:45216 (Loopback)] GET /identity (2 live) #d0
Mar 30, 2025 06:04:36.010 [135003472145208] DEBUG - Completed: [[::1]:45216] 200 GET /identity (2 live) #d0 0ms 417 bytes (pipelined: 1)
Mar 30, 2025 06:04:41.083 [135003421813560] DEBUG - Request: [[::1]:44194 (Loopback)] GET /identity (2 live) #d3
Mar 30, 2025 06:04:41.083 [135003472145208] DEBUG - Completed: [[::1]:44194] 200 GET /identity (2 live) #d3 0ms 417 bytes (pipelined: 1)
Mar 30, 2025 06:04:46.171 [135003421813560] DEBUG - Request: [[::1]:44202 (Loopback)] GET /identity (2 live) #d6
Mar 30, 2025 06:04:46.171 [135003472145208] DEBUG - Completed: [[::1]:44202] 200 GET /identity (2 live) #d6 0ms 417 bytes (pipelined: 1)
Mar 30, 2025 06:04:51.265 [135003421813560] DEBUG - Request: [[::1]:56604 (Loopback)] GET /identity (2 live) #d9
Mar 30, 2025 06:04:51.266 [135003472145208] DEBUG - Completed: [[::1]:56604] 200 GET /identity (2 live) #d9 0ms 417 bytes (pipelined: 1)
Mar 30, 2025 06:04:54.295 [135003459562296] DEBUG - [HCl#18] HTTP requesting GET https://plex.tv/api/v2/features?X-Plex-Token=
Mar 30, 2025 06:04:54.569 [135003463756600] DEBUG - [HttpClient/HCl#18] HTTP/1.1 (0.3s) 200 response from GET https://plex.tv/api/v2/features?X-Plex-Token=
Mar 30, 2025 06:04:54.581 [135003459562296] DEBUG - [HCl#19] HTTP requesting GET https://plex.tv/api/v2/server/users/features
Mar 30, 2025 06:04:54.655 [135003463756600] DEBUG - [HttpClient/HCl#19] HTTP/1.1 (0.1s) 401 response from GET https://plex.tv/api/v2/server/users/features (reused)
Mar 30, 2025 06:04:54.655 [135003442785080] ERROR - MyPlex: Error 401 requesting JSON from: https://plex.tv/api/v2/server/users/features
Mar 30, 2025 06:04:54.655 [135003459562296] WARN - FeatureManager: Couldn't get features. Trying again soon.
Mar 30, 2025 06:04:56.356 [135003421813560] DEBUG - Request: [[::1]:56606 (Loopback)] GET /identity (2 live) #dc
Mar 30, 2025 06:04:56.356 [135003472145208] DEBUG - Completed: [[::1]:56606] 200 GET /identity (2 live) #dc 0ms 417 bytes (pipelined: 1)
Mar 30, 2025 06:05:01.507 [135003421813560] DEBUG - Request: [[::1]:58994 (Loopback)] GET /identity (2 live) #df
Mar 30, 2025 06:05:01.508 [135003476339512] DEBUG - Completed: [[::1]:58994] 200 GET /identity (2 live) #df 0ms 417 bytes (pipelined: 1)
Mar 30, 2025 06:05:06.613 [135003421813560] DEBUG - Request: [[::1]:59006 (Loopback)] GET /identity (2 live) #e2
Mar 30, 2025 06:05:06.613 [135003472145208] DEBUG - Completed: [[::1]:59006] 200 GET /identity (2 live) #e2 0ms 417 bytes (pipelined: 1)
Mar 30, 2025 06:05:11.681 [135003421813560] DEBUG - Request: [[::1]:46750 (Loopback)] GET /identity (2 live) #e5
Mar 30, 2025 06:05:11.682 [135003472145208] DEBUG - Completed: [[::1]:46750] 200 GET /identity (2 live) #e5 0ms 417 bytes (pipelined: 1)
Mar 30, 2025 06:05:16.751 [135003421813560] DEBUG - Request: [[::1]:46762 (Loopback)] GET /identity (2 live) #e8
Mar 30, 2025 06:05:16.752 [135003472145208] DEBUG - Completed: [[::1]:46762] 200 GET /identity (2 live) #e8 0ms 417 bytes (pipelined: 1)
Mar 30, 2025 06:05:21.824 [135003421813560] DEBUG - Request: [[::1]:38964 (Loopback)] GET /identity (2 live) #eb
Mar 30, 2025 06:05:21.825 [135003476339512] DEBUG - Completed: [[::1]:38964] 200 GET /identity (2 live) #eb 0ms 417 bytes (pipelined: 1)
Mar 30, 2025 06:05:26.891 [135003421813560] DEBUG - Request: [[::1]:38974 (Loopback)] GET /identity (2 live) #ee
Mar 30, 2025 06:05:26.891 [135003476339512] DEBUG - Completed: [[::1]:38974] 200 GET /identity (2 live) #ee 0ms 417 bytes (pipelined: 1)
Mar 30, 2025 06:05:31.970 [135003421813560] DEBUG - Request: [[::1]:34230 (Loopback)] GET /identity (2 live) #f1
Mar 30, 2025 06:05:31.970 [135003476339512] DEBUG - Completed: [[::1]:34230] 200 GET /identity (2 live) #f1 0ms 417 bytes (pipelined: 1)
Mar 30, 2025 06:05:37.046 [135003421813560] DEBUG - Request: [[::1]:34238 (Loopback)] GET /identity (2 live) #f4
Mar 30, 2025 06:05:37.047 [135003472145208] DEBUG - Completed: [[::1]:34238] 200 GET /identity (2 live) #f4 5ms 417 bytes (pipelined: 1)
Mar 30, 2025 06:05:42.142 [135003421813560] DEBUG - Request: [[::1]:60570 (Loopback)] GET /identity (2 live) #f7
Mar 30, 2025 06:05:42.142 [135003476339512] DEBUG - Completed: [[::1]:60570] 200 GET /identity (2 live) #f7 0ms 417 bytes (pipelined: 1)
Mar 30, 2025 06:05:47.208 [135003421813560] DEBUG - Request: [[::1]:60574 (Loopback)] GET /identity (2 live) #fa
Mar 30, 2025 06:05:47.208 [135003472145208] DEBUG - Completed: [[::1]:60574] 200 GET /identity (2 live) #fa 0ms 417 bytes (pipelined: 1)
Mar 30, 2025 06:05:52.291 [135003421813560] DEBUG - Request: [[::1]:42598 (Loopback)] GET /identity (2 live) #fd
Mar 30, 2025 06:05:52.291 [135003476339512] DEBUG - Completed: [[::1]:42598] 200 GET /identity (2 live) #fd 0ms 417 bytes (pipelined: 1)
Mar 30, 2025 06:05:57.373 [135003421813560] DEBUG - Request: [[::1]:42600 (Loopback)] GET /identity (2 live) #100
Mar 30, 2025 06:05:57.373 [135003476339512] DEBUG - Completed: [[::1]:42600] 200 GET /identity (2 live) #100 0ms 417 bytes (pipelined: 1)
Mar 30, 2025 06:06:02.440 [135003421813560] DEBUG - Request: [[::1]:60440 (Loopback)] GET /identity (2 live) #103
Mar 30, 2025 06:06:02.440 [135003476339512] DEBUG - Completed: [[::1]:60440] 200 GET /identity (2 live) #103 0ms 417 bytes (pipelined: 1)
Mar 30, 2025 06:06:07.506 [135003421813560] DEBUG - Request: [[::1]:60456 (Loopback)] GET /identity (2 live) #106
Mar 30, 2025 06:06:07.506 [135003476339512] DEBUG - Completed: [[::1]:60456] 200 GET /identity (2 live) #106 0ms 417 bytes (pipelined: 1)
Mar 30, 2025 06:06:12.589 [135003421813560] DEBUG - Request: [[::1]:38962 (Loopback)] GET /identity (2 live) #109
Mar 30, 2025 06:06:12.589 [135003476339512] DEBUG - Completed: [[::1]:38962] 200 GET /identity (2 live) #109 0ms 417 bytes (pipelined: 1)
Mar 30, 2025 06:06:17.651 [135003421813560] DEBUG - Request: [[::1]:38974 (Loopback)] GET /identity (2 live) #10c
Mar 30, 2025 06:06:17.651 [135003476339512] DEBUG - Completed: [[::1]:38974] 200 GET /identity (2 live) #10c 0ms 417 bytes (pipelined: 1)
Mar 30, 2025 06:06:22.734 [135003421813560] DEBUG - Request: [[::1]:47410 (Loopback)] GET /identity (2 live) #10f
Mar 30, 2025 06:06:22.735 [135003472145208] DEBUG - Completed: [[::1]:47410] 200 GET /identity (2 live) #10f 0ms 417 bytes (pipelined: 1)
Mar 30, 2025 06:06:27.802 [135003421813560] DEBUG - Request: [[::1]:47420 (Loopback)] GET /identity (2 live) #112
Mar 30, 2025 06:06:27.802 [135003472145208] DEBUG - Completed: [[::1]:47420] 200 GET /identity (2 live) #112 0ms 417 bytes (pipelined: 1)
Mar 30, 2025 06:06:32.871 [135003421813560] DEBUG - Request: [[::1]:52704 (Loopback)] GET /identity (2 live) #115
Mar 30, 2025 06:06:32.871 [135003476339512] DEBUG - Completed: [[::1]:52704] 200 GET /identity (2 live) #115 0ms 417 bytes (pipelined: 1)
Mar 30, 2025 06:06:38.030 [135003421813560] DEBUG - Request: [[::1]:52720 (Loopback)] GET /identity (2 live) #118
Mar 30, 2025 06:06:38.030 [135003472145208] DEBUG - Completed: [[::1]:52720] 200 GET /identity (2 live) #118 1ms 417 bytes (pipelined: 1)
Mar 30, 2025 06:06:43.125 [135003421813560] DEBUG - Request: [[::1]:41878 (Loopback)] GET /identity (2 live) #11b
Mar 30, 2025 06:06:43.125 [135003472145208] DEBUG - Completed: [[::1]:41878] 200 GET /identity (2 live) #11b 1ms 417 bytes (pipelined: 1)
Mar 30, 2025 06:06:48.299 [135003421813560] DEBUG - Request: [[::1]:41888 (Loopback)] GET /identity (2 live) #11e
Mar 30, 2025 06:06:48.300 [135003472145208] DEBUG - Completed: [[::1]:41888] 200 GET /identity (2 live) #11e 1ms 417 bytes (pipelined: 1)
Mar 30, 2025 06:06:53.442 [135003421813560] DEBUG - Request: [[::1]:33666 (Loopback)] GET /identity (2 live) #121
Mar 30, 2025 06:06:53.444 [135003476339512] DEBUG - Completed: [[::1]:33666] 200 GET /identity (2 live) #121 2ms 417 bytes (pipelined: 1)
Mar 30, 2025 06:06:58.932 [135003421813560] DEBUG - Request: [[::1]:33680 (Loopback)] GET /identity (2 live) #124
Mar 30, 2025 06:06:58.932 [135003476339512] DEBUG - Completed: [[::1]:33680] 200 GET /identity (2 live) #124 0ms 417 bytes (pipelined: 1)
Mar 30, 2025 06:07:04.105 [135003421813560] DEBUG - Request: [[::1]:49846 (Loopback)] GET /identity (2 live) #127
Mar 30, 2025 06:07:04.105 [135003472145208] DEBUG - Completed: [[::1]:49846] 200 GET /identity (2 live) #127 0ms 417 bytes (pipelined: 1)
Mar 30, 2025 06:07:09.198 [135003421813560] DEBUG - Request: [[::1]:49854 (Loopback)] GET /identity (2 live) #12a
Mar 30, 2025 06:07:09.199 [135003472145208] DEBUG - Completed: [[::1]:49854] 200 GET /identity (2 live) #12a 1ms 417 bytes (pipelined: 1)
Mar 30, 2025 06:07:14.339 [135003421813560] DEBUG - Request: [[::1]:49290 (Loopback)] GET /identity (2 live) #12d
Mar 30, 2025 06:07:14.340 [135003472145208] DEBUG - Completed: [[::1]:49290] 200 GET /identity (2 live) #12d 1ms 417 bytes (pipelined: 1)
Mar 30, 2025 06:07:19.429 [135003421813560] DEBUG - Request: [[::1]:49298 (Loopback)] GET /identity (2 live) #130
Mar 30, 2025 06:07:19.430 [135003476339512] DEBUG - Completed: [[::1]:49298] 200 GET /identity (2 live) #130 1ms 417 bytes (pipelined: 1)
Mar 30, 2025 06:07:24.506 [135003421813560] DEBUG - Request: [[::1]:48988 (Loopback)] GET /identity (2 live) #133
Mar 30, 2025 06:07:24.507 [135003476339512] DEBUG - Completed: [[::1]:48988] 200 GET /identity (2 live) #133 0ms 417 bytes (pipelined: 1)
Mar 30, 2025 06:07:29.566 [135003421813560] DEBUG - Request: [[::1]:49000 (Loopback)] GET /identity (2 live) #136
Mar 30, 2025 06:07:29.567 [135003476339512] DEBUG - Completed: [[::1]:49000] 200 GET /identity (2 live) #136 0ms 417 bytes (pipelined: 1)
Mar 30, 2025 06:07:34.643 [135003421813560] DEBUG - Request: [[::1]:55286 (Loopback)] GET /identity (2 live) #139
Mar 30, 2025 06:07:34.644 [135003472145208] DEBUG - Completed: [[::1]:55286] 200 GET /identity (2 live) #139 1ms 417 bytes (pipelined: 1)
Mar 30, 2025 06:07:39.730 [135003421813560] DEBUG - Request: [[::1]:38448 (Loopback)] GET /identity (2 live) #13c
Mar 30, 2025 06:07:39.731 [135003476339512] DEBUG - Completed: [[::1]:38448] 200 GET /identity (2 live) #13c 0ms 417 bytes (pipelined: 1)
Mar 30, 2025 06:07:44.811 [135003421813560] DEBUG - Request: [[::1]:38450 (Loopback)] GET /identity (2 live) #13f
Mar 30, 2025 06:07:44.812 [135003472145208] DEBUG - Completed: [[::1]:38450] 200 GET /identity (2 live) #13f 1ms 417 bytes (pipelined: 1)
Mar 30, 2025 06:07:49.875 [135003421813560] DEBUG - Request: [[::1]:45190 (Loopback)] GET /identity (2 live) #142
Mar 30, 2025 06:07:49.875 [135003472145208] DEBUG - Completed: [[::1]:45190] 200 GET /identity (2 live) #142 0ms 417 bytes (pipelined: 1)
Mar 30, 2025 06:07:54.941 [135003421813560] DEBUG - Request: [[::1]:45198 (Loopback)] GET /identity (2 live) #145
Mar 30, 2025 06:07:54.942 [135003476339512] DEBUG - Completed: [[::1]:45198] 200 GET /identity (2 live) #145 0ms 417 bytes (pipelined: 1)
Mar 30, 2025 06:08:00.010 [135003421813560] DEBUG - Request: [[::1]:56114 (Loopback)] GET /identity (2 live) #148
Mar 30, 2025 06:08:00.011 [135003472145208] DEBUG - Completed: [[::1]:56114] 200 GET /identity (2 live) #148 0ms 417 bytes (pipelined: 1)
Mar 30, 2025 06:08:05.112 [135003421813560] DEBUG - Request: [[::1]:56118 (Loopback)] GET /identity (2 live) #14b
Mar 30, 2025 06:08:05.112 [135003472145208] DEBUG - Completed: [[::1]:56118] 200 GET /identity (2 live) #14b 0ms 417 bytes (pipelined: 1)
Mar 30, 2025 06:08:10.196 [135003421813560] DEBUG - Request: [[::1]:56418 (Loopback)] GET /identity (2 live) #14e
Mar 30, 2025 06:08:10.197 [135003476339512] DEBUG - Completed: [[::1]:56418] 200 GET /identity (2 live) #14e 0ms 417 bytes (pipelined: 1)
Mar 30, 2025 06:08:15.281 [135003421813560] DEBUG - Request: [[::1]:56426 (Loopback)] GET /identity (2 live) #151
Mar 30, 2025 06:08:15.282 [135003472145208] DEBUG - Completed: [[::1]:56426] 200 GET /identity (2 live) #151 1ms 417 bytes (pipelined: 1)
Mar 30, 2025 06:08:20.351 [135003421813560] DEBUG - Request: [[::1]:58022 (Loopback)] GET /identity (2 live) #154
Mar 30, 2025 06:08:20.352 [135003472145208] DEBUG - Completed: [[::1]:58022] 200 GET /identity (2 live) #154 0ms 417 bytes (pipelined: 1)
Mar 30, 2025 06:08:25.427 [135003421813560] DEBUG - Request: [[::1]:58038 (Loopback)] GET /identity (2 live) #157
Mar 30, 2025 06:08:25.428 [135003472145208] DEBUG - Completed: [[::1]:58038] 200 GET /identity (2 live) #157 0ms 417 bytes (pipelined: 1)
Mar 30, 2025 06:08:30.509 [135003421813560] DEBUG - Request: [[::1]:54002 (Loopback)] GET /identity (2 live) #15a
Mar 30, 2025 06:08:30.510 [135003472145208] DEBUG - Completed: [[::1]:54002] 200 GET /identity (2 live) #15a 0ms 417 bytes (pipelined: 1)
Mar 30, 2025 06:08:35.588 [135003421813560] DEBUG - Request: [[::1]:54006 (Loopback)] GET /identity (2 live) #15d
Mar 30, 2025 06:08:35.588 [135003472145208] DEBUG - Completed: [[::1]:54006] 200 GET /identity (2 live) #15d 0ms 417 bytes (pipelined: 1)
Mar 30, 2025 06:08:40.666 [135003421813560] DEBUG - Request: [[::1]:40320 (Loopback)] GET /identity (2 live) #160
Mar 30, 2025 06:08:40.666 [135003472145208] DEBUG - Completed: [[::1]:40320] 200 GET /identity (2 live) #160 0ms 417 bytes (pipelined: 1)
Mar 30, 2025 06:08:45.752 [135003421813560] DEBUG - Request: [[::1]:40322 (Loopback)] GET /identity (2 live) #163
Mar 30, 2025 06:08:45.755 [135003476339512] DEBUG - Completed: [[::1]:40322] 200 GET /identity (2 live) #163 3ms 417 bytes (pipelined: 1)
Mar 30, 2025 06:08:50.824 [135003421813560] DEBUG - Request: [[::1]:34756 (Loopback)] GET /identity (2 live) #166
Mar 30, 2025 06:08:50.825 [135003472145208] DEBUG - Completed: [[::1]:34756] 200 GET /identity (2 live) #166 0ms 417 bytes (pipelined: 1)
Mar 30, 2025 06:08:55.915 [135003421813560] DEBUG - Request: [[::1]:34762 (Loopback)] GET /identity (2 live) #169
Mar 30, 2025 06:08:55.916 [135003472145208] DEBUG - Completed: [[::1]:34762] 200 GET /identity (2 live) #169 1ms 417 bytes (pipelined: 1)
Mar 30, 2025 06:09:00.983 [135003421813560] DEBUG - Request: [[::1]:58728 (Loopback)] GET /identity (2 live) #16c
Mar 30, 2025 06:09:00.984 [135003476339512] DEBUG - Completed: [[::1]:58728] 200 GET /identity (2 live) #16c 0ms 417 bytes (pipelined: 1)
Mar 30, 2025 06:09:06.065 [135003421813560] DEBUG - Request: [[::1]:58738 (Loopback)] GET /identity (2 live) #16f
Mar 30, 2025 06:09:06.066 [135003472145208] DEBUG - Completed: [[::1]:58738] 200 GET /identity (2 live) #16f 0ms 417 bytes (pipelined: 1)
Mar 30, 2025 06:09:11.150 [135003421813560] DEBUG - Request: [[::1]:39194 (Loopback)] GET /identity (2 live) #172
Mar 30, 2025 06:09:11.150 [135003476339512] DEBUG - Completed: [[::1]:39194] 200 GET /identity (2 live) #172 0ms 417 bytes (pipelined: 1)
Mar 30, 2025 06:09:16.232 [135003421813560] DEBUG - Request: [[::1]:39208 (Loopback)] GET /identity (2 live) #175
Mar 30, 2025 06:09:16.233 [135003476339512] DEBUG - Completed: [[::1]:39208] 200 GET /identity (2 live) #175 0ms 417 bytes (pipelined: 1)
Mar 30, 2025 06:09:21.300 [135003421813560] DEBUG - Request: [[::1]:52594 (Loopback)] GET /identity (2 live) #178
Mar 30, 2025 06:09:21.300 [135003476339512] DEBUG - Completed: [[::1]:52594] 200 GET /identity (2 live) #178 0ms 417 bytes (pipelined: 1)
Mar 30, 2025 06:09:26.398 [135003421813560] DEBUG - Request: [[::1]:52600 (Loopback)] GET /identity (2 live) #17b
Mar 30, 2025 06:09:26.399 [135003472145208] DEBUG - Completed: [[::1]:52600] 200 GET /identity (2 live) #17b 0ms 417 bytes (pipelined: 1)
Mar 30, 2025 06:09:31.463 [135003421813560] DEBUG - Request: [[::1]:53842 (Loopback)] GET /identity (2 live) #17e
Mar 30, 2025 06:09:31.463 [135003476339512] DEBUG - Completed: [[::1]:53842] 200 GET /identity (2 live) #17e 0ms 417 bytes (pipelined: 1)
Mar 30, 2025 06:09:36.524 [135003421813560] DEBUG - Request: [[::1]:53844 (Loopback)] GET /identity (2 live) #181
Mar 30, 2025 06:09:36.524 [135003472145208] DEBUG - Completed: [[::1]:53844] 200 GET /identity (2 live) #181 0ms 417 bytes (pipelined: 1)
Mar 30, 2025 06:09:41.588 [135003421813560] DEBUG - Request: [[::1]:55732 (Loopback)] GET /identity (2 live) #184
Mar 30, 2025 06:09:41.588 [135003472145208] DEBUG - Completed: [[::1]:55732] 200 GET /identity (2 live) #184 0ms 417 bytes (pipelined: 1)
Mar 30, 2025 06:09:46.648 [135003421813560] DEBUG - Request: [[::1]:55742 (Loopback)] GET /identity (2 live) #187
Mar 30, 2025 06:09:46.649 [135003476339512] DEBUG - Completed: [[::1]:55742] 200 GET /identity (2 live) #187 0ms 417 bytes (pipelined: 1)
Mar 30, 2025 06:09:51.724 [135003421813560] DEBUG - Request: [[::1]:43530 (Loopback)] GET /identity (2 live) #18a
Mar 30, 2025 06:09:51.725 [135003472145208] DEBUG - Completed: [[::1]:43530] 200 GET /identity (2 live) #18a 0ms 417 bytes (pipelined: 1)
Mar 30, 2025 06:09:54.656 [135003426007864] DEBUG - [HCl#1a] HTTP requesting GET https://plex.tv/api/v2/features?X-Plex-Token=
Mar 30, 2025 06:09:54.904 [135003463756600] DEBUG - [HttpClient/HCl#1a] HTTP/1.1 (0.2s) 200 response from GET https://plex.tv/api/v2/features?X-Plex-Token=
Mar 30, 2025 06:09:54.905 [135003426007864] DEBUG - [HCl#1b] HTTP requesting GET https://plex.tv/api/v2/server/users/features
Mar 30, 2025 06:09:54.979 [135003463756600] DEBUG - [HttpClient/HCl#1b] HTTP/1.1 (0.1s) 401 response from GET https://plex.tv/api/v2/server/users/features (reused)
Mar 30, 2025 06:09:54.979 [135003459562296] ERROR - MyPlex: Error 401 requesting JSON from: https://plex.tv/api/v2/server/users/features
Mar 30, 2025 06:09:54.979 [135003426007864] WARN - FeatureManager: Couldn't get features. Trying again soon.
Mar 30, 2025 06:09:56.792 [135003421813560] DEBUG - Request: [[::1]:43536 (Loopback)] GET /identity (2 live) #18d
Mar 30, 2025 06:09:56.793 [135003472145208] DEBUG - Completed: [[::1]:43536] 200 GET /identity (2 live) #18d 0ms 417 bytes (pipelined: 1)
Mar 30, 2025 06:10:01.861 [135003421813560] DEBUG - Request: [[::1]:35288 (Loopback)] GET /identity (2 live) #190
Mar 30, 2025 06:10:01.862 [135003472145208] DEBUG - Completed: [[::1]:35288] 200 GET /identity (2 live) #190 0ms 417 bytes (pipelined: 1)
Mar 30, 2025 06:10:06.925 [135003421813560] DEBUG - Request: [[::1]:35298 (Loopback)] GET /identity (2 live) #193
Mar 30, 2025 06:10:06.925 [135003472145208] DEBUG - Completed: [[::1]:35298] 200 GET /identity (2 live) #193 0ms 417 bytes (pipelined: 1)
Mar 30, 2025 06:10:11.990 [135003421813560] DEBUG - Request: [[::1]:41250 (Loopback)] GET /identity (2 live) #196
Mar 30, 2025 06:10:11.990 [135003472145208] DEBUG - Completed: [[::1]:41250] 200 GET /identity (2 live) #196 0ms 417 bytes (pipelined: 1)
Mar 30, 2025 06:10:17.130 [135003421813560] DEBUG - Request: [[::1]:41252 (Loopback)] GET /identity (2 live) #199
Mar 30, 2025 06:10:17.130 [135003476339512] DEBUG - Completed: [[::1]:41252] 200 GET /identity (2 live) #199 0ms 417 bytes (pipelined: 1)
Mar 30, 2025 06:10:22.224 [135003421813560] DEBUG - Request: [[::1]:37034 (Loopback)] GET /identity (2 live) #19c
Mar 30, 2025 06:10:22.224 [135003472145208] DEBUG - Completed: [[::1]:37034] 200 GET /identity (2 live) #19c 0ms 417 bytes (pipelined: 1)
Mar 30, 2025 06:10:27.312 [135003421813560] DEBUG - Request: [[::1]:37050 (Loopback)] GET /identity (2 live) #19f
Mar 30, 2025 06:10:27.312 [135003472145208] DEBUG - Completed: [[::1]:37050] 200 GET /identity (2 live) #19f 0ms 417 bytes (pipelined: 1)
Mar 30, 2025 06:10:32.394 [135003421813560] DEBUG - Request: [[::1]:60634 (Loopback)] GET /identity (2 live) #1a2
Mar 30, 2025 06:10:32.395 [135003472145208] DEBUG - Completed: [[::1]:60634] 200 GET /identity (2 live) #1a2 1ms 417 bytes (pipelined: 1)
Mar 30, 2025 06:10:37.474 [135003421813560] DEBUG - Request: [[::1]:60640 (Loopback)] GET /identity (2 live) #1a5
Mar 30, 2025 06:10:37.474 [135003472145208] DEBUG - Completed: [[::1]:60640] 200 GET /identity (2 live) #1a5 0ms 417 bytes (pipelined: 1)
Mar 30, 2025 06:10:42.542 [135003421813560] DEBUG - Request: [[::1]:50676 (Loopback)] GET /identity (2 live) #1a8
Mar 30, 2025 06:10:42.542 [135003476339512] DEBUG - Completed: [[::1]:50676] 200 GET /identity (2 live) #1a8 0ms 417 bytes (pipelined: 1)
Mar 30, 2025 06:10:47.608 [135003421813560] DEBUG - Request: [[::1]:50680 (Loopback)] GET /identity (2 live) #1ab
Mar 30, 2025 06:10:47.608 [135003472145208] DEBUG - Completed: [[::1]:50680] 200 GET /identity (2 live) #1ab 0ms 417 bytes (pipelined: 1)
Mar 30, 2025 06:10:52.747 [135003421813560] DEBUG - Request: [[::1]:59406 (Loopback)] GET /identity (2 live) #1ae
Mar 30, 2025 06:10:52.747 [135003476339512] DEBUG - Completed: [[::1]:59406] 200 GET /identity (2 live) #1ae 0ms 417 bytes (pipelined: 1)
Mar 30, 2025 06:10:57.831 [135003421813560] DEBUG - Request: [[::1]:59414 (Loopback)] GET /identity (2 live) #1b1
Mar 30, 2025 06:10:57.831 [135003472145208] DEBUG - Completed: [[::1]:59414] 200 GET /identity (2 live) #1b1 0ms 417 bytes (pipelined: 1)
Mar 30, 2025 06:11:02.896 [135003421813560] DEBUG - Request: [[::1]:56096 (Loopback)] GET /identity (2 live) #1b4
Mar 30, 2025 06:11:02.896 [135003476339512] DEBUG - Completed: [[::1]:56096] 200 GET /identity (2 live) #1b4 0ms 417 bytes (pipelined: 1)
Mar 30, 2025 06:11:07.997 [135003421813560] DEBUG - Request: [[::1]:56112 (Loopback)] GET /identity (2 live) #1b7
Mar 30, 2025 06:11:07.997 [135003476339512] DEBUG - Completed: [[::1]:56112] 200 GET /identity (2 live) #1b7 0ms 417 bytes (pipelined: 1)
Mar 30, 2025 06:11:13.061 [135003421813560] DEBUG - Request: [[::1]:45692 (Loopback)] GET /identity (2 live) #1ba
Mar 30, 2025 06:11:13.062 [135003472145208] DEBUG - Completed: [[::1]:45692] 200 GET /identity (2 live) #1ba 0ms 417 bytes (pipelined: 1)
Mar 30, 2025 06:11:18.129 [135003421813560] DEBUG - Request: [[::1]:45696 (Loopback)] GET /identity (2 live) #1bd
Mar 30, 2025 06:11:18.130 [135003472145208] DEBUG - Completed: [[::1]:45696] 200 GET /identity (2 live) #1bd 0ms 417 bytes (pipelined: 1)
Mar 30, 2025 06:11:23.200 [135003421813560] DEBUG - Request: [[::1]:35552 (Loopback)] GET /identity (2 live) #1c0
Mar 30, 2025 06:11:23.200 [135003476339512] DEBUG - Completed: [[::1]:35552] 200 GET /identity (2 live) #1c0 0ms 417 bytes (pipelined: 1)
Mar 30, 2025 06:11:28.283 [135003421813560] DEBUG - Request: [[::1]:35560 (Loopback)] GET /identity (2 live) #1c3
Mar 30, 2025 06:11:28.284 [135003472145208] DEBUG - Completed: [[::1]:35560] 200 GET /identity (2 live) #1c3 0ms 417 bytes (pipelined: 1)
Mar 30, 2025 06:11:33.386 [135003421813560] DEBUG - Request: [[::1]:47030 (Loopback)] GET /identity (2 live) #1c6
Mar 30, 2025 06:11:33.387 [135003472145208] DEBUG - Completed: [[::1]:47030] 200 GET /identity (2 live) #1c6 0ms 417 bytes (pipelined: 1)
Mar 30, 2025 06:11:38.457 [135003421813560] DEBUG - Request: [[::1]:47034 (Loopback)] GET /identity (2 live) #1c9
Mar 30, 2025 06:11:38.457 [135003472145208] DEBUG - Completed: [[::1]:47034] 200 GET /identity (2 live) #1c9 0ms 417 bytes (pipelined: 1)
Mar 30, 2025 06:11:43.541 [135003421813560] DEBUG - Request: [[::1]:51388 (Loopback)] GET /identity (2 live) #1cc
Mar 30, 2025 06:11:43.542 [135003472145208] DEBUG - Completed: [[::1]:51388] 200 GET /identity (2 live) #1cc 0ms 417 bytes (pipelined: 1)
Mar 30, 2025 06:11:48.610 [135003421813560] DEBUG - Request: [[::1]:51402 (Loopback)] GET /identity (2 live) #1cf
Mar 30, 2025 06:11:48.610 [135003472145208] DEBUG - Completed: [[::1]:51402] 200 GET /identity (2 live) #1cf 0ms 417 bytes (pipelined: 1)
Mar 30, 2025 06:11:53.677 [135003421813560] DEBUG - Request: [[::1]:53972 (Loopback)] GET /identity (2 live) #1d2
Mar 30, 2025 06:11:53.678 [135003472145208] DEBUG - Completed: [[::1]:53972] 200 GET /identity (2 live) #1d2 0ms 417 bytes (pipelined: 1)
Mar 30, 2025 06:11:58.762 [135003421813560] DEBUG - Request: [[::1]:53982 (Loopback)] GET /identity (2 live) #1d5
Mar 30, 2025 06:11:58.762 [135003472145208] DEBUG - Completed: [[::1]:53982] 200 GET /identity (2 live) #1d5 0ms 417 bytes (pipelined: 1)
Mar 30, 2025 06:12:03.829 [135003421813560] DEBUG - Request: [[::1]:32860 (Loopback)] GET /identity (2 live) #1d8
Mar 30, 2025 06:12:03.829 [135003472145208] DEBUG - Completed: [[::1]:32860] 200 GET /identity (2 live) #1d8 0ms 417 bytes (pipelined: 1)
Mar 30, 2025 06:12:08.902 [135003421813560] DEBUG - Request: [[::1]:32870 (Loopback)] GET /identity (2 live) #1db
Mar 30, 2025 06:12:08.902 [135003472145208] DEBUG - Completed: [[::1]:32870] 200 GET /identity (2 live) #1db 0ms 417 bytes (pipelined: 1)
Mar 30, 2025 06:12:13.971 [135003421813560] DEBUG - Request: [[::1]:39334 (Loopback)] GET /identity (2 live) #1de
Mar 30, 2025 06:12:13.971 [135003472145208] DEBUG - Completed: [[::1]:39334] 200 GET /identity (2 live) #1de 0ms 417 bytes (pipelined: 1)
Mar 30, 2025 06:12:19.067 [135003421813560] DEBUG - Request: [[::1]:39344 (Loopback)] GET /identity (2 live) #1e1
Mar 30, 2025 06:12:19.067 [135003472145208] DEBUG - Completed: [[::1]:39344] 200 GET /identity (2 live) #1e1 0ms 417 bytes (pipelined: 1)
Mar 30, 2025 06:12:24.170 [135003421813560] DEBUG - Request: [[::1]:53250 (Loopback)] GET /identity (2 live) #1e4
Mar 30, 2025 06:12:24.170 [135003472145208] DEBUG - Completed: [[::1]:53250] 200 GET /identity (2 live) #1e4 0ms 417 bytes (pipelined: 1)
Mar 30, 2025 06:12:29.272 [135003421813560] DEBUG - Request: [[::1]:53262 (Loopback)] GET /identity (2 live) #1e7
Mar 30, 2025 06:12:29.273 [135003476339512] DEBUG - Completed: [[::1]:53262] 200 GET /identity (2 live) #1e7 0ms 417 bytes (pipelined: 1)
Mar 30, 2025 06:12:34.343 [135003421813560] DEBUG - Request: [[::1]:35048 (Loopback)] GET /identity (2 live) #1ea
Mar 30, 2025 06:12:34.344 [135003476339512] DEBUG - Completed: [[::1]:35048] 200 GET /identity (2 live) #1ea 1ms 417 bytes (pipelined: 1)
Mar 30, 2025 06:12:39.455 [135003421813560] DEBUG - Request: [[::1]:35062 (Loopback)] GET /identity (2 live) #1ed
Mar 30, 2025 06:12:39.456 [135003476339512] DEBUG - Completed: [[::1]:35062] 200 GET /identity (2 live) #1ed 0ms 417 bytes (pipelined: 1)
Mar 30, 2025 06:12:44.539 [135003421813560] DEBUG - Request: [[::1]:35578 (Loopback)] GET /identity (2 live) #1f0
Mar 30, 2025 06:12:44.539 [135003476339512] DEBUG - Completed: [[::1]:35578] 200 GET /identity (2 live) #1f0 0ms 417 bytes (pipelined: 1)
Mar 30, 2025 06:12:49.660 [135003421813560] DEBUG - Request: [[::1]:35588 (Loopback)] GET /identity (2 live) #1f3
Mar 30, 2025 06:12:49.660 [135003472145208] DEBUG - Completed: [[::1]:35588] 200 GET /identity (2 live) #1f3 0ms 417 bytes (pipelined: 1)
Mar 30, 2025 06:12:54.733 [135003421813560] DEBUG - Request: [[::1]:52562 (Loopback)] GET /identity (2 live) #1f6
Mar 30, 2025 06:12:54.734 [135003476339512] DEBUG - Completed: [[::1]:52562] 200 GET /identity (2 live) #1f6 0ms 417 bytes (pipelined: 1)
Mar 30, 2025 06:12:59.865 [135003421813560] DEBUG - Request: [[::1]:41252 (Loopback)] GET /identity (2 live) #1f9
Mar 30, 2025 06:12:59.866 [135003472145208] DEBUG - Completed: [[::1]:41252] 200 GET /identity (2 live) #1f9 1ms 417 bytes (pipelined: 1)
Mar 30, 2025 06:13:04.990 [135003421813560] DEBUG - Request: [[::1]:41266 (Loopback)] GET /identity (2 live) #1fc
Mar 30, 2025 06:13:04.991 [135003472145208] DEBUG - Completed: [[::1]:41266] 200 GET /identity (2 live) #1fc 3ms 417 bytes (pipelined: 1)
Mar 30, 2025 06:13:10.071 [135003421813560] DEBUG - Request: [[::1]:42248 (Loopback)] GET /identity (2 live) #1ff
Mar 30, 2025 06:13:10.072 [135003476339512] DEBUG - Completed: [[::1]:42248] 200 GET /identity (2 live) #1ff 0ms 417 bytes (pipelined: 1)
Mar 30, 2025 06:13:15.153 [135003421813560] DEBUG - Request: [[::1]:42264 (Loopback)] GET /identity (2 live) #202
Mar 30, 2025 06:13:15.153 [135003476339512] DEBUG - Completed: [[::1]:42264] 200 GET /identity (2 live) #202 0ms 417 bytes (pipelined: 1)
Mar 30, 2025 06:13:20.235 [135003421813560] DEBUG - Request: [[::1]:44828 (Loopback)] GET /identity (1 live) #205
Mar 30, 2025 06:13:20.237 [135003472145208] DEBUG - Completed: [[::1]:44828] 200 GET /identity (2 live) #205 1ms 417 bytes (pipelined: 1)
Mar 30, 2025 06:13:25.322 [135003421813560] DEBUG - Request: [[::1]:44842 (Loopback)] GET /identity (2 live) #208
Mar 30, 2025 06:13:25.322 [135003472145208] DEBUG - Completed: [[::1]:44842] 200 GET /identity (2 live) #208 0ms 417 bytes (pipelined: 1)
Mar 30, 2025 06:13:30.389 [135003421813560] DEBUG - Request: [[::1]:58224 (Loopback)] GET /identity (2 live) #20b
Mar 30, 2025 06:13:30.390 [135003472145208] DEBUG - Completed: [[::1]:58224] 200 GET /identity (2 live) #20b 0ms 417 bytes (pipelined: 1)
Mar 30, 2025 06:13:35.455 [135003421813560] DEBUG - Request: [[::1]:58234 (Loopback)] GET /identity (2 live) #20e
Mar 30, 2025 06:13:35.456 [135003472145208] DEBUG - Completed: [[::1]:58234] 200 GET /identity (2 live) #20e 1ms 417 bytes (pipelined: 1)
Mar 30, 2025 06:13:40.532 [135003421813560] DEBUG - Request: [[::1]:39244 (Loopback)] GET /identity (2 live) #211
Mar 30, 2025 06:13:40.532 [135003472145208] DEBUG - Completed: [[::1]:39244] 200 GET /identity (2 live) #211 0ms 417 bytes (pipelined: 1)
Mar 30, 2025 06:13:45.592 [135003421813560] DEBUG - Request: [[::1]:39252 (Loopback)] GET /identity (2 live) #214
Mar 30, 2025 06:13:45.593 [135003476339512] DEBUG - Completed: [[::1]:39252] 200 GET /identity (2 live) #214 0ms 417 bytes (pipelined: 1)
Mar 30, 2025 06:13:50.677 [135003421813560] DEBUG - Request: [[::1]:33826 (Loopback)] GET /identity (2 live) #217
Mar 30, 2025 06:13:50.679 [135003476339512] DEBUG - Completed: [[::1]:33826] 200 GET /identity (2 live) #217 1ms 417 bytes (pipelined: 1)
Mar 30, 2025 06:13:55.765 [135003421813560] DEBUG - Request: [[::1]:33836 (Loopback)] GET /identity (2 live) #21a
Mar 30, 2025 06:13:55.765 [135003472145208] DEBUG - Completed: [[::1]:33836] 200 GET /identity (2 live) #21a 0ms 417 bytes (pipelined: 1)
Mar 30, 2025 06:14:00.843 [135003421813560] DEBUG - Request: [[::1]:39588 (Loopback)] GET /identity (2 live) #21d
Mar 30, 2025 06:14:00.845 [135003476339512] DEBUG - Completed: [[::1]:39588] 200 GET /identity (2 live) #21d 2ms 417 bytes (pipelined: 1)
Mar 30, 2025 06:14:05.916 [135003421813560] DEBUG - Request: [[::1]:39596 (Loopback)] GET /identity (2 live) #220
Mar 30, 2025 06:14:05.916 [135003476339512] DEBUG - Completed: [[::1]:39596] 200 GET /identity (2 live) #220 0ms 417 bytes (pipelined: 1)
Mar 30, 2025 06:14:10.983 [135003421813560] DEBUG - Request: [[::1]:44788 (Loopback)] GET /identity (2 live) #223
Mar 30, 2025 06:14:10.984 [135003476339512] DEBUG - Completed: [[::1]:44788] 200 GET /identity (2 live) #223 0ms 417 bytes (pipelined: 1)
Mar 30, 2025 06:14:16.137 [135003421813560] DEBUG - Request: [[::1]:44802 (Loopback)] GET /identity (2 live) #226
Mar 30, 2025 06:14:16.137 [135003476339512] DEBUG - Completed: [[::1]:44802] 200 GET /identity (2 live) #226 0ms 417 bytes (pipelined: 1)
Mar 30, 2025 06:14:21.227 [135003421813560] DEBUG - Request: [[::1]:52214 (Loopback)] GET /identity (2 live) #229
Mar 30, 2025 06:14:21.228 [135003476339512] DEBUG - Completed: [[::1]:52214] 200 GET /identity (2 live) #229 1ms 417 bytes (pipelined: 1)
Mar 30, 2025 06:14:26.294 [135003421813560] DEBUG - Request: [[::1]:52222 (Loopback)] GET /identity (2 live) #22c
Mar 30, 2025 06:14:26.295 [135003476339512] DEBUG - Completed: [[::1]:52222] 200 GET /identity (2 live) #22c 0ms 417 bytes (pipelined: 1)
Mar 30, 2025 06:14:31.377 [135003421813560] DEBUG - Request: [[::1]:43418 (Loopback)] GET /identity (2 live) #22f
Mar 30, 2025 06:14:31.377 [135003476339512] DEBUG - Completed: [[::1]:43418] 200 GET /identity (2 live) #22f 0ms 417 bytes (pipelined: 1)
Mar 30, 2025 06:14:36.459 [135003421813560] DEBUG - Request: [[::1]:43422 (Loopback)] GET /identity (2 live) #232
Mar 30, 2025 06:14:36.459 [135003476339512] DEBUG - Completed: [[::1]:43422] 200 GET /identity (2 live) #232 0ms 417 bytes (pipelined: 1)
Mar 30, 2025 06:14:41.539 [135003421813560] DEBUG - Request: [[::1]:56918 (Loopback)] GET /identity (2 live) #235
Mar 30, 2025 06:14:41.539 [135003476339512] DEBUG - Completed: [[::1]:56918] 200 GET /identity (2 live) #235 0ms 417 bytes (pipelined: 1)
Mar 30, 2025 06:14:46.621 [135003421813560] DEBUG - Request: [[::1]:56932 (Loopback)] GET /identity (2 live) #238
Mar 30, 2025 06:14:46.621 [135003472145208] DEBUG - Completed: [[::1]:56932] 200 GET /identity (2 live) #238 0ms 417 bytes (pipelined: 1)
Mar 30, 2025 06:14:51.702 [135003421813560] DEBUG - Request: [[::1]:48170 (Loopback)] GET /identity (2 live) #23b
Mar 30, 2025 06:14:51.702 [135003476339512] DEBUG - Completed: [[::1]:48170] 200 GET /identity (2 live) #23b 0ms 417 bytes (pipelined: 1)
Mar 30, 2025 06:14:54.979 [135003400842040] DEBUG - [HCl#1c] HTTP requesting GET https://plex.tv/api/v2/features?X-Plex-Token=
Mar 30, 2025 06:14:55.225 [135003463756600] DEBUG - [HttpClient/HCl#1c] HTTP/1.1 (0.2s) 200 response from GET https://plex.tv/api/v2/features?X-Plex-Token=
Mar 30, 2025 06:14:55.227 [135003400842040] DEBUG - [HCl#1d] HTTP requesting GET https://plex.tv/api/v2/server/users/features
Mar 30, 2025 06:14:55.302 [135003463756600] DEBUG - [HttpClient/HCl#1d] HTTP/1.1 (0.1s) 401 response from GET https://plex.tv/api/v2/server/users/features (reused)
Mar 30, 2025 06:14:55.302 [135003459562296] ERROR - MyPlex: Error 401 requesting JSON from: https://plex.tv/api/v2/server/users/features
Mar 30, 2025 06:14:55.302 [135003400842040] WARN - FeatureManager: Couldn't get features. Trying again soon.
Mar 30, 2025 06:14:56.770 [135003421813560] DEBUG - Request: [[::1]:48176 (Loopback)] GET /identity (2 live) #23e
Mar 30, 2025 06:14:56.770 [135003472145208] DEBUG - Completed: [[::1]:48176] 200 GET /identity (2 live) #23e 0ms 417 bytes (pipelined: 1)
Mar 30, 2025 06:15:01.837 [135003421813560] DEBUG - Request: [[::1]:34068 (Loopback)] GET /identity (2 live) #241
Mar 30, 2025 06:15:01.838 [135003472145208] DEBUG - Completed: [[::1]:34068] 200 GET /identity (2 live) #241 0ms 417 bytes (pipelined: 1)
Mar 30, 2025 06:15:06.914 [135003421813560] DEBUG - Request: [[::1]:34072 (Loopback)] GET /identity (2 live) #244
Mar 30, 2025 06:15:06.916 [135003476339512] DEBUG - Completed: [[::1]:34072] 200 GET /identity (2 live) #244 2ms 417 bytes (pipelined: 1)
Mar 30, 2025 06:15:12.025 [135003421813560] DEBUG - Request: [[::1]:34808 (Loopback)] GET /identity (2 live) #247
Mar 30, 2025 06:15:12.026 [135003472145208] DEBUG - Completed: [[::1]:34808] 200 GET /identity (2 live) #247 0ms 417 bytes (pipelined: 1)
Mar 30, 2025 06:15:17.134 [135003421813560] DEBUG - Request: [[::1]:34812 (Loopback)] GET /identity (2 live) #24a
Mar 30, 2025 06:15:17.135 [135003472145208] DEBUG - Completed: [[::1]:34812] 200 GET /identity (2 live) #24a 0ms 417 bytes (pipelined: 1)
Mar 30, 2025 06:15:22.203 [135003421813560] DEBUG - Request: [[::1]:53794 (Loopback)] GET /identity (2 live) #24d
Mar 30, 2025 06:15:22.204 [135003472145208] DEBUG - Completed: [[::1]:53794] 200 GET /identity (2 live) #24d 0ms 417 bytes (pipelined: 1)
Mar 30, 2025 06:15:27.276 [135003421813560] DEBUG - Request: [[::1]:53802 (Loopback)] GET /identity (2 live) #250
Mar 30, 2025 06:15:27.277 [135003472145208] DEBUG - Completed: [[::1]:53802] 200 GET /identity (2 live) #250 0ms 417 bytes (pipelined: 1)
Mar 30, 2025 06:15:32.358 [135003421813560] DEBUG - Request: [[::1]:52202 (Loopback)] GET /identity (2 live) #253
Mar 30, 2025 06:15:32.359 [135003476339512] DEBUG - Completed: [[::1]:52202] 200 GET /identity (2 live) #253 0ms 417 bytes (pipelined: 1)
Mar 30, 2025 06:15:37.444 [135003421813560] DEBUG - Request: [[::1]:52216 (Loopback)] GET /identity (2 live) #256
Mar 30, 2025 06:15:37.444 [135003472145208] DEBUG - Completed: [[::1]:52216] 200 GET /identity (2 live) #256 0ms 417 bytes (pipelined: 1)
Mar 30, 2025 06:15:42.537 [135003421813560] DEBUG - Request: [[::1]:51294 (Loopback)] GET /identity (2 live) #259
Mar 30, 2025 06:15:42.537 [135003476339512] DEBUG - Completed: [[::1]:51294] 200 GET /identity (2 live) #259 0ms 417 bytes (pipelined: 1)
Mar 30, 2025 06:15:47.630 [135003421813560] DEBUG - Request: [[::1]:51298 (Loopback)] GET /identity (2 live) #25c
Mar 30, 2025 06:15:47.630 [135003476339512] DEBUG - Completed: [[::1]:51298] 200 GET /identity (2 live) #25c 0ms 417 bytes (pipelined: 1)
Mar 30, 2025 06:15:52.754 [135003421813560] DEBUG - Request: [[::1]:42836 (Loopback)] GET /identity (2 live) #25f
Mar 30, 2025 06:15:52.754 [135003472145208] DEBUG - Completed: [[::1]:42836] 200 GET /identity (2 live) #25f 0ms 417 bytes (pipelined: 1)
Mar 30, 2025 06:15:57.861 [135003421813560] DEBUG - Request: [[::1]:42838 (Loopback)] GET /identity (2 live) #262
Mar 30, 2025 06:15:57.862 [135003472145208] DEBUG - Completed: [[::1]:42838] 200 GET /identity (2 live) #262 0ms 417 bytes (pipelined: 1)
Mar 30, 2025 06:16:02.974 [135003421813560] DEBUG - Request: [[::1]:45246 (Loopback)] GET /identity (2 live) #265
Mar 30, 2025 06:16:02.975 [135003476339512] DEBUG - Completed: [[::1]:45246] 200 GET /identity (2 live) #265 1ms 417 bytes (pipelined: 1)
Mar 30, 2025 06:16:08.140 [135003421813560] DEBUG - Request: [[::1]:45250 (Loopback)] GET /identity (2 live) #268
Mar 30, 2025 06:16:08.141 [135003472145208] DEBUG - Completed: [[::1]:45250] 200 GET /identity (2 live) #268 0ms 417 bytes (pipelined: 1)
Mar 30, 2025 06:16:13.249 [135003421813560] DEBUG - Request: [[::1]:49408 (Loopback)] GET /identity (2 live) #26b
Mar 30, 2025 06:16:13.250 [135003476339512] DEBUG - Completed: [[::1]:49408] 200 GET /identity (2 live) #26b 0ms 417 bytes (pipelined: 1)
Mar 30, 2025 06:16:18.379 [135003421813560] DEBUG - Request: [[::1]:49424 (Loopback)] GET /identity (2 live) #26e
Mar 30, 2025 06:16:18.383 [135003472145208] DEBUG - Completed: [[::1]:49424] 200 GET /identity (2 live) #26e 4ms 417 bytes (pipelined: 1)
Mar 30, 2025 06:16:23.471 [135003421813560] DEBUG - Request: [[::1]:33854 (Loopback)] GET /identity (2 live) #271
Mar 30, 2025 06:16:23.472 [135003476339512] DEBUG - Completed: [[::1]:33854] 200 GET /identity (2 live) #271 1ms 417 bytes (pipelined: 1)
Mar 30, 2025 06:16:28.556 [135003421813560] DEBUG - Request: [[::1]:33856 (Loopback)] GET /identity (2 live) #274
Mar 30, 2025 06:16:28.556 [135003476339512] DEBUG - Completed: [[::1]:33856] 200 GET /identity (2 live) #274 0ms 417 bytes (pipelined: 1)
Mar 30, 2025 06:16:33.621 [135003421813560] DEBUG - Request: [[::1]:37210 (Loopback)] GET /identity (2 live) #277
Mar 30, 2025 06:16:33.622 [135003476339512] DEBUG - Completed: [[::1]:37210] 200 GET /identity (2 live) #277 0ms 417 bytes (pipelined: 1)
Mar 30, 2025 06:16:38.729 [135003421813560] DEBUG - Request: [[::1]:37220 (Loopback)] GET /identity (2 live) #27a
Mar 30, 2025 06:16:38.730 [135003476339512] DEBUG - Completed: [[::1]:37220] 200 GET /identity (2 live) #27a 0ms 417 bytes (pipelined: 1)
Mar 30, 2025 06:16:43.796 [135003421813560] DEBUG - Request: [[::1]:47872 (Loopback)] GET /identity (2 live) #27d
Mar 30, 2025 06:16:43.797 [135003476339512] DEBUG - Completed: [[::1]:47872] 200 GET /identity (2 live) #27d 0ms 417 bytes (pipelined: 1)
Mar 30, 2025 06:16:48.863 [135003421813560] DEBUG - Request: [[::1]:47876 (Loopback)] GET /identity (2 live) #280
Mar 30, 2025 06:16:48.864 [135003476339512] DEBUG - Completed: [[::1]:47876] 200 GET /identity (2 live) #280 0ms 417 bytes (pipelined: 1)
Mar 30, 2025 06:16:53.931 [135003421813560] DEBUG - Request: [[::1]:35386 (Loopback)] GET /identity (2 live) #283
Mar 30, 2025 06:16:53.931 [135003476339512] DEBUG - Completed: [[::1]:35386] 200 GET /identity (2 live) #283 0ms 417 bytes (pipelined: 1)
Mar 30, 2025 06:16:58.997 [135003421813560] DEBUG - Request: [[::1]:35388 (Loopback)] GET /identity (2 live) #286
Mar 30, 2025 06:16:58.997 [135003476339512] DEBUG - Completed: [[::1]:35388] 200 GET /identity (2 live) #286 0ms 417 bytes (pipelined: 1)
Mar 30, 2025 06:17:04.072 [135003421813560] DEBUG - Request: [[::1]:41866 (Loopback)] GET /identity (2 live) #289
Mar 30, 2025 06:17:04.073 [135003476339512] DEBUG - Completed: [[::1]:41866] 200 GET /identity (2 live) #289 0ms 417 bytes (pipelined: 1)
Mar 30, 2025 06:17:09.145 [135003421813560] DEBUG - Request: [[::1]:41874 (Loopback)] GET /identity (2 live) #28c
Mar 30, 2025 06:17:09.146 [135003472145208] DEBUG - Completed: [[::1]:41874] 200 GET /identity (2 live) #28c 0ms 417 bytes (pipelined: 1)
Mar 30, 2025 06:17:14.224 [135003421813560] DEBUG - Request: [[::1]:38286 (Loopback)] GET /identity (2 live) #28f
Mar 30, 2025 06:17:14.226 [135003476339512] DEBUG - Completed: [[::1]:38286] 200 GET /identity (2 live) #28f 2ms 417 bytes (pipelined: 1)
Mar 30, 2025 06:17:19.322 [135003421813560] DEBUG - Request: [[::1]:38292 (Loopback)] GET /identity (2 live) #292
Mar 30, 2025 06:17:19.323 [135003476339512] DEBUG - Completed: [[::1]:38292] 200 GET /identity (2 live) #292 1ms 417 bytes (pipelined: 1)
Mar 30, 2025 06:17:24.393 [135003421813560] DEBUG - Request: [[::1]:51296 (Loopback)] GET /identity (2 live) #295
Mar 30, 2025 06:17:24.393 [135003472145208] DEBUG - Completed: [[::1]:51296] 200 GET /identity (2 live) #295 0ms 417 bytes (pipelined: 1)
Mar 30, 2025 06:17:29.462 [135003421813560] DEBUG - Request: [[::1]:51302 (Loopback)] GET /identity (2 live) #298
Mar 30, 2025 06:17:29.462 [135003472145208] DEBUG - Completed: [[::1]:51302] 200 GET /identity (2 live) #298 0ms 417 bytes (pipelined: 1)
Mar 30, 2025 06:17:34.530 [135003421813560] DEBUG - Request: [[::1]:54962 (Loopback)] GET /identity (2 live) #29b
Mar 30, 2025 06:17:34.531 [135003476339512] DEBUG - Completed: [[::1]:54962] 200 GET /identity (2 live) #29b 1ms 417 bytes (pipelined: 1)
Mar 30, 2025 06:17:39.593 [135003421813560] DEBUG - Request: [[::1]:54966 (Loopback)] GET /identity (2 live) #29e
Mar 30, 2025 06:17:39.594 [135003476339512] DEBUG - Completed: [[::1]:54966] 200 GET /identity (2 live) #29e 0ms 417 bytes (pipelined: 1)
Mar 30, 2025 06:17:44.718 [135003421813560] DEBUG - Request: [[::1]:56504 (Loopback)] GET /identity (2 live) #2a1
Mar 30, 2025 06:17:44.720 [135003472145208] DEBUG - Completed: [[::1]:56504] 200 GET /identity (2 live) #2a1 2ms 417 bytes (pipelined: 1)
Mar 30, 2025 06:17:46.243 [135003455367992] WARN - Warning: ex: boost::filesystem::last_write_time: No such file or directory [system:2]: "/config/Library/Application Support/Plex Media Server/Plug-ins", couldn't check file: "/config/Library/Application Support/Plex Media Server/Plug-ins"
