Mar 30, 2025 08:59:54.602 [0x74b981186b38] INFO - Plex Tuner Service v1.41.5.9522-a96edc606 - Docker Docker Container x86_64 - build: 
Mar 30, 2025 08:59:54.602 [0x74b981186b38] INFO - Linux version: 6.8.0-1021-azure (#25~22.04.1-Ubuntu SMP Thu Jan 16 21:37:09 UTC 2025), language: en-US
Mar 30, 2025 08:59:54.602 [0x74b981186b38] INFO - Processor AMD EPYC 7763 64-Core Processor                
Mar 30, 2025 08:59:54.602 [0x74b981186b38] INFO - /usr/lib/plexmediaserver/Plex Tuner Service /usr/lib/plexmediaserver/Resources/Tuner/Private /usr/lib/plexmediaserver/Resources/Tuner/Shared 1.41.5.9522-a96edc606 32600
Mar 30, 2025 08:59:54.456 [0x74b982cf8808] INFO - [I] broker_t::start...
Mar 30, 2025 08:59:54.820 [0x74b982cf8808] INFO - [I] device_manager_t::init.
Mar 30, 2025 08:59:54.821 [0x74b982cf8808] INFO - [I] device_manager_t::init. Initialize provider manager
Mar 30, 2025 08:59:54.823 [0x74b982cf8808] INFO - [I] device_manager_t::init. Initialize all device auxes
Mar 30, 2025 08:59:54.823 [0x74b982cf8808] INFO - [I] dvb_device_factory_t::get_aux_list
Mar 30, 2025 08:59:54.823 [0x74b982cf8808] INFO - [I] tvbutler_aux_t::init
Mar 30, 2025 08:59:55.254 [0x74b982cf8808] INFO - [I] web_server_t::start. Starting web server on port 32600
Mar 30, 2025 09:31:56.653 [0x74b982cf8808] INFO - Received SIGINT: Interrupt from keyboard.
Mar 30, 2025 09:31:56.677 [0x74b982cf8808] INFO - [I] device_manager_t::term
Mar 30, 2025 09:31:56.677 [0x74b982cf8808] INFO - [I] device_manager_t::term. Stop all devices
Mar 30, 2025 09:31:56.677 [0x74b982cf8808] INFO - [I] device_manager_t::term. Shut down all device auxes
Mar 30, 2025 09:31:56.678 [0x74b982cf8808] INFO - [I] tvbutler_aux_t::term
Mar 30, 2025 09:31:56.715 [0x74b982cf8808] INFO - [I] web_server_t::stop. Web server is stopped
Mar 30, 2025 09:31:56.715 [0x74b982cf8808] INFO - [I] device_manager_t::term
Mar 30, 2025 09:31:56.715 [0x74b982cf8808] INFO - [I] device_manager_t::term. Stop all devices
Mar 30, 2025 09:31:56.715 [0x74b982cf8808] INFO - [I] device_manager_t::term. Shut down all device auxes
Mar 30, 2025 09:31:56.715 [0x74b982cf8808] INFO - [I] broker_t::shutdown. Shutdown is completed.
