2025-03-30 05:59:34,723 (7a836c8d1808) :  INFO (core:349) - Starting framework core - Version: 2.6.3, Build: a96edc6 (Fri Feb 21 14:37:39 UTC 2025)
2025-03-30 05:59:34,731 (7a836c8d1808) :  DEBUG (core:361) - Using the elevated policy
2025-03-30 05:59:34,732 (7a836c8d1808) :  DEBUG (core:365) - Extending whitelist: ['cgi', 'tempfile']
2025-03-30 05:59:34,732 (7a836c8d1808) :  DEBUG (core:450) - Starting runtime component.
2025-03-30 05:59:34,907 (7a836c8d1808) :  DEBUG (core:450) - Starting caching component.
2025-03-30 05:59:34,907 (7a836c8d1808) :  DEBUG (core:450) - Starting data component.
2025-03-30 05:59:34,907 (7a836c8d1808) :  DEBUG (core:450) - Starting networking component.
2025-03-30 05:59:34,923 (7a836c8d1808) :  DEBUG (networking:262) - Loaded HTTP cookies
2025-03-30 05:59:34,925 (7a836c8d1808) :  DEBUG (networking:434) - Setting the default network timeout to 20.0
2025-03-30 05:59:34,937 (7a836c8d1808) :  DEBUG (core:450) - Starting localization component.
2025-03-30 05:59:34,937 (7a836c8d1808) :  INFO (localization:409) - Setting the default locale to en-us
2025-03-30 05:59:35,273 (7a836c8d1808) :  WARNING (data:179) - Error decoding with simplejson, using demjson instead (this will cause a performance hit) - Expecting property name enclosed in double quotes: line 26 column 1 (char 1078)
2025-03-30 05:59:35,318 (7a836c8d1808) :  DEBUG (localization:427) - Loaded en strings
2025-03-30 05:59:35,324 (7a836c8d1808) :  DEBUG (core:450) - Starting messaging component.
2025-03-30 05:59:35,324 (7a836c8d1808) :  DEBUG (core:450) - Starting debugging component.
2025-03-30 05:59:35,324 (7a836c8d1808) :  DEBUG (core:450) - Starting services component.
2025-03-30 05:59:35,325 (7a836c8d1808) :  DEBUG (core:450) - Starting myplex component.
2025-03-30 05:59:35,325 (7a836c8d1808) :  DEBUG (core:450) - Starting notifications component.
2025-03-30 05:59:40,384 (7a836c8d1808) :  DEBUG (accessor:68) - Creating a new model access point for provider com.plexapp.system in namespace 'metadata'
2025-03-30 05:59:40,638 (7a83692eab38) :  DEBUG (services:265) - Plug-in is not daemonized - loading services from system
2025-03-30 05:59:40,640 (7a836c8d1808) :  DEBUG (runtime:1117) - Created a thread named 'load_all_services'
2025-03-30 05:59:40,654 (7a83692eab38) :  DEBUG (networking:144) - Requesting 'http://127.0.0.1:32400/:/plugins/com.plexapp.system/messaging/function/X0J1bmRsZVNlcnZpY2U6QWxsU2VydmljZXM_/Y2VyZWFsMQoxCmxpc3QKMApyMAo_/Y2VyZWFsMQoxCmRpY3QKMApyMAo_'
2025-03-30 05:59:40,655 (7a836929db38) :  DEBUG (networking:144) - Requesting 'http://127.0.0.1:32400'
2025-03-30 05:59:40,665 (7a836c8d1808) :  DEBUG (runtime:1117) - Created a thread named 'get_server_info'
2025-03-30 05:59:40,666 (7a836c8d1808) :  DEBUG (core:150) - Finished starting framework core
2025-03-30 05:59:40,666 (7a836c8d1808) :  DEBUG (core:560) - Loading plug-in code
2025-03-30 05:59:40,758 (7a836929db38) :  ERROR (networking:197) - Error opening URL 'http://127.0.0.1:32400'
2025-03-30 05:59:40,796 (7a836929db38) :  WARNING (core:541) - Unable to retrieve the machine identifier or server version.
2025-03-30 05:59:40,782 (7a83692eab38) :  ERROR (networking:197) - Error opening URL 'http://127.0.0.1:32400/:/plugins/com.plexapp.system/messaging/function/X0J1bmRsZVNlcnZpY2U6QWxsU2VydmljZXM_/Y2VyZWFsMQoxCmxpc3QKMApyMAo_/Y2VyZWFsMQoxCmRpY3QKMApyMAo_'
2025-03-30 05:59:40,822 (7a83692eab38) :  ERROR (services:272) - Unable to load services from system. Loading from the current bundle only.
2025-03-30 05:59:40,830 (7a83692eab38) :  DEBUG (services:362) - Loaded services
2025-03-30 05:59:40,939 (7a83692c7b38) :  DEBUG (services:438) - No shared code to load
2025-03-30 05:59:41,214 (7a836c8d1808) :  DEBUG (core:566) - Finished loading plug-in code
2025-03-30 05:59:41,228 (7a836c8d1808) :  DEBUG (runtime:640) - Adding a prefix handler for 'System' ('/system')
2025-03-30 05:59:48,242 (7a836c8d1808) :  INFO (__init__:35) - Starting System a96edc6 (Fri Feb 21 14:37:39 UTC 2025)
2025-03-30 05:59:48,244 (7a836c8d1808) :  DEBUG (runtime:640) - Adding a prefix handler for 'Player' ('/player')
2025-03-30 05:59:48,326 (7a836c8d1808) :  INFO (datakit:93) - Loaded the dictionary file
2025-03-30 05:59:48,338 (7a836c8d1808) :  DEBUG (agentservice:52) - Starting the agent service
2025-03-30 05:59:49,493 (7a836c8d1808) :  DEBUG (accessor:68) - Creating a new model access point for provider com.plexapp.system in namespace 'metadata'
2025-03-30 05:59:49,633 (7a836c8d1808) :  DEBUG (bundleservice:65) - Starting the bundle service
2025-03-30 05:59:49,641 (7a836c8d1808) :  DEBUG (runtime:1117) - Created a thread named 'start'
2025-03-30 05:59:49,642 (7a836c8d1808) :  DEBUG (playerservice:12) - Starting the player service
2025-03-30 05:59:49,670 (7a836c8d1808) :  DEBUG (flagservice:13) - Starting the media flag service
2025-03-30 05:59:49,690 (7a8369128b38) :  DEBUG (runtime:1117) - Created a thread named 'ensure_agent_info_exists_inner'
2025-03-30 05:59:49,692 (7a836c8d1808) :  DEBUG (runtime:1117) - Created a thread named 'start'
2025-03-30 05:59:49,693 (7a836c8d1808) :  DEBUG (peerservice:141) - Starting the peer service
2025-03-30 05:59:49,728 (7a83690bfb38) :  DEBUG (peerservice:164) - Fetching the current list of servers
2025-03-30 05:59:49,741 (7a836c8d1808) :  DEBUG (runtime:1117) - Created a thread named 'refresh_servers'
2025-03-30 05:59:49,779 (7a83690bfb38) :  DEBUG (networking:144) - Requesting 'http://127.0.0.1:32400/servers'
2025-03-30 05:59:49,802 (7a836c8d1808) :  DEBUG (runtime:1150) - Scheduled a timed thread named 'refresh_servers'
2025-03-30 05:59:49,803 (7a836c8d1808) :  DEBUG (streamservice:18) - Starting the stream service
2025-03-30 05:59:49,803 (7a836c8d1808) :  CRITICAL (runtime:709) - Private handlers are no longer supported; couldn't register <bound method StreamService.token_handler of <streamservice.StreamService object at 0x7a8368ede2d0>>
2025-03-30 05:59:49,835 (7a83690bfb38) :  ERROR (networking:197) - Error opening URL 'http://127.0.0.1:32400/servers'
2025-03-30 05:59:49,856 (7a836c8d1808) :  DEBUG (runtime:1150) - Scheduled a timed thread named 'invalidation_timer'
2025-03-30 05:59:49,857 (7a836c8d1808) :  DEBUG (proxyservice:12) - Starting the proxy service
2025-03-30 05:59:49,935 (7a8369128b38) :  DEBUG (runtime:1117) - Created a thread named 'ensure_agent_info_exists_inner'
2025-03-30 05:59:49,911 (7a83690bfb38) :  CRITICAL (runtime:1128) - Exception in thread named 'refresh_servers' (most recent call last):
  File "/usr/lib/plexmediaserver/Resources/Plug-ins-a96edc606/Framework.bundle/Contents/Resources/Versions/2/Python/Framework/components/runtime.py", line 1126, in _start_thread
    f(*args, **kwargs)
  File "/usr/lib/plexmediaserver/Resources/Plug-ins-a96edc606/System.bundle/Contents/Code/peerservice.py", line 169, in refresh_servers
    servers_el = self.get_servers_el()
  File "/usr/lib/plexmediaserver/Resources/Plug-ins-a96edc606/System.bundle/Contents/Code/peerservice.py", line 165, in get_servers_el
    return XML.ElementFromURL('http://127.0.0.1:32400/servers', cacheTime = 0)
  File "/usr/lib/plexmediaserver/Resources/Plug-ins-a96edc606/Framework.bundle/Contents/Resources/Versions/2/Python/Framework/api/parsekit.py", line 344, in ElementFromURL
    method=method,
  File "/usr/lib/plexmediaserver/Resources/Plug-ins-a96edc606/Framework.bundle/Contents/Resources/Versions/2/Python/Framework/api/networkkit.py", line 67, in _http_request
    req = self._core.networking.http_request(url, *args, **kwargs)
  File "/usr/lib/plexmediaserver/Resources/Plug-ins-a96edc606/Framework.bundle/Contents/Resources/Versions/2/Python/Framework/components/networking.py", line 352, in http_request
    return HTTPRequest(self._core, url, data, h, url_cache, encoding, errors, timeout, immediate, sleep, opener, follow_redirects, method)
  File "/usr/lib/plexmediaserver/Resources/Plug-ins-a96edc606/Framework.bundle/Contents/Resources/Versions/2/Python/Framework/components/networking.py", line 119, in __init__
    self.load()
  File "/usr/lib/plexmediaserver/Resources/Plug-ins-a96edc606/Framework.bundle/Contents/Resources/Versions/2/Python/Framework/components/networking.py", line 159, in load
    f = self._opener.open(req, timeout=self._timeout)
  File "/usr/lib/plexmediaserver/Resources/Python/python27.zip/urllib2.py", line 435, in open
    response = meth(req, response)
  File "/usr/lib/plexmediaserver/Resources/Python/python27.zip/urllib2.py", line 548, in http_response
    'http', request, response, code, msg, hdrs)
  File "/usr/lib/plexmediaserver/Resources/Python/python27.zip/urllib2.py", line 473, in error
    return self._call_chain(*args)
  File "/usr/lib/plexmediaserver/Resources/Python/python27.zip/urllib2.py", line 407, in _call_chain
    result = func(*args)
  File "/usr/lib/plexmediaserver/Resources/Python/python27.zip/urllib2.py", line 556, in http_error_default
    raise HTTPError(req.get_full_url(), code, msg, hdrs, fp)
HTTPError: HTTP Error 503: Service Unavailable

2025-03-30 05:59:49,990 (7a836c8d1808) :  DEBUG (runtime:1117) - Created a thread named 'update_attribution_flags_inner'
2025-03-30 05:59:50,002 (7a836c8d1808) :  INFO (core:611) - Started plug-in
2025-03-30 05:59:50,002 (7a836c8d1808) :  DEBUG (socketinterface:160) - Starting socket server
2025-03-30 05:59:50,008 (7a8369128b38) :  DEBUG (runtime:1117) - Created a thread named 'ensure_agent_info_exists_inner'
2025-03-30 05:59:50,011 (7a836c8d1808) :  DEBUG (runtime:1117) - Created a thread named 'start'
2025-03-30 05:59:50,012 (7a836c8d1808) :  INFO (socketinterface:184) - Socket server started on port 38991
2025-03-30 05:59:50,012 (7a836c8d1808) :  INFO (pipeinterface:25) - Entering run loop
2025-03-30 05:59:50,012 (7a836c8d1808) :  DEBUG (runtime:717) - Handling request GET /:/prefixes
2025-03-30 05:59:50,107 (7a8369128b38) :  DEBUG (runtime:1117) - Created a thread named 'ensure_agent_info_exists_inner'
2025-03-30 05:59:50,112 (7a836c8d1808) :  DEBUG (runtime:814) - Found route matching /:/prefixes
2025-03-30 05:59:50,121 (7a8369128b38) :  DEBUG (runtime:1117) - Created a thread named 'ensure_agent_info_exists_inner'
2025-03-30 05:59:50,134 (7a836c8d1808) :  DEBUG (runtime:924) - Response: [200] MediaContainer, 486 bytes
2025-03-30 05:59:50,168 (7a8369128b38) :  DEBUG (runtime:1117) - Created a thread named 'ensure_agent_info_exists_inner'
2025-03-30 05:59:50,174 (7a836900ab38) :  DEBUG (runtime:717) - Handling request GET /system/agents
2025-03-30 05:59:50,436 (7a836900ab38) :  DEBUG (runtime:814) - Found route matching /system/agents
2025-03-30 05:59:50,481 (7a8369128b38) :  DEBUG (runtime:1117) - Created a thread named 'ensure_agent_info_exists_inner'
2025-03-30 05:59:50,527 (7a8369128b38) :  DEBUG (runtime:1117) - Created a thread named 'ensure_agent_info_exists_inner'
2025-03-30 05:59:50,554 (7a8369128b38) :  INFO (bundleservice:131) - Found duplicate identifier at /usr/lib/plexmediaserver/Resources/Plug-ins-a96edc606/TheTVDBv4.bundle for bundled plugin (com.plexapp.agents.thetvdb), ignoring duplicate plugin.
2025-03-30 05:59:50,669 (7a8369128b38) :  DEBUG (runtime:1117) - Created a thread named 'ensure_agent_info_exists_inner'
2025-03-30 05:59:50,866 (7a8369128b38) :  DEBUG (runtime:1117) - Created a thread named 'ensure_agent_info_exists_inner'
2025-03-30 05:59:50,968 (7a8369128b38) :  DEBUG (runtime:1117) - Created a thread named 'ensure_agent_info_exists_inner'
2025-03-30 05:59:51,241 (7a8369128b38) :  DEBUG (runtime:1117) - Created a thread named 'ensure_agent_info_exists_inner'
2025-03-30 05:59:51,404 (7a8369128b38) :  DEBUG (runtime:1117) - Created a thread named 'ensure_agent_info_exists_inner'
2025-03-30 05:59:51,429 (7a8369128b38) :  DEBUG (runtime:1117) - Created a thread named 'remove_unavailable_agents'
2025-03-30 05:59:51,433 (7a8369128b38) :  DEBUG (bundleservice:81) - Started the bundle service
2025-03-30 05:59:51,443 (7a83690e2b38) :  DEBUG (flagservice:46) - Started the media flag service
2025-03-30 05:59:51,730 (7a83690bfb38) :  INFO (agentservice:129) - Agent info: {'com.plexapp.agents.fanarttv': [{'media_types': ['Movie'], 'accepts_from': None, 'fallback_agent': None, 'contributes_to': ['com.plexapp.agents.imdb', 'com.plexapp.agents.themoviedb'], 'has_attribution': True, 'languages': ['xn'], 'persist_stored_files': True, 'version': 0, 'primary_provider': False, 'prefs': True, 'name': 'Fanart.tv'}, {'media_types': ['TV_Show'], 'accepts_from': None, 'fallback_agent': None, 'contributes_to': ['com.plexapp.agents.thetvdb', 'com.plexapp.agents.themoviedb'], 'has_attribution': True, 'languages': ['xn'], 'persist_stored_files': True, 'version': 0, 'primary_provider': False, 'prefs': True, 'name': 'Fanart.tv'}, {'media_types': ['Artist'], 'accepts_from': None, 'fallback_agent': None, 'contributes_to': ['com.plexapp.agents.lastfm'], 'has_attribution': True, 'languages': ['xn'], 'persist_stored_files': True, 'version': 0, 'primary_provider': False, 'prefs': True, 'name': 'Fanart.tv'}, {'media_types': ['Album'], 'accepts_from': None, 'fallback_agent': None, 'contributes_to': ['com.plexapp.agents.lastfm'], 'has_attribution': True, 'languages': ['xn'], 'persist_stored_files': True, 'version': 0, 'primary_provider': False, 'prefs': True, 'name': 'Fanart.tv'}], 'com.plexapp.agents.none': [{'media_types': ['Movie'], 'accepts_from': None, 'fallback_agent': None, 'contributes_to': None, 'has_attribution': False, 'languages': ['xn'], 'persist_stored_files': True, 'version': 0, 'primary_provider': True, 'prefs': False, 'name': 'Personal Media'}, {'media_types': ['TV_Show'], 'accepts_from': None, 'fallback_agent': None, 'contributes_to': None, 'has_attribution': False, 'languages': ['xn'], 'persist_stored_files': True, 'version': 0, 'primary_provider': True, 'prefs': False, 'name': 'Personal Media Shows'}, {'media_types': ['Artist'], 'accepts_from': None, 'fallback_agent': None, 'contributes_to': None, 'has_attribution': False, 'languages': ['xn'], 'persist_stored_files': True, 'version': 0, 'primary_provider': True, 'prefs': False, 'name': 'Personal Media Artists'}, {'media_types': ['Album'], 'accepts_from': None, 'fallback_agent': None, 'contributes_to': None, 'has_attribution': False, 'languages': ['xn'], 'persist_stored_files': True, 'version': 0, 'primary_provider': True, 'prefs': False, 'name': 'Personal Media Albums'}, {'media_types': ['Photo'], 'accepts_from': None, 'fallback_agent': None, 'contributes_to': None, 'has_attribution': False, 'languages': ['en', 'ar', 'bg', 'ca', 'cs', 'cy', 'da', 'de', 'el', 'es', 'et', 'fa', 'fi', 'fr', 'he', 'hi', 'hr', 'ht', 'hu', 'id', 'it', 'ja', 'ko', 'lt', 'lv', 'ms', 'mt', 'nl', 'no', 'pl', 'pt', 'ro', 'ru', 'sk', 'sv', 'sl', 'sr', 'th', 'tr', 'uk', 'ur', 'vi', 'zh', 'xn'], 'persist_stored_files': True, 'version': 0, 'primary_provider': True, 'prefs': False, 'name': 'Photos'}], 'com.plexapp.agents.htbackdrops': [{'media_types': ['Artist'], 'accepts_from': None, 'fallback_agent': None, 'contributes_to': ['com.plexapp.agents.lastfm'], 'has_attribution': True, 'languages': ['ab', 'aa', 'af', 'ak', 'sq', 'am', 'ar', 'an', 'hy', 'as', 'av', 'ae', 'ay', 'az', 'bm', 'ba', 'eu', 'be', 'bn', 'bh', 'bi', 'bs', 'pb', 'br', 'bg', 'my', 'ca', 'ch', 'ce', 'ny', 'zh', 'cu', 'cv', 'kw', 'co', 'cr', 'hr', 'cs', 'da', 'dv', 'nl', 'dz', 'en', 'eo', 'et', 'ee', 'fo', 'fj', 'fi', 'fr', 'fy', 'ff', 'gd', 'gl', 'lg', 'ka', 'de', 'el', 'gn', 'gu', 'ht', 'ha', 'he', 'hz', 'hi', 'ho', 'hu', 'is', 'io', 'ig', 'id', 'ia', 'ie', 'iu', 'ik', 'ga', 'it', 'ja', 'jv', 'kl', 'kn', 'kr', 'ks', 'kk', 'km', 'ki', 'rw', 'ky', 'kv', 'kg', 'ko', 'kj', 'ku', 'lo', 'la', 'lv', 'li', 'ln', 'lt', 'lu', 'lb', 'mk', 'mg', 'ms', 'ml', 'mt', 'gv', 'mi', 'mr', 'mh', 'mo', 'mn', 'na', 'nv', 'ng', 'ne', 'xn', 'nd', 'no', 'nb', 'nn', 'oc', 'oj', 'or', 'om', 'os', 'pi', 'pa', 'fa', 'pl', 'pt', 'ps', 'qu', 'rm', 'ro', 'rn', 'ru', 'se', 'sm', 'sg', 'sa', 'sc', 'sr', 'sn', 'ii', 'sd', 'si', 'sk', 'sl', 'so', 'st', 'nr', 'es', 'su', 'sw', 'ss', 'sv', 'tl', 'ty', 'tg', 'ta', 'tt', 'te', 'th', 'bo', 'ti', 'to', 'ts', 'tn', 'tr', 'tk', 'tw', 'ug', 'uk', 'ur', 'uz', 've', 'vi', 'vo', 'wa', 'cy', 'wo', 'xh', 'yi', 'yo', 'za', 'zu'], 'persist_stored_files': True, 'version': 0, 'primary_provider': False, 'prefs': False, 'name': 'Home Theater Backdrops'}], 'com.plexapp.agents.imdb': [{'media_types': ['Movie'], 'accepts_from': ['com.plexapp.agents.localmedia'], 'fallback_agent': None, 'contributes_to': ['com.plexapp.agents.themoviedb'], 'has_attribution': True, 'languages': ['en', 'sv', 'fr', 'es', 'nl', 'de', 'it', 'da', 'ar', 'ca', 'zh', 'cs', 'et', 'fi', 'el', 'he', 'hi', 'hu', 'id', 'ja', 'ko', 'lv', 'no', 'fa', 'pl', 'pt', 'ro', 'ru', 'sk', 'th', 'tr', 'uk', 'vi'], 'persist_stored_files': True, 'version': 0, 'primary_provider': True, 'prefs': True, 'name': 'Plex Movie (Legacy)'}], 'com.plexapp.agents.lyricfind': [{'media_types': ['Album'], 'accepts_from': None, 'fallback_agent': None, 'contributes_to': ['com.plexapp.agents.lastfm', 'tv.plex.agents.music', 'org.musicbrainz.agents.music'], 'has_attribution': True, 'languages': ['xn'], 'persist_stored_files': True, 'version': 0, 'primary_provider': False, 'prefs': False, 'name': 'LyricFind'}], 'com.plexapp.agents.thetvdb': [{'media_types': ['TV_Show'], 'accepts_from': None, 'fallback_agent': None, 'contributes_to': None, 'has_attribution': True, 'languages': ['en', 'fr', 'zh', 'sv', 'no', 'da', 'fi', 'nl', 'de', 'it', 'es', 'pl', 'hu', 'el', 'tr', 'ru', 'he', 'ja', 'pt', 'cs', 'ko', 'sl', 'hr'], 'persist_stored_files': True, 'version': 0, 'primary_provider': True, 'prefs': True, 'name': 'TheTVDB'}], 'com.plexapp.agents.plexthememusic': [{'media_types': ['TV_Show'], 'accepts_from': None, 'fallback_agent': None, 'contributes_to': ['com.plexapp.agents.thetvdb', 'com.plexapp.agents.thetvdbdvdorder', 'com.plexapp.agents.themoviedb'], 'has_attribution': False, 'languages': ['xn'], 'persist_stored_files': True, 'version': 0, 'primary_provider': False, 'prefs': False, 'name': 'Plex Theme Music'}], 'org.musicbrainz.agents.music': [{'media_types': ['Artist'], 'accepts_from': None, 'fallback_agent': None, 'contributes_to': None, 'has_attribution': True, 'languages': ['en', 'ar', 'bg', 'zh', 'hr', 'cs', 'da', 'nl', 'fi', 'fr', 'de', 'el', 'hu', 'id', 'it', 'ja', 'ko', 'nn', 'pl', 'pt', 'ro', 'ru', 'sr', 'sk', 'es', 'sv', 'th', 'tr', 'vi', 'xx'], 'persist_stored_files': True, 'version': 0, 'primary_provider': True, 'prefs': True, 'name': 'Musicbrainz'}, {'media_types': ['Album'], 'accepts_from': None, 'fallback_agent': None, 'contributes_to': None, 'has_attribution': True, 'languages': ['en', 'ar', 'bg', 'zh', 'hr', 'cs', 'da', 'nl', 'fi', 'fr', 'de', 'el', 'hu', 'id', 'it', 'ja', 'ko', 'nn', 'pl', 'pt', 'ro', 'ru', 'sr', 'sk', 'es', 'sv', 'th', 'tr', 'vi', 'xx'], 'persist_stored_files': True, 'version': 0, 'primary_provider': True, 'prefs': True, 'name': 'Musicbrainz'}], 'com.plexapp.agents.themoviedb': [{'media_types': ['Movie'], 'accepts_from': ['com.plexapp.agents.localmedia'], 'fallback_agent': None, 'contributes_to': None, 'has_attribution': True, 'languages': ['en', 'cs', 'da', 'de', 'el', 'es', 'fi', 'fr', 'he', 'hr', 'hu', 'it', 'lv', 'lt', 'nl', 'no', 'pl', 'pt', 'ru', 'sk', 'sv', 'th', 'tr', 'vi', 'zh', 'ko'], 'persist_stored_files': True, 'version': 0, 'primary_provider': True, 'prefs': True, 'name': 'The Movie Database'}, {'media_types': ['TV_Show'], 'accepts_from': ['com.plexapp.agents.localmedia', 'com.plexapp.agents.thetvdb'], 'fallback_agent': None, 'contributes_to': ['com.plexapp.agents.thetvdb'], 'has_attribution': True, 'languages': ['en', 'cs', 'da', 'de', 'el', 'es', 'fi', 'fr', 'he', 'hr', 'hu', 'it', 'lv', 'lt', 'nl', 'no', 'pl', 'pt', 'ru', 'sk', 'sv', 'th', 'tr', 'vi', 'zh', 'ko'], 'persist_stored_files': True, 'version': 0, 'primary_provider': True, 'prefs': True, 'name': 'The Movie Database'}], 'com.plexapp.agents.movieposterdb': [{'media_types': ['Movie'], 'accepts_from': None, 'fallback_agent': None, 'contributes_to': ['com.plexapp.agents.imdb'], 'has_attribution': True, 'languages': ['xn'], 'persist_stored_files': True, 'version': 0, 'primary_provider': False, 'prefs': False, 'name': 'CineMaterial'}], 'com.plexapp.agents.localmedia': [{'media_types': ['Movie'], 'accepts_from': None, 'fallback_agent': None, 'contributes_to': ['com.plexapp.agents.imdb', 'com.plexapp.agents.none'], 'has_attribution': False, 'languages': ['xn'], 'persist_stored_files': False, 'version': 0, 'primary_provider': False, 'prefs': True, 'name': 'Local Media Assets (Movies)'}, {'media_types': ['TV_Show'], 'accepts_from': None, 'fallback_agent': None, 'contributes_to': ['com.plexapp.agents.thetvdb', 'com.plexapp.agents.none'], 'has_attribution': False, 'languages': ['xn'], 'persist_stored_files': False, 'version': 0, 'primary_provider': False, 'prefs': True, 'name': 'Local Media Assets (TV)'}, {'media_types': ['Artist'], 'accepts_from': None, 'fallback_agent': None, 'contributes_to': ['com.plexapp.agents.discogs', 'com.plexapp.agents.lastfm', 'com.plexapp.agents.plexmusic', 'com.plexapp.agents.none', 'tv.plex.agents.music', 'org.musicbrainz.agents.music'], 'has_attribution': False, 'languages': ['xn'], 'persist_stored_files': False, 'version': 0, 'primary_provider': False, 'prefs': True, 'name': 'Local Media Assets (Artists)'}, {'media_types': ['Artist'], 'accepts_from': None, 'fallback_agent': None, 'contributes_to': ['com.plexapp.agents.plexmusic'], 'has_attribution': False, 'languages': ['xn'], 'persist_stored_files': False, 'version': 2, 'primary_provider': False, 'prefs': True, 'name': 'Local Media Assets (Artists)'}, {'media_types': ['Album'], 'accepts_from': None, 'fallback_agent': None, 'contributes_to': ['com.plexapp.agents.discogs', 'com.plexapp.agents.lastfm', 'com.plexapp.agents.plexmusic', 'com.plexapp.agents.none', 'tv.plex.agents.music', 'org.musicbrainz.agents.music'], 'has_attribution': False, 'languages': ['xn'], 'persist_stored_files': False, 'version': 0, 'primary_provider': False, 'prefs': True, 'name': 'Local Media Assets (Albums)'}], 'com.plexapp.agents.lastfm': [{'media_types': ['Artist'], 'accepts_from': None, 'fallback_agent': None, 'contributes_to': None, 'has_attribution': True, 'languages': ['en', 'sv', 'fr', 'es', 'de', 'pl', 'it', 'pt', 'ja', 'tr', 'ru', 'zh'], 'persist_stored_files': True, 'version': 0, 'primary_provider': True, 'prefs': True, 'name': 'Last.fm'}, {'media_types': ['Album'], 'accepts_from': None, 'fallback_agent': None, 'contributes_to': None, 'has_attribution': True, 'languages': ['en', 'sv', 'fr', 'es', 'de', 'pl', 'it', 'pt', 'ja', 'tr', 'ru', 'zh'], 'persist_stored_files': True, 'version': 0, 'primary_provider': True, 'prefs': True, 'name': 'Last.fm'}]}
2025-03-30 05:59:52,098 (7a83690bfb38) :  INFO (datakit:131) - Saved the dictionary file
2025-03-30 05:59:52,532 (7a836900ab38) :  DEBUG (runtime:1117) - Created a thread named 'ensure_agent_info_exists_inner'
2025-03-30 05:59:52,579 (7a8368ab3b38) :  DEBUG (runtime:1117) - Created a thread named 'ensure_agent_info_exists_inner'
2025-03-30 05:59:54,287 (7a836900ab38) :  DEBUG (runtime:924) - Response: [200] MediaContainer, 8986 bytes
2025-03-30 05:59:55,492 (7a83690e2b38) :  DEBUG (runtime:717) - Handling request GET /system/notify/serverUpdated?host=127.0.0.1
2025-03-30 05:59:56,646 (7a83690e2b38) :  DEBUG (runtime:814) - Found route matching /system/notify/serverUpdated
2025-03-30 05:59:56,654 (7a83690e2b38) :  DEBUG (peerservice:386) - Handling server update notification (127.0.0.1)
2025-03-30 05:59:56,671 (7a83690e2b38) :  DEBUG (peerservice:189) - Updating servers (True/False True/True/True)
2025-03-30 05:59:56,680 (7a83690e2b38) :  DEBUG (peerservice:164) - Fetching the current list of servers
2025-03-30 05:59:56,715 (7a83690e2b38) :  DEBUG (networking:144) - Requesting 'http://127.0.0.1:32400/servers'
2025-03-30 05:59:56,820 (7a83690e2b38) :  DEBUG (peerservice:198) - Found 1 servers
2025-03-30 05:59:56,952 (7a83690e2b38) :  DEBUG (peerservice:214) - Ignoring 86237ceaf0dd4f14af393347c1370a88ca6e5a21 because host != 127.0.0.1 (172.18.0.8)
2025-03-30 05:59:56,955 (7a83690e2b38) :  DEBUG (runtime:924) - Response: [200] str, 0 bytes
2025-03-30 05:59:57,666 (7a8369128b38) :  INFO (datakit:131) - Saved the dictionary file
2025-03-30 06:00:18,984 (7a8369128b38) :  DEBUG (runtime:717) - Handling request GET /system/messaging/clear_events/com.plexapp.agents.imdb
2025-03-30 06:00:19,016 (7a8369128b38) :  DEBUG (runtime:814) - Found route matching /system/messaging/clear_events/com.plexapp.agents.imdb
2025-03-30 06:00:19,046 (7a8369128b38) :  DEBUG (runtime:88) - Sending packed state data (99 bytes)
2025-03-30 06:00:19,053 (7a8369128b38) :  DEBUG (runtime:924) - Response: [200] str, 0 bytes
2025-03-30 06:00:20,546 (7a8369128b38) :  DEBUG (runtime:717) - Handling request GET /:/plugins/com.plexapp.system/resourceHashes
2025-03-30 06:00:20,831 (7a8369128b38) :  DEBUG (runtime:814) - Found route matching /:/plugins/com.plexapp.system/resourceHashes
2025-03-30 06:00:20,842 (7a8369128b38) :  DEBUG (networking:144) - Requesting 'http://resources-cdn.plexapp.com/hashes.json'
2025-03-30 06:00:21,160 (7a8369128b38) :  ERROR (networking:197) - Error opening URL 'http://resources-cdn.plexapp.com/hashes.json'
2025-03-30 06:00:21,171 (7a8369128b38) :  CRITICAL (runtime:1299) - Exception getting hosted resource hashes (most recent call last):
  File "/usr/lib/plexmediaserver/Resources/Plug-ins-a96edc606/Framework.bundle/Contents/Resources/Versions/2/Python/Framework/components/runtime.py", line 1291, in get_resource_hashes
    json = self._core.networking.http_request("http://resources-cdn.plexapp.com/hashes.json", timeout=5).content
  File "/usr/lib/plexmediaserver/Resources/Plug-ins-a96edc606/Framework.bundle/Contents/Resources/Versions/2/Python/Framework/components/networking.py", line 243, in content
    return self.__str__()
  File "/usr/lib/plexmediaserver/Resources/Plug-ins-a96edc606/Framework.bundle/Contents/Resources/Versions/2/Python/Framework/components/networking.py", line 221, in __str__
    self.load()
  File "/usr/lib/plexmediaserver/Resources/Plug-ins-a96edc606/Framework.bundle/Contents/Resources/Versions/2/Python/Framework/components/networking.py", line 159, in load
    f = self._opener.open(req, timeout=self._timeout)
  File "/usr/lib/plexmediaserver/Resources/Python/python27.zip/urllib2.py", line 435, in open
    response = meth(req, response)
  File "/usr/lib/plexmediaserver/Resources/Python/python27.zip/urllib2.py", line 548, in http_response
    'http', request, response, code, msg, hdrs)
  File "/usr/lib/plexmediaserver/Resources/Python/python27.zip/urllib2.py", line 473, in error
    return self._call_chain(*args)
  File "/usr/lib/plexmediaserver/Resources/Python/python27.zip/urllib2.py", line 407, in _call_chain
    result = func(*args)
  File "/usr/lib/plexmediaserver/Resources/Python/python27.zip/urllib2.py", line 556, in http_error_default
    raise HTTPError(req.get_full_url(), code, msg, hdrs, fp)
HTTPError: HTTP Error 404: Not Found

2025-03-30 06:00:21,173 (7a8369128b38) :  DEBUG (runtime:88) - Sending packed state data (99 bytes)
2025-03-30 06:00:21,180 (7a8369128b38) :  DEBUG (runtime:924) - Response: [404] NoneType, 0 bytes
2025-03-30 06:00:21,560 (7a8369128b38) :  DEBUG (runtime:717) - Handling request GET /:/plugins/com.plexapp.system/messaging/function/X0J1bmRsZVNlcnZpY2U6QWxsU2VydmljZXM_/Y2VyZWFsMQoxCmxpc3QKMApyMAo_/Y2VyZWFsMQoxCmRpY3QKMApyMAo_
2025-03-30 06:00:21,598 (7a8369128b38) :  DEBUG (runtime:49) - Received packed state data (80 bytes)
2025-03-30 06:00:21,630 (7a8369128b38) :  DEBUG (runtime:814) - Found route matching /:/plugins/com.plexapp.system/messaging/function/X0J1bmRsZVNlcnZpY2U6QWxsU2VydmljZXM_/Y2VyZWFsMQoxCmxpc3QKMApyMAo_/Y2VyZWFsMQoxCmRpY3QKMApyMAo_
2025-03-30 06:00:21,679 (7a8369128b38) :  DEBUG (runtime:88) - Sending packed state data (99 bytes)
2025-03-30 06:00:21,680 (7a8369128b38) :  DEBUG (runtime:924) - Response: [200] str, 516 bytes
2025-03-30 06:00:33,952 (7a8369128b38) :  DEBUG (runtime:717) - Handling request GET /:/plugins/com.plexapp.system/messaging/function/X0FnZW50U2VydmljZTpVcGRhdGVJbmZv/Y2VyZWFsMQoxCmxpc3QKMApyMAo_/Y2VyZWFsMQo3CmRpY3QKbGlzdApkaWN0Cmxpc3QKbGlzdApsaXN0Cmxpc3QKMgpzMjMKY29tLnBsZXhhcHAuYWdlbnRzLmltZGJzMTAKaWRlbnRpZmllcnIxCnMxMAphZ2VudF9pbmZvMQpyMgoxMApyMwpzMTEKbWVkaWFfdHlwZXNyNApzMTIKYWNjZXB0c19mcm9tbnMxNApmYWxsYmFja19hZ2VudHI1CnMxNApjb250cmlidXRlc190b3I2CnM5Cmxhbmd1YWdlc2IxczIwCnBlcnNpc3Rfc3RvcmVkX2ZpbGVzaTAKczcKdmVyc2lvbmIxczE2CnByaW1hcnlfcHJvdmlkZXJiMXM1CnByZWZzczE5ClBsZXggTW92aWUgKExlZ2FjeSlzNApuYW1lMQpzNQpNb3ZpZTEKczI5CmNvbS5wbGV4YXBwLmFnZW50cy5sb2NhbG1lZGlhMQpzMjkKY29tLnBsZXhhcHAuYWdlbnRzLnRoZW1vdmllZGIzMwpzMgplbnMyCnN2czIKZnJzMgplc3MyCm5sczIKZGVzMgppdHMyCmRhczIKYXJzMgpjYXMyCnpoczIKY3NzMgpldHMyCmZpczIKZWxzMgpoZXMyCmhpczIKaHVzMgppZHMyCmphczIKa29zMgpsdnMyCm5vczIKZmFzMgpwbHMyCnB0czIKcm9zMgpydXMyCnNrczIKdGhzMgp0cnMyCnVrczIKdmlyMAo_
2025-03-30 06:00:33,981 (7a8369128b38) :  DEBUG (runtime:49) - Received packed state data (80 bytes)
2025-03-30 06:00:34,029 (7a8369128b38) :  DEBUG (runtime:814) - Found route matching /:/plugins/com.plexapp.system/messaging/function/X0FnZW50U2VydmljZTpVcGRhdGVJbmZv/Y2VyZWFsMQoxCmxpc3QKMApyMAo_/Y2VyZWFsMQo3CmRpY3QKbGlzdApkaWN0Cmxpc3QKbGlzdApsaXN0Cmxpc3QKMgpzMjMKY29tLnBsZXhhcHAuYWdlbnRzLmltZGJzMTAKaWRlbnRpZmllcnIxCnMxMAphZ2VudF9pbmZvMQpyMgoxMApyMwpzMTEKbWVkaWFfdHlwZXNyNApzMTIKYWNjZXB0c19mcm9tbnMxNApmYWxsYmFja19hZ2VudHI1CnMxNApjb250cmlidXRlc190b3I2CnM5Cmxhbmd1YWdlc2IxczIwCnBlcnNpc3Rfc3RvcmVkX2ZpbGVzaTAKczcKdmVyc2lvbmIxczE2CnByaW1hcnlfcHJvdmlkZXJiMXM1CnByZWZzczE5ClBsZXggTW92aWUgKExlZ2FjeSlzNApuYW1lMQpzNQpNb3ZpZTEKczI5CmNvbS5wbGV4YXBwLmFnZW50cy5sb2NhbG1lZGlhMQpzMjkKY29tLnBsZXhhcHAuYWdlbnRzLnRoZW1vdmllZGIzMwpzMgplbnMyCnN2czIKZnJzMgplc3MyCm5sczIKZGVzMgppdHMyCmRhczIKYXJzMgpjYXMyCnpoczIKY3NzMgpldHMyCmZpczIKZWxzMgpoZXMyCmhpczIKaHVzMgppZHMyCmphczIKa29zMgpsdnMyCm5vczIKZmFzMgpwbHMyCnB0czIKcm9zMgpydXMyCnNrczIKdGhzMgp0cnMyCnVrczIKdmlyMAo_
2025-03-30 06:00:34,050 (7a8369128b38) :  INFO (agentservice:175) - Receiving agent info from com.plexapp.agents.imdb: [{'media_types': ['Movie'], 'primary_provider': True, 'fallback_agent': None, 'contributes_to': ['com.plexapp.agents.themoviedb'], 'languages': ['en', 'sv', 'fr', 'es', 'nl', 'de', 'it', 'da', 'ar', 'ca', 'zh', 'cs', 'et', 'fi', 'el', 'he', 'hi', 'hu', 'id', 'ja', 'ko', 'lv', 'no', 'fa', 'pl', 'pt', 'ro', 'ru', 'sk', 'th', 'tr', 'uk', 'vi'], 'persist_stored_files': True, 'version': 0, 'accepts_from': ['com.plexapp.agents.localmedia'], 'prefs': True, 'name': 'Plex Movie (Legacy)'}]
2025-03-30 06:00:34,106 (7a8369128b38) :  DEBUG (runtime:88) - Sending packed state data (99 bytes)
2025-03-30 06:00:34,106 (7a8369128b38) :  DEBUG (runtime:924) - Response: [200] str, 16 bytes
2025-03-30 06:00:39,485 (7a83690e2b38) :  INFO (datakit:131) - Saved the dictionary file
2025-03-30 06:01:49,780 (7a836909cb38) :  DEBUG (runtime:1156) - Starting timed thread named 'refresh_servers'
2025-03-30 06:01:49,781 (7a836909cb38) :  DEBUG (peerservice:164) - Fetching the current list of servers
2025-03-30 06:01:49,781 (7a836909cb38) :  DEBUG (networking:144) - Requesting 'http://127.0.0.1:32400/servers'
2025-03-30 06:01:49,787 (7a836909cb38) :  DEBUG (peerservice:171) - Refreshing local server
2025-03-30 06:01:49,787 (7a836909cb38) :  DEBUG (peerservice:189) - Updating servers (True/False True/True/True)
2025-03-30 06:01:49,787 (7a836909cb38) :  DEBUG (peerservice:198) - Found 1 servers
2025-03-30 06:01:49,788 (7a836909cb38) :  DEBUG (networking:144) - Requesting 'http://127.0.0.1:32400'
2025-03-30 06:01:49,792 (7a836909cb38) :  DEBUG (core:521) - Attribute 'machineIdentifier' set to '86237ceaf0dd4f14af393347c1370a88ca6e5a21'
2025-03-30 06:01:49,793 (7a836909cb38) :  DEBUG (peerservice:230) - Creating new server fb64d900b90d (86237ceaf0dd4f14af393347c1370a88ca6e5a21)
2025-03-30 06:01:49,793 (7a836909cb38) :  DEBUG (networking:144) - Requesting 'http://127.0.0.1:32400/library/sections'
2025-03-30 06:01:49,852 (7a836909cb38) :  DEBUG (networking:144) - Requesting 'http://127.0.0.1:32400/channels/all'
2025-03-30 06:01:49,856 (7a83690e2b38) :  DEBUG (peerservice:176) - Background-refreshing remote servers
2025-03-30 06:01:49,856 (7a836909cb38) :  DEBUG (runtime:1117) - Created a thread named 'background_refresh'
2025-03-30 06:01:49,857 (7a83690e2b38) :  DEBUG (peerservice:189) - Updating servers (True/False True/True/True)
2025-03-30 06:01:49,857 (7a83690e2b38) :  DEBUG (peerservice:198) - Found 1 servers
2025-03-30 06:01:49,858 (7a83690e2b38) :  DEBUG (peerservice:233) - Updating existing server fb64d900b90d (86237ceaf0dd4f14af393347c1370a88ca6e5a21)
2025-03-30 06:01:49,859 (7a83690e2b38) :  DEBUG (networking:144) - Requesting 'http://127.0.0.1:32400/library/sections'
2025-03-30 06:01:49,862 (7a83690e2b38) :  DEBUG (networking:144) - Requesting 'http://127.0.0.1:32400/channels/all'
