May 10, 2025 17:12:42.066 [0x7f60cfbfab38] INFO - Plex Tuner Service v1.41.6.9685-d301f511a - Docker Docker Container (LinuxServer.io) x86_64 - build: 
May 10, 2025 17:12:42.084 [0x7f60cfbfab38] INFO - Linux version: 6.1.0-34-amd64 (#1 SMP PREEMPT_DYNAMIC Debian 6.1.135-1 (2025-04-25)), language: en-US
May 10, 2025 17:12:42.085 [0x7f60cfbfab38] INFO - Processor Intel(R) Core(TM) i5-7500T CPU @ 2.70GHz
May 10, 2025 17:12:42.085 [0x7f60cfbfab38] INFO - /usr/lib/plexmediaserver/Plex Tuner Service /usr/lib/plexmediaserver/Resources/Tuner/Private /usr/lib/plexmediaserver/Resources/Tuner/Shared 1.41.6.9685-d301f511a 32600
May 10, 2025 17:12:42.009 [0x7f60d176b808] INFO - [I] broker_t::start...
May 10, 2025 17:12:42.238 [0x7f60d176b808] INFO - [I] device_manager_t::init.
May 10, 2025 17:12:42.238 [0x7f60d176b808] INFO - [I] device_manager_t::init. Initialize provider manager
May 10, 2025 17:12:42.238 [0x7f60d176b808] INFO - [I] device_manager_t::init. Initialize all device auxes
May 10, 2025 17:12:42.238 [0x7f60d176b808] INFO - [I] dvb_device_factory_t::get_aux_list
May 10, 2025 17:12:42.238 [0x7f60d176b808] INFO - [I] tvbutler_aux_t::init
May 10, 2025 17:12:42.242 [0x7f60d176b808] INFO - [I] web_server_t::start. Starting web server on port 32600
May 10, 2025 17:12:43.741 [0x7f60cf560b38] INFO - [I] web_service_t::process_device_discovery
May 10, 2025 17:12:43.741 [0x7f60cf560b38] INFO - [I] device_reactor_t::get_device_list ()
May 10, 2025 17:12:45.827 [0x7f60cf560b38] INFO - [I] SAT2IP - discover_satip_servers(): no servers found
May 10, 2025 17:12:46.257 [0x7f60cf560b38] INFO - [I] v4l::DeviceGetList_impl. getting v4l device list
May 10, 2025 17:12:46.275 [0x7f60cf560b38] INFO - [I] onetv_factory::DeviceGetListEx >>
May 10, 2025 17:12:46.275 [0x7f60cf560b38] WARN - [W] onetv_factory::DeviceGetListEx. libusb_init returned an error -99
May 10, 2025 17:16:15.433 [0x7f60d176b808] INFO - Received SIGINT: Interrupt from keyboard.
May 10, 2025 17:16:15.469 [0x7f60d176b808] INFO - [I] device_manager_t::term
May 10, 2025 17:16:15.470 [0x7f60d176b808] INFO - [I] device_manager_t::term. Stop all devices
May 10, 2025 17:16:15.470 [0x7f60d176b808] INFO - [I] device_manager_t::term. Shut down all device auxes
May 10, 2025 17:16:15.470 [0x7f60d176b808] INFO - [I] tvbutler_aux_t::term
May 10, 2025 17:16:15.480 [0x7f60d176b808] INFO - [I] web_server_t::stop. Web server is stopped
May 10, 2025 17:16:15.480 [0x7f60d176b808] INFO - [I] device_manager_t::term
May 10, 2025 17:16:15.480 [0x7f60d176b808] INFO - [I] device_manager_t::term. Stop all devices
May 10, 2025 17:16:15.480 [0x7f60d176b808] INFO - [I] device_manager_t::term. Shut down all device auxes
May 10, 2025 17:16:15.480 [0x7f60d176b808] INFO - [I] broker_t::shutdown. Shutdown is completed.
