May 10, 2025 16:46:20.664 [0x7fa1b2354b38] INFO - Plex Tuner Service v1.41.6.9685-d301f511a - Docker Docker Container (LinuxServer.io) x86_64 - build: 
May 10, 2025 16:46:20.664 [0x7fa1b2354b38] INFO - Linux version: 6.1.0-34-amd64 (#1 SMP PREEMPT_DYNAMIC Debian 6.1.135-1 (2025-04-25)), language: en-US
May 10, 2025 16:46:20.664 [0x7fa1b2354b38] INFO - Processor Intel(R) Core(TM) i5-7500T CPU @ 2.70GHz
May 10, 2025 16:46:20.665 [0x7fa1b2354b38] INFO - /usr/lib/plexmediaserver/Plex Tuner Service /usr/lib/plexmediaserver/Resources/Tuner/Private /usr/lib/plexmediaserver/Resources/Tuner/Shared 1.41.6.9685-d301f511a 32600
May 10, 2025 16:46:20.662 [0x7fa1b3ec5808] INFO - [I] broker_t::start...
May 10, 2025 16:46:20.674 [0x7fa1b3ec5808] INFO - [I] device_manager_t::init.
May 10, 2025 16:46:20.674 [0x7fa1b3ec5808] INFO - [I] device_manager_t::init. Initialize provider manager
May 10, 2025 16:46:20.674 [0x7fa1b3ec5808] INFO - [I] device_manager_t::init. Initialize all device auxes
May 10, 2025 16:46:20.674 [0x7fa1b3ec5808] INFO - [I] dvb_device_factory_t::get_aux_list
May 10, 2025 16:46:20.674 [0x7fa1b3ec5808] INFO - [I] tvbutler_aux_t::init
May 10, 2025 16:46:20.678 [0x7fa1b3ec5808] INFO - [I] web_server_t::start. Starting web server on port 32600
May 10, 2025 16:46:28.712 [0x7fa1b19b1b38] INFO - [I] web_service_t::process_device_discovery
May 10, 2025 16:46:28.712 [0x7fa1b19b1b38] INFO - [I] device_reactor_t::get_device_list ()
May 10, 2025 16:46:30.746 [0x7fa1b19b1b38] INFO - [I] SAT2IP - discover_satip_servers(): no servers found
May 10, 2025 16:46:31.159 [0x7fa1b19b1b38] INFO - [I] v4l::DeviceGetList_impl. getting v4l device list
May 10, 2025 16:46:31.166 [0x7fa1b19b1b38] INFO - [I] onetv_factory::DeviceGetListEx >>
May 10, 2025 16:46:31.168 [0x7fa1b19b1b38] WARN - [W] onetv_factory::DeviceGetListEx. libusb_init returned an error -99
May 10, 2025 17:11:00.615 [0x7fa1b3ec5808] INFO - Received SIGINT: Interrupt from keyboard.
May 10, 2025 17:11:00.630 [0x7fa1b3ec5808] INFO - [I] device_manager_t::term
May 10, 2025 17:11:00.630 [0x7fa1b3ec5808] INFO - [I] device_manager_t::term. Stop all devices
May 10, 2025 17:11:00.630 [0x7fa1b3ec5808] INFO - [I] device_manager_t::term. Shut down all device auxes
May 10, 2025 17:11:00.632 [0x7fa1b3ec5808] INFO - [I] tvbutler_aux_t::term
May 10, 2025 17:11:00.647 [0x7fa1b3ec5808] INFO - [I] web_server_t::stop. Web server is stopped
May 10, 2025 17:11:00.647 [0x7fa1b3ec5808] INFO - [I] device_manager_t::term
May 10, 2025 17:11:00.647 [0x7fa1b3ec5808] INFO - [I] device_manager_t::term. Stop all devices
May 10, 2025 17:11:00.648 [0x7fa1b3ec5808] INFO - [I] device_manager_t::term. Shut down all device auxes
May 10, 2025 17:11:00.648 [0x7fa1b3ec5808] INFO - [I] broker_t::shutdown. Shutdown is completed.
