May 10, 2025 17:18:34.352 [0x7f69ef18bb38] INFO - Plex Tuner Service v1.41.6.9685-d301f511a - Docker Docker Container (LinuxServer.io) x86_64 - build: 
May 10, 2025 17:18:34.352 [0x7f69ef18bb38] INFO - Linux version: 6.1.0-34-amd64 (#1 SMP PREEMPT_DYNAMIC Debian 6.1.135-1 (2025-04-25)), language: en-US
May 10, 2025 17:18:34.352 [0x7f69ef18bb38] INFO - Processor Intel(R) Core(TM) i5-7500T CPU @ 2.70GHz
May 10, 2025 17:18:34.352 [0x7f69ef18bb38] INFO - /usr/lib/plexmediaserver/Plex Tuner Service /usr/lib/plexmediaserver/Resources/Tuner/Private /usr/lib/plexmediaserver/Resources/Tuner/Shared 1.41.6.9685-d301f511a 32600
May 10, 2025 17:18:34.346 [0x7f69f0cfc808] INFO - [I] broker_t::start...
May 10, 2025 17:18:34.376 [0x7f69f0cfc808] INFO - [I] device_manager_t::init.
May 10, 2025 17:18:34.376 [0x7f69f0cfc808] INFO - [I] device_manager_t::init. Initialize provider manager
May 10, 2025 17:18:34.376 [0x7f69f0cfc808] INFO - [I] device_manager_t::init. Initialize all device auxes
May 10, 2025 17:18:34.376 [0x7f69f0cfc808] INFO - [I] dvb_device_factory_t::get_aux_list
May 10, 2025 17:18:34.376 [0x7f69f0cfc808] INFO - [I] tvbutler_aux_t::init
May 10, 2025 17:18:34.391 [0x7f69f0cfc808] INFO - [I] web_server_t::start. Starting web server on port 32600
May 10, 2025 17:18:36.091 [0x7f69eecf7b38] INFO - [I] web_service_t::process_device_discovery
May 10, 2025 17:18:36.091 [0x7f69eecf7b38] INFO - [I] device_reactor_t::get_device_list ()
May 10, 2025 17:18:38.112 [0x7f69eecf7b38] INFO - [I] SAT2IP - discover_satip_servers(): no servers found
May 10, 2025 17:18:38.540 [0x7f69eecf7b38] INFO - [I] v4l::DeviceGetList_impl. getting v4l device list
May 10, 2025 17:18:38.546 [0x7f69eecf7b38] INFO - [I] onetv_factory::DeviceGetListEx >>
May 10, 2025 17:18:38.546 [0x7f69eecf7b38] WARN - [W] onetv_factory::DeviceGetListEx. libusb_init returned an error -99
May 10, 2025 17:26:06.836 [0x7f69f0cfc808] INFO - Received SIGINT: Interrupt from keyboard.
May 10, 2025 17:26:06.862 [0x7f69f0cfc808] INFO - [I] device_manager_t::term
May 10, 2025 17:26:06.862 [0x7f69f0cfc808] INFO - [I] device_manager_t::term. Stop all devices
May 10, 2025 17:26:06.862 [0x7f69f0cfc808] INFO - [I] device_manager_t::term. Shut down all device auxes
May 10, 2025 17:26:06.863 [0x7f69f0cfc808] INFO - [I] tvbutler_aux_t::term
May 10, 2025 17:26:06.877 [0x7f69f0cfc808] INFO - [I] web_server_t::stop. Web server is stopped
May 10, 2025 17:26:06.877 [0x7f69f0cfc808] INFO - [I] device_manager_t::term
May 10, 2025 17:26:06.877 [0x7f69f0cfc808] INFO - [I] device_manager_t::term. Stop all devices
May 10, 2025 17:26:06.877 [0x7f69f0cfc808] INFO - [I] device_manager_t::term. Shut down all device auxes
May 10, 2025 17:26:06.878 [0x7f69f0cfc808] INFO - [I] broker_t::shutdown. Shutdown is completed.
