2025-05-10T16:53:35.464Z [info]: Commit Tag: v1.34.0 
2025-05-10T16:53:36.473Z [info]: Starting Overseerr version 1.34.0 
2025-05-10T16:53:39.862Z [info][Notifications]: Registered notification agents 
2025-05-10T16:53:39.912Z [info][Jobs]: Scheduled jobs loaded 
2025-05-10T16:53:39.925Z [info][Discover Slider]: Creating built-in discovery slider {"slider":{"type":1,"enabled":true,"isBuiltIn":true,"order":0}}
2025-05-10T16:53:39.953Z [info][Discover Slider]: Creating built-in discovery slider {"slider":{"type":2,"enabled":true,"isBuiltIn":true,"order":1}}
2025-05-10T16:53:39.965Z [info][Discover Slider]: Creating built-in discovery slider {"slider":{"type":3,"enabled":true,"isBuiltIn":true,"order":2}}
2025-05-10T16:53:39.975Z [info][Discover Slider]: Creating built-in discovery slider {"slider":{"type":4,"enabled":true,"isBuiltIn":true,"order":3}}
2025-05-10T16:53:39.992Z [info][Discover Slider]: Creating built-in discovery slider {"slider":{"type":5,"enabled":true,"isBuiltIn":true,"order":4}}
2025-05-10T16:53:40.001Z [info][Discover Slider]: Creating built-in discovery slider {"slider":{"type":6,"enabled":true,"isBuiltIn":true,"order":5}}
2025-05-10T16:53:40.013Z [info][Discover Slider]: Creating built-in discovery slider {"slider":{"type":7,"enabled":true,"isBuiltIn":true,"order":6}}
2025-05-10T16:53:40.019Z [info][Discover Slider]: Creating built-in discovery slider {"slider":{"type":8,"enabled":true,"isBuiltIn":true,"order":7}}
2025-05-10T16:53:40.029Z [info][Discover Slider]: Creating built-in discovery slider {"slider":{"type":9,"enabled":true,"isBuiltIn":true,"order":8}}
2025-05-10T16:53:40.040Z [info][Discover Slider]: Creating built-in discovery slider {"slider":{"type":10,"enabled":true,"isBuiltIn":true,"order":9}}
2025-05-10T16:53:40.052Z [info][Discover Slider]: Creating built-in discovery slider {"slider":{"type":11,"enabled":true,"isBuiltIn":true,"order":10}}
2025-05-10T16:53:40.080Z [info][Discover Slider]: Creating built-in discovery slider {"slider":{"type":12,"enabled":true,"isBuiltIn":true,"order":11}}
2025-05-10T16:53:40.555Z [info][Server]: Server ready on port 5055 
2025-05-10T16:54:00.013Z [debug][Jobs]: Starting scheduled job: Download Sync 
2025-05-10T16:54:00.025Z [info][Jobs]: Starting scheduled job: Plex Watchlist Sync 
2025-05-10T16:55:00.046Z [debug][Jobs]: Starting scheduled job: Download Sync 
2025-05-10T16:55:00.095Z [info][Jobs]: Starting scheduled job: Plex Recently Added Scan 
2025-05-10T16:55:00.107Z [info][Plex Scan]: Scan starting {"sessionId":"c360ff24-2779-40b1-80c7-f37664f76e1c"}
2025-05-10T16:55:00.130Z [warn][Plex Scan]: No admin configured. Plex scan skipped. 
2025-05-10T16:56:00.026Z [debug][Jobs]: Starting scheduled job: Download Sync 
2025-05-10T16:57:00.022Z [debug][Jobs]: Starting scheduled job: Download Sync 
2025-05-10T16:57:00.024Z [info][Jobs]: Starting scheduled job: Plex Watchlist Sync 
2025-05-10T16:58:00.055Z [debug][Jobs]: Starting scheduled job: Download Sync 
2025-05-10T16:59:00.031Z [debug][Jobs]: Starting scheduled job: Download Sync 
2025-05-10T17:00:00.026Z [debug][Jobs]: Starting scheduled job: Download Sync 
2025-05-10T17:00:00.037Z [info][Jobs]: Starting scheduled job: Plex Watchlist Sync 
2025-05-10T17:00:00.182Z [info][Jobs]: Starting scheduled job: Plex Recently Added Scan 
2025-05-10T17:00:00.186Z [info][Plex Scan]: Scan starting {"sessionId":"7acb5d37-1006-4820-9a9f-a2698987a4ec"}
2025-05-10T17:00:00.203Z [warn][Plex Scan]: No admin configured. Plex scan skipped. 
2025-05-10T17:01:00.104Z [debug][Jobs]: Starting scheduled job: Download Sync 
2025-05-10T17:02:00.335Z [debug][Jobs]: Starting scheduled job: Download Sync 
2025-05-10T17:03:00.187Z [debug][Jobs]: Starting scheduled job: Download Sync 
2025-05-10T17:03:00.351Z [info][Jobs]: Starting scheduled job: Plex Watchlist Sync 
2025-05-10T17:04:00.035Z [debug][Jobs]: Starting scheduled job: Download Sync 
2025-05-10T17:05:00.026Z [debug][Jobs]: Starting scheduled job: Download Sync 
2025-05-10T17:05:00.048Z [info][Jobs]: Starting scheduled job: Plex Recently Added Scan 
2025-05-10T17:05:00.059Z [info][Plex Scan]: Scan starting {"sessionId":"8d435322-139f-412f-a0be-0135f45b809c"}
2025-05-10T17:05:00.158Z [warn][Plex Scan]: No admin configured. Plex scan skipped. 
2025-05-10T17:06:00.067Z [debug][Jobs]: Starting scheduled job: Download Sync 
2025-05-10T17:06:00.089Z [info][Jobs]: Starting scheduled job: Plex Watchlist Sync 
2025-05-10T17:07:00.064Z [debug][Jobs]: Starting scheduled job: Download Sync 
2025-05-10T17:08:00.144Z [debug][Jobs]: Starting scheduled job: Download Sync 
2025-05-10T17:09:00.050Z [debug][Jobs]: Starting scheduled job: Download Sync 
2025-05-10T17:09:00.076Z [info][Jobs]: Starting scheduled job: Plex Watchlist Sync 
2025-05-10T17:10:00.045Z [debug][Jobs]: Starting scheduled job: Download Sync 
2025-05-10T17:10:00.061Z [info][Jobs]: Starting scheduled job: Plex Recently Added Scan 
2025-05-10T17:10:00.062Z [info][Plex Scan]: Scan starting {"sessionId":"4de3345f-70ba-4705-84f6-7f1b9446b4d4"}
2025-05-10T17:10:00.086Z [warn][Plex Scan]: No admin configured. Plex scan skipped. 
2025-05-10T17:12:54.997Z [info]: Commit Tag: v1.34.0 
2025-05-10T17:13:01.196Z [info]: Starting Overseerr version 1.34.0 
2025-05-10T17:13:25.215Z [info][Notifications]: Registered notification agents 
2025-05-10T17:13:25.895Z [info][Jobs]: Scheduled jobs loaded 
2025-05-10T17:13:30.122Z [info][Server]: Server ready on port 5055 
2025-05-10T17:14:00.068Z [debug][Jobs]: Starting scheduled job: Download Sync 
2025-05-10T17:15:00.020Z [debug][Jobs]: Starting scheduled job: Download Sync 
2025-05-10T17:15:00.142Z [info][Jobs]: Starting scheduled job: Plex Watchlist Sync 
2025-05-10T17:15:00.250Z [info][Jobs]: Starting scheduled job: Plex Recently Added Scan 
2025-05-10T17:15:00.273Z [info][Plex Scan]: Scan starting {"sessionId":"268a02e6-21fb-4b75-b8c8-6a30c11382ce"}
2025-05-10T17:15:00.330Z [warn][Plex Scan]: No admin configured. Plex scan skipped. 
2025-05-10T17:16:00.037Z [debug][Jobs]: Starting scheduled job: Download Sync 
2025-05-10T17:18:37.122Z [info]: Commit Tag: v1.34.0 
2025-05-10T17:18:38.234Z [info]: Starting Overseerr version 1.34.0 
2025-05-10T17:18:40.699Z [info][Notifications]: Registered notification agents 
2025-05-10T17:18:40.735Z [info][Jobs]: Scheduled jobs loaded 
2025-05-10T17:18:41.022Z [info][Server]: Server ready on port 5055 
2025-05-10T17:19:00.017Z [debug][Jobs]: Starting scheduled job: Download Sync 
2025-05-10T17:20:00.045Z [debug][Jobs]: Starting scheduled job: Download Sync 
2025-05-10T17:20:00.214Z [info][Jobs]: Starting scheduled job: Plex Recently Added Scan 
2025-05-10T17:20:00.278Z [info][Plex Scan]: Scan starting {"sessionId":"0382da27-c13f-4cc1-9fb3-db4cd93713aa"}
2025-05-10T17:20:00.462Z [warn][Plex Scan]: No admin configured. Plex scan skipped. 
2025-05-10T17:21:00.070Z [debug][Jobs]: Starting scheduled job: Download Sync 
2025-05-10T17:21:00.107Z [info][Jobs]: Starting scheduled job: Plex Watchlist Sync 
2025-05-10T17:22:00.043Z [debug][Jobs]: Starting scheduled job: Download Sync 
2025-05-10T17:23:00.051Z [debug][Jobs]: Starting scheduled job: Download Sync 
2025-05-10T17:24:00.096Z [debug][Jobs]: Starting scheduled job: Download Sync 
2025-05-10T17:24:00.122Z [info][Jobs]: Starting scheduled job: Plex Watchlist Sync 
2025-05-10T17:25:00.060Z [debug][Jobs]: Starting scheduled job: Download Sync 
2025-05-10T17:25:00.119Z [info][Jobs]: Starting scheduled job: Plex Recently Added Scan 
2025-05-10T17:25:00.120Z [info][Plex Scan]: Scan starting {"sessionId":"801b148d-5f0a-483c-8c7b-d999ef9bc3de"}
2025-05-10T17:25:00.162Z [warn][Plex Scan]: No admin configured. Plex scan skipped. 
2025-05-10T17:26:00.064Z [debug][Jobs]: Starting scheduled job: Download Sync 
2025-05-10T17:28:46.729Z [info]: Commit Tag: v1.34.0 
2025-05-10T17:28:49.404Z [info]: Starting Overseerr version 1.34.0 
2025-05-10T17:28:59.262Z [info][Notifications]: Registered notification agents 
2025-05-10T17:28:59.311Z [info][Jobs]: Scheduled jobs loaded 
2025-05-10T17:29:01.011Z [info][Server]: Server ready on port 5055 
2025-05-10T17:29:01.056Z [debug][Jobs]: Starting scheduled job: Download Sync 
2025-05-10T17:30:00.022Z [debug][Jobs]: Starting scheduled job: Download Sync 
2025-05-10T17:30:00.064Z [info][Jobs]: Starting scheduled job: Plex Watchlist Sync 
2025-05-10T17:30:00.125Z [info][Jobs]: Starting scheduled job: Plex Recently Added Scan 
2025-05-10T17:30:00.135Z [info][Plex Scan]: Scan starting {"sessionId":"7bb050b8-51c4-4dd4-b656-5b4f68628cdc"}
2025-05-10T17:30:00.182Z [warn][Plex Scan]: No admin configured. Plex scan skipped. 
2025-05-10T17:31:00.055Z [debug][Jobs]: Starting scheduled job: Download Sync 
2025-05-10T17:32:00.015Z [debug][Jobs]: Starting scheduled job: Download Sync 
2025-05-10T17:33:00.012Z [debug][Jobs]: Starting scheduled job: Download Sync 
2025-05-10T17:33:00.021Z [info][Jobs]: Starting scheduled job: Plex Watchlist Sync 
2025-05-10T17:34:00.033Z [debug][Jobs]: Starting scheduled job: Download Sync 
2025-05-10T17:35:00.018Z [debug][Jobs]: Starting scheduled job: Download Sync 
2025-05-10T17:35:00.028Z [info][Jobs]: Starting scheduled job: Plex Recently Added Scan 
2025-05-10T17:35:00.031Z [info][Plex Scan]: Scan starting {"sessionId":"5cc72713-c846-4ab8-b017-47f0dfb4f009"}
2025-05-10T17:35:00.066Z [warn][Plex Scan]: No admin configured. Plex scan skipped. 
2025-05-10T17:36:00.014Z [debug][Jobs]: Starting scheduled job: Download Sync 
2025-05-10T17:36:00.019Z [info][Jobs]: Starting scheduled job: Plex Watchlist Sync 
2025-05-10T17:37:00.015Z [debug][Jobs]: Starting scheduled job: Download Sync 
2025-05-10T17:38:00.021Z [debug][Jobs]: Starting scheduled job: Download Sync 
2025-05-10T17:39:00.015Z [debug][Jobs]: Starting scheduled job: Download Sync 
2025-05-10T17:39:00.017Z [info][Jobs]: Starting scheduled job: Plex Watchlist Sync 
2025-05-10T17:40:00.014Z [debug][Jobs]: Starting scheduled job: Download Sync 
2025-05-10T17:40:00.020Z [info][Jobs]: Starting scheduled job: Plex Recently Added Scan 
2025-05-10T17:40:00.021Z [info][Plex Scan]: Scan starting {"sessionId":"0a7e4ee9-337a-408f-8d96-5c4ea72fc765"}
2025-05-10T17:40:00.031Z [warn][Plex Scan]: No admin configured. Plex scan skipped. 
2025-05-10T17:41:00.014Z [debug][Jobs]: Starting scheduled job: Download Sync 
2025-05-10T17:42:00.014Z [debug][Jobs]: Starting scheduled job: Download Sync 
2025-05-10T17:42:00.016Z [info][Jobs]: Starting scheduled job: Plex Watchlist Sync 
2025-05-10T17:43:00.035Z [debug][Jobs]: Starting scheduled job: Download Sync 
2025-05-10T17:44:00.010Z [debug][Jobs]: Starting scheduled job: Download Sync 
2025-05-10T17:45:00.014Z [debug][Jobs]: Starting scheduled job: Download Sync 
2025-05-10T17:45:00.015Z [info][Jobs]: Starting scheduled job: Plex Watchlist Sync 
2025-05-10T17:45:00.021Z [info][Jobs]: Starting scheduled job: Plex Recently Added Scan 
2025-05-10T17:45:00.021Z [info][Plex Scan]: Scan starting {"sessionId":"29644336-f12d-455a-af64-5356576e349f"}
2025-05-10T17:45:00.023Z [warn][Plex Scan]: No admin configured. Plex scan skipped. 
2025-05-10T17:46:00.052Z [debug][Jobs]: Starting scheduled job: Download Sync 
2025-05-10T17:47:00.016Z [debug][Jobs]: Starting scheduled job: Download Sync 
2025-05-10T17:48:00.014Z [debug][Jobs]: Starting scheduled job: Download Sync 
2025-05-10T17:48:00.018Z [info][Jobs]: Starting scheduled job: Plex Watchlist Sync 
2025-05-10T17:49:00.014Z [debug][Jobs]: Starting scheduled job: Download Sync 
2025-05-10T17:50:00.020Z [debug][Jobs]: Starting scheduled job: Download Sync 
2025-05-10T17:50:00.022Z [info][Jobs]: Starting scheduled job: Plex Recently Added Scan 
2025-05-10T17:50:00.022Z [info][Plex Scan]: Scan starting {"sessionId":"0efcaeff-333a-46e8-9a8e-7bcd95cc9fd6"}
2025-05-10T17:50:00.042Z [warn][Plex Scan]: No admin configured. Plex scan skipped. 
2025-05-10T17:51:00.013Z [debug][Jobs]: Starting scheduled job: Download Sync 
2025-05-10T17:51:00.016Z [info][Jobs]: Starting scheduled job: Plex Watchlist Sync 
2025-05-10T17:52:00.014Z [debug][Jobs]: Starting scheduled job: Download Sync 
2025-05-10T17:53:00.013Z [debug][Jobs]: Starting scheduled job: Download Sync 
2025-05-10T17:54:00.014Z [debug][Jobs]: Starting scheduled job: Download Sync 
2025-05-10T17:54:00.016Z [info][Jobs]: Starting scheduled job: Plex Watchlist Sync 
2025-05-10T17:55:00.014Z [debug][Jobs]: Starting scheduled job: Download Sync 
2025-05-10T17:55:00.017Z [info][Jobs]: Starting scheduled job: Plex Recently Added Scan 
2025-05-10T17:55:00.017Z [info][Plex Scan]: Scan starting {"sessionId":"e27e0d57-3d6b-4902-9158-c305505c8575"}
2025-05-10T17:55:00.019Z [warn][Plex Scan]: No admin configured. Plex scan skipped. 
2025-05-10T17:56:00.013Z [debug][Jobs]: Starting scheduled job: Download Sync 
2025-05-10T17:57:00.013Z [debug][Jobs]: Starting scheduled job: Download Sync 
2025-05-10T17:57:00.022Z [info][Jobs]: Starting scheduled job: Plex Watchlist Sync 
2025-05-10T17:58:00.013Z [debug][Jobs]: Starting scheduled job: Download Sync 
2025-05-10T17:59:00.024Z [debug][Jobs]: Starting scheduled job: Download Sync 
2025-05-10T18:00:00.020Z [debug][Jobs]: Starting scheduled job: Download Sync 
2025-05-10T18:00:00.033Z [info][Jobs]: Starting scheduled job: Plex Watchlist Sync 
2025-05-10T18:00:00.063Z [info][Jobs]: Starting scheduled job: Plex Recently Added Scan 
2025-05-10T18:00:00.064Z [info][Plex Scan]: Scan starting {"sessionId":"61b2f7be-1133-45df-b006-4487090a9399"}
2025-05-10T18:00:00.076Z [warn][Plex Scan]: No admin configured. Plex scan skipped. 
2025-05-10T18:01:00.013Z [debug][Jobs]: Starting scheduled job: Download Sync 
2025-05-10T18:02:00.014Z [debug][Jobs]: Starting scheduled job: Download Sync 
2025-05-10T18:03:00.014Z [debug][Jobs]: Starting scheduled job: Download Sync 
2025-05-10T18:03:00.019Z [info][Jobs]: Starting scheduled job: Plex Watchlist Sync 
2025-05-10T18:04:00.014Z [debug][Jobs]: Starting scheduled job: Download Sync 
2025-05-10T18:05:00.013Z [debug][Jobs]: Starting scheduled job: Download Sync 
2025-05-10T18:05:00.016Z [info][Jobs]: Starting scheduled job: Plex Recently Added Scan 
2025-05-10T18:05:00.016Z [info][Plex Scan]: Scan starting {"sessionId":"802d47b4-385c-4d08-87c3-8a3e8b253a5f"}
2025-05-10T18:05:00.025Z [warn][Plex Scan]: No admin configured. Plex scan skipped. 
2025-05-10T18:06:00.010Z [debug][Jobs]: Starting scheduled job: Download Sync 
2025-05-10T18:06:00.011Z [info][Jobs]: Starting scheduled job: Plex Watchlist Sync 
2025-05-10T18:07:00.010Z [debug][Jobs]: Starting scheduled job: Download Sync 
2025-05-10T18:08:00.014Z [debug][Jobs]: Starting scheduled job: Download Sync 
2025-05-10T18:09:00.015Z [debug][Jobs]: Starting scheduled job: Download Sync 
2025-05-10T18:09:00.016Z [info][Jobs]: Starting scheduled job: Plex Watchlist Sync 
2025-05-10T18:10:00.013Z [debug][Jobs]: Starting scheduled job: Download Sync 
2025-05-10T18:10:00.015Z [info][Jobs]: Starting scheduled job: Plex Recently Added Scan 
2025-05-10T18:10:00.016Z [info][Plex Scan]: Scan starting {"sessionId":"29a1538e-97b8-414c-9541-fb3b501ae052"}
2025-05-10T18:10:00.022Z [warn][Plex Scan]: No admin configured. Plex scan skipped. 
2025-05-10T18:11:00.013Z [debug][Jobs]: Starting scheduled job: Download Sync 
2025-05-10T18:12:00.013Z [debug][Jobs]: Starting scheduled job: Download Sync 
2025-05-10T18:12:00.015Z [info][Jobs]: Starting scheduled job: Plex Watchlist Sync 
2025-05-10T18:13:00.013Z [debug][Jobs]: Starting scheduled job: Download Sync 
2025-05-10T18:14:00.016Z [debug][Jobs]: Starting scheduled job: Download Sync 
2025-05-10T18:15:00.015Z [debug][Jobs]: Starting scheduled job: Download Sync 
2025-05-10T18:15:00.016Z [info][Jobs]: Starting scheduled job: Plex Watchlist Sync 
2025-05-10T18:15:00.040Z [info][Jobs]: Starting scheduled job: Plex Recently Added Scan 
2025-05-10T18:15:00.040Z [info][Plex Scan]: Scan starting {"sessionId":"d93e32e5-e9c2-4094-af68-7da67efe1e64"}
2025-05-10T18:15:00.051Z [warn][Plex Scan]: No admin configured. Plex scan skipped. 
2025-05-10T18:16:00.014Z [debug][Jobs]: Starting scheduled job: Download Sync 
2025-05-10T18:17:00.013Z [debug][Jobs]: Starting scheduled job: Download Sync 
2025-05-10T18:18:00.014Z [debug][Jobs]: Starting scheduled job: Download Sync 
2025-05-10T18:18:00.015Z [info][Jobs]: Starting scheduled job: Plex Watchlist Sync 
2025-05-10T18:19:00.013Z [debug][Jobs]: Starting scheduled job: Download Sync 
2025-05-10T18:20:00.013Z [debug][Jobs]: Starting scheduled job: Download Sync 
2025-05-10T18:20:00.021Z [info][Jobs]: Starting scheduled job: Plex Recently Added Scan 
2025-05-10T18:20:00.022Z [info][Plex Scan]: Scan starting {"sessionId":"626f0b6e-b9d4-451a-9be5-7c6ee448274a"}
2025-05-10T18:20:00.023Z [warn][Plex Scan]: No admin configured. Plex scan skipped. 
2025-05-10T18:21:00.023Z [debug][Jobs]: Starting scheduled job: Download Sync 
2025-05-10T18:21:00.029Z [info][Jobs]: Starting scheduled job: Plex Watchlist Sync 
2025-05-10T18:22:00.017Z [debug][Jobs]: Starting scheduled job: Download Sync 
